Unity Editor version:    2020.3.22f1 (e1a7f79fd887)
Branch:                  2020.3/staging
Build type:              Release
Batch mode:              YES
macOS version:           Version 12.4 (Build 21F79)
Darwin version:          21.5.0
Architecture:            x86_64
Running under Rosetta:   NO
Available memory:        8192 MB
Using pre-set license
Pro License: NO

COMMAND LINE ARGUMENTS:
/Applications/Unity/Hub/Editor/2020.3.22f1/Unity.app/Contents/MacOS/Unity
-adb2
-batchMode
-noUpm
-name
AssetImportWorker0
-projectPath
/Users/artemijgerzina/Documents/GitHub/Tutorioals/Hologram/Hologram
-logFile
Logs/AssetImportWorker0.log
-srvPort
53742
Successfully changed project path to: /Users/artemijgerzina/Documents/GitHub/Tutorioals/Hologram/Hologram
/Users/artemijgerzina/Documents/GitHub/Tutorioals/Hologram/Hologram
Using Asset Import Pipeline V2.
Refreshing native plugins compatible for Editor in 187.89 ms, found 4 plugins.
Preloading 0 native plugins for Editor in 0.00 ms.
Initialize engine version: 2020.3.22f1 (e1a7f79fd887)
[Subsystems] Discovering subsystems at path /Applications/Unity/Hub/Editor/2020.3.22f1/Unity.app/Contents/Resources/UnitySubsystems
[Subsystems] Discovering subsystems at path /Users/artemijgerzina/Documents/GitHub/Tutorioals/Hologram/Hologram/Assets
GfxDevice: creating device client; threaded=0
2022-08-18 20:41:02.914 Unity[21766:829560] iMac preferred device: AMD Radeon Pro 5300 (high power)
2022-08-18 20:41:02.914 Unity[21766:829560] Metal devices available: 1
2022-08-18 20:41:02.914 Unity[21766:829560] 0: AMD Radeon Pro 5300 (high power)
2022-08-18 20:41:02.914 Unity[21766:829560] Using device AMD Radeon Pro 5300 (high power)
Initializing Metal device caps: AMD Radeon Pro 5300
Initialize mono
Mono path[0] = '/Applications/Unity/Hub/Editor/2020.3.22f1/Unity.app/Contents/Managed'
Mono path[1] = '/Applications/Unity/Hub/Editor/2020.3.22f1/Unity.app/Contents/MonoBleedingEdge/lib/mono/unityjit'
Mono config path = '/Applications/Unity/Hub/Editor/2020.3.22f1/Unity.app/Contents/MonoBleedingEdge/etc'
Using monoOptions --debugger-agent=transport=dt_socket,embedding=1,server=y,suspend=n,address=127.0.0.1:56766
Begin MonoManager ReloadAssembly
Registering precompiled unity dll's ...
Register platform support module: /Applications/Unity/Hub/Editor/2020.3.22f1/Unity.app/Contents/PlaybackEngines/MacStandaloneSupport/UnityEditor.OSXStandalone.Extensions.dll
Registered in 0.002173 seconds.
Native extension for OSXStandalone target not found
Refreshing native plugins compatible for Editor in 54.96 ms, found 4 plugins.
Preloading 0 native plugins for Editor in 0.00 ms.
Mono: successfully reloaded assembly
- Completed reload, in  5.480 seconds
Domain Reload Profiling:
	ReloadAssembly (5480ms)
		BeginReloadAssembly (37ms)
			ExecutionOrderSort (0ms)
			DisableScriptedObjects (0ms)
			BackupInstance (0ms)
			ReleaseScriptingObjects (0ms)
			CreateAndSetChildDomain (1ms)
		EndReloadAssembly (444ms)
			LoadAssemblies (37ms)
			RebuildTransferFunctionScriptingTraits (0ms)
			SetupTypeCache (153ms)
			ReleaseScriptCaches (0ms)
			RebuildScriptCaches (30ms)
			SetupLoadedEditorAssemblies (186ms)
				LogAssemblyErrors (0ms)
				InitializePlatformSupportModulesInManaged (3ms)
				SetLoadedEditorAssemblies (0ms)
				RefreshPlugins (55ms)
				BeforeProcessingInitializeOnLoad (21ms)
				ProcessInitializeOnLoadAttributes (82ms)
				ProcessInitializeOnLoadMethodAttributes (24ms)
				AfterProcessingInitializeOnLoad (0ms)
				EditorAssembliesLoaded (0ms)
			ExecutionOrderSort2 (0ms)
			AwakeInstancesAfterBackupRestoration (0ms)
Platform modules already initialized, skipping
Registering precompiled user dll's ...
Registered in 0.012874 seconds.
Begin MonoManager ReloadAssembly
Native extension for OSXStandalone target not found
Refreshing native plugins compatible for Editor in 62.78 ms, found 4 plugins.
Preloading 0 native plugins for Editor in 0.00 ms.
Mono: successfully reloaded assembly
- Completed reload, in  1.087 seconds
Domain Reload Profiling:
	ReloadAssembly (1089ms)
		BeginReloadAssembly (125ms)
			ExecutionOrderSort (0ms)
			DisableScriptedObjects (4ms)
			BackupInstance (0ms)
			ReleaseScriptingObjects (0ms)
			CreateAndSetChildDomain (21ms)
		EndReloadAssembly (911ms)
			LoadAssemblies (100ms)
			RebuildTransferFunctionScriptingTraits (0ms)
			SetupTypeCache (318ms)
			ReleaseScriptCaches (0ms)
			RebuildScriptCaches (50ms)
			SetupLoadedEditorAssemblies (335ms)
				LogAssemblyErrors (0ms)
				InitializePlatformSupportModulesInManaged (3ms)
				SetLoadedEditorAssemblies (0ms)
				RefreshPlugins (63ms)
				BeforeProcessingInitializeOnLoad (72ms)
				ProcessInitializeOnLoadAttributes (187ms)
				ProcessInitializeOnLoadMethodAttributes (9ms)
				AfterProcessingInitializeOnLoad (1ms)
				EditorAssembliesLoaded (0ms)
			ExecutionOrderSort2 (0ms)
			AwakeInstancesAfterBackupRestoration (6ms)
Platform modules already initialized, skipping
Validating Project structure ... 0.033467 seconds.
Shader import version has changed; will reimport all shaders...
Upgrading shader files ...0.035844 seconds.
Application.AssetDatabase Initial Script Refresh Start
RefreshInfo: InitialScriptRefreshV2(NoUpdateAssetOptions) scanfilter:  ... 1 filters
RefreshProfiler: Total: 0.000ms
Application.AssetDatabase Initial Script Refresh End
Application.AssetDatabase.Refresh Start
Application.AssetDatabase.Refresh End
RefreshInfo: StopAssetImportingV2(ForceSynchronousImport) scanfilter: 
RefreshProfiler: Total: 0.000ms
Launching external process: /Applications/Unity/Hub/Editor/2020.3.22f1/Unity.app/Contents/Tools/UnityShaderCompiler
Launched and connected shader compiler UnityShaderCompiler after 0.06 seconds
Initializing Unity extensions:
[C# Project] Writing /Users/artemijgerzina/Documents/GitHub/Tutorioals/Hologram/Hologram/Hologram.sln because it has changed
[C# Project] First difference on line 4

[C# Project] Current /Users/artemijgerzina/Documents/GitHub/Tutorioals/Hologram/Hologram/Hologram.sln:
[C# Project]   004: Project("{FAE04EC0-301F-11D3-BF4B-00C04F79EFBC}") = "Assembly-CSharp", "Assembly-CSharp.csproj", "{71D1D0F6-2615-A9E0-72DD-27D4172DD082}"
[C# Project]   005: EndProject
[C# Project]   006: Project("{FAE04EC0-301F-11D3-BF4B-00C04F79EFBC}") = "Assembly-CSharp-Editor", "Assembly-CSharp-Editor.csproj", "{E1CD232D-944A-1A74-2416-1544D1B77406}"
[C# Project]   007: EndProject
[C# Project]   008: Global

[C# Project] New /Users/artemijgerzina/Documents/GitHub/Tutorioals/Hologram/Hologram/Hologram.sln:
[C# Project]   004: Project("{FAE04EC0-301F-11D3-BF4B-00C04F79EFBC}") = "UnityEngine.UI", "UnityEngine.UI.csproj", "{C75FFAD7-8AFE-7BE8-B29A-C02A1B33703C}"
[C# Project]   005: EndProject
[C# Project]   006: Project("{FAE04EC0-301F-11D3-BF4B-00C04F79EFBC}") = "Unity.RenderPipelines.Core.Runtime", "Unity.RenderPipelines.Core.Runtime.csproj", "{FF4A7E76-928F-39B4-231B-3D0485193FFB}"
[C# Project]   007: EndProject
[C# Project]   008: Project("{FAE04EC0-301F-11D3-BF4B-00C04F79EFBC}") = "UnityEngine.TestRunner", "UnityEngine.TestRunner.csproj", "{417BE349-C43E-7059-219D-5D0A09D237DF}"
[C# Project] Writing /Users/artemijgerzina/Documents/GitHub/Tutorioals/Hologram/Hologram/UnityEngine.UI.csproj because it has changed
[C# Project] First difference on line 54

[C# Project] Current /Users/artemijgerzina/Documents/GitHub/Tutorioals/Hologram/Hologram/UnityEngine.UI.csproj:
[C# Project]   054:      <Compile Include="Packages\com.unity.ugui\Runtime\UI\Core\Layout\LayoutElement.cs" />
[C# Project]   055:      <Compile Include="Packages\com.unity.ugui\Runtime\UI\Core\IGraphicEnabledDisabled.cs" />
[C# Project]   056:      <Compile Include="Packages\com.unity.ugui\Runtime\UI\Core\Selectable.cs" />
[C# Project]   057:      <Compile Include="Packages\com.unity.ugui\Runtime\UI\Core\Slider.cs" />
[C# Project]   058:      <Compile Include="Packages\com.unity.ugui\Runtime\UI\Core\Layout\HorizontalLayoutGroup.cs" />

[C# Project] New /Users/artemijgerzina/Documents/GitHub/Tutorioals/Hologram/Hologram/UnityEngine.UI.csproj:
[C# Project]   054:      <Compile Include="Packages\com.unity.ugui\Runtime\EventSystem\InputModules\StandaloneInputModule.cs" />
[C# Project]   055:      <Compile Include="Packages\com.unity.ugui\Runtime\UI\Core\Layout\LayoutElement.cs" />
[C# Project]   056:      <Compile Include="Packages\com.unity.ugui\Runtime\UI\Core\Selectable.cs" />
[C# Project]   057:      <Compile Include="Packages\com.unity.ugui\Runtime\UI\Core\VertexModifiers\Shadow.cs" />
[C# Project]   058:      <Compile Include="Packages\com.unity.ugui\Runtime\UI\Core\Utility\VertexHelper.cs" />
[C# Project] Writing /Users/artemijgerzina/Documents/GitHub/Tutorioals/Hologram/Hologram/Unity.RenderPipelines.Core.Runtime.csproj because it has changed
[C# Project] First difference on line 51

[C# Project] Current /Users/artemijgerzina/Documents/GitHub/Tutorioals/Hologram/Hologram/Unity.RenderPipelines.Core.Runtime.csproj:
[C# Project]   051:      <Compile Include="Packages\com.unity.render-pipelines.core\Runtime\Volume\VolumeProfile.cs" />
[C# Project]   052:      <Compile Include="Packages\com.unity.render-pipelines.core\Runtime\Textures\RTHandle.cs" />
[C# Project]   053:      <Compile Include="Packages\com.unity.render-pipelines.core\Runtime\Camera\FreeCamera.cs" />
[C# Project]   054:      <Compile Include="Packages\com.unity.render-pipelines.core\Runtime\RenderGraph\RenderGraphPass.cs" />
[C# Project]   055:      <Compile Include="Packages\com.unity.render-pipelines.core\Runtime\Common\XRGraphics.cs" />

[C# Project] New /Users/artemijgerzina/Documents/GitHub/Tutorioals/Hologram/Hologram/Unity.RenderPipelines.Core.Runtime.csproj:
[C# Project]   051:      <Compile Include="Packages\com.unity.render-pipelines.core\Runtime\Textures\RTHandle.cs" />
[C# Project]   052:      <Compile Include="Packages\com.unity.render-pipelines.core\Runtime\Camera\FreeCamera.cs" />
[C# Project]   053:      <Compile Include="Packages\com.unity.render-pipelines.core\Runtime\RenderGraph\RenderGraphPass.cs" />
[C# Project]   054:      <Compile Include="Packages\com.unity.render-pipelines.core\Runtime\Debugging\DebugUI.Panel.cs" />
[C# Project]   055:      <Compile Include="Packages\com.unity.render-pipelines.core\Runtime\Common\CoreAttributes.cs" />
[C# Project] Writing /Users/artemijgerzina/Documents/GitHub/Tutorioals/Hologram/Hologram/UnityEngine.TestRunner.csproj because it has changed
[C# Project] First difference on line 52

[C# Project] Current /Users/artemijgerzina/Documents/GitHub/Tutorioals/Hologram/Hologram/UnityEngine.TestRunner.csproj:
[C# Project]   052:      <Compile Include="Packages\com.unity.test-framework\UnityEngine.TestRunner\Utils\QuaternionEqualityComparer.cs" />
[C# Project]   053:      <Compile Include="Packages\com.unity.test-framework\UnityEngine.TestRunner\Utils\AssemblyProvider\IScriptingRuntimeProxy.cs" />
[C# Project]   054:      <Compile Include="Packages\com.unity.test-framework\UnityEngine.TestRunner\NUnitExtensions\Runner\UnityTestAssemblyRunner.cs" />
[C# Project]   055:      <Compile Include="Packages\com.unity.test-framework\UnityEngine.TestRunner\NUnitExtensions\Runner\UnityTestExecutionContext.cs" />
[C# Project]   056:      <Compile Include="Packages\com.unity.test-framework\UnityEngine.TestRunner\NUnitExtensions\Runner\FailCommand.cs" />

[C# Project] New /Users/artemijgerzina/Documents/GitHub/Tutorioals/Hologram/Hologram/UnityEngine.TestRunner.csproj:
[C# Project]   052:      <Compile Include="Packages\com.unity.test-framework\UnityEngine.TestRunner\Utils\AssemblyProvider\IScriptingRuntimeProxy.cs" />
[C# Project]   053:      <Compile Include="Packages\com.unity.test-framework\UnityEngine.TestRunner\NUnitExtensions\Runner\UnityTestExecutionContext.cs" />
[C# Project]   054:      <Compile Include="Packages\com.unity.test-framework\UnityEngine.TestRunner\TestRunner\RemoteHelpers\RemoteTestResultData.cs" />
[C# Project]   055:      <Compile Include="Packages\com.unity.test-framework\UnityEngine.TestRunner\Utils\Vector4ComparerWithEqualsOperator.cs" />
[C# Project]   056:      <Compile Include="Packages\com.unity.test-framework\UnityEngine.TestRunner\TestRunner\PlaymodeTestsControllerSettings.cs" />
[C# Project] Writing /Users/artemijgerzina/Documents/GitHub/Tutorioals/Hologram/Hologram/Unity.Mathematics.csproj because it has changed
[C# Project] First difference on line 51

[C# Project] Current /Users/artemijgerzina/Documents/GitHub/Tutorioals/Hologram/Hologram/Unity.Mathematics.csproj:
[C# Project]   051:      <Compile Include="Packages\com.unity.mathematics\Unity.Mathematics\Noise\cellular2x2.cs" />
[C# Project]   052:      <Compile Include="Packages\com.unity.mathematics\Unity.Mathematics\int2.gen.cs" />
[C# Project]   053:      <Compile Include="Packages\com.unity.mathematics\Unity.Mathematics\half3.gen.cs" />
[C# Project]   054:      <Compile Include="Packages\com.unity.mathematics\Unity.Mathematics\double2x2.gen.cs" />
[C# Project]   055:      <Compile Include="Packages\com.unity.mathematics\Unity.Mathematics\bool2.gen.cs" />

[C# Project] New /Users/artemijgerzina/Documents/GitHub/Tutorioals/Hologram/Hologram/Unity.Mathematics.csproj:
[C# Project]   051:      <Compile Include="Packages\com.unity.mathematics\Unity.Mathematics\int2.gen.cs" />
[C# Project]   052:      <Compile Include="Packages\com.unity.mathematics\Unity.Mathematics\half3.gen.cs" />
[C# Project]   053:      <Compile Include="Packages\com.unity.mathematics\Unity.Mathematics\bool2.gen.cs" />
[C# Project]   054:      <Compile Include="Packages\com.unity.mathematics\Unity.Mathematics\float4x4.gen.cs" />
[C# Project]   055:      <Compile Include="Packages\com.unity.mathematics\Unity.Mathematics\int3.gen.cs" />
[C# Project] Writing /Users/artemijgerzina/Documents/GitHub/Tutorioals/Hologram/Hologram/Assembly-CSharp.csproj because it has changed
[C# Project] First difference on line 27

[C# Project] Current /Users/artemijgerzina/Documents/GitHub/Tutorioals/Hologram/Hologram/Assembly-CSharp.csproj:
[C# Project]   027:     <DefineConstants>DEBUG;TRACE;UNITY_2020_3_22;UNITY_2020_3;UNITY_2020;UNITY_5_3_OR_NEWER;UNITY_5_4_OR_NEWER;UNITY_5_5_OR_NEWER;UNITY_5_6_OR_NEWER;UNITY_2017_1_OR_NEWER;UNITY_2017_2_OR_NEWER;UNITY_2017_3_OR_NEWER;UNITY_2017_4_OR_NEWER;UNITY_2018_1_OR_NEWER;UNITY_2018_2_OR_NEWER;UNITY_2018_3_OR_NEWER;UNITY_2018_4_OR_NEWER;UNITY_2019_1_OR_NEWER;UNITY_2019_2_OR_NEWER;UNITY_2019_3_OR_NEWER;UNITY_2019_4_OR_NEWER;UNITY_2020_1_OR_NEWER;UNITY_2020_2_OR_NEWER;UNITY_2020_3_OR_NEWER;UNITY_INCLUDE_TESTS;USE_SEARCH_ENGINE_API;SCENE_TEMPLATE_MODULE;ENABLE_AR;ENABLE_AUDIO;ENABLE_CACHING;ENABLE_CLOTH;ENABLE_EVENT_QUEUE;ENABLE_MICROPHONE;ENABLE_MULTIPLE_DISPLAYS;ENABLE_PHYSICS;ENABLE_TEXTURE_STREAMING;ENABLE_UNET;ENABLE_LZMA;ENABLE_UNITYEVENTS;ENABLE_VR;ENABLE_WEBCAM;ENABLE_UNITYWEBREQUEST;ENABLE_WWW;ENABLE_CLOUD_SERVICES;ENABLE_CLOUD_SERVICES_COLLAB;ENABLE_CLOUD_SERVICES_COLLAB_SOFTLOCKS;ENABLE_CLOUD_SERVICES_ADS;ENABLE_CLOUD_SERVICES_USE_WEBREQUEST;ENABLE_CLOUD_SERVICES_CRASH_REPORTING;ENABLE_CLOUD_SERVICES_NATIVE_CRASH_REPORTING;ENABLE_CLOUD_SERVICES_PURCHASING;ENABLE_CLOUD_SERVICES_ANALYTICS;ENABLE_CLOUD_SERVICES_UNET;ENABLE_CLOUD_SERVICES_BUILD;ENABLE_CLOUD_LICENSE;ENABLE_EDITOR_HUB_LICENSE;ENABLE_WEBSOCKET_CLIENT;ENABLE_DIRECTOR_AUDIO;ENABLE_DIRECTOR_TEXTURE;ENABLE_MANAGED_JOBS;ENABLE_MANAGED_TRANSFORM_JOBS;ENABLE_MANAGED_ANIMATION_JOBS;ENABLE_MANAGED_AUDIO_JOBS;ENABLE_RUNTIME_PERMISSIONS;ENABLE_ENGINE_CODE_STRIPPING;ENABLE_ONSCREEN_KEYBOARD;INCLUDE_DYNAMIC_GI;ENABLE_MONO_BDWGC;ENABLE_SCRIPTING_GC_WBARRIERS;PLATFORM_SUPPORTS_MONO;ENABLE_VIDEO;PLATFORM_ANDROID;UNITY_ANDROID;UNITY_ANDROID_API;ENABLE_EGL;ENABLE_NETWORK;ENABLE_RUNTIME_GI;ENABLE_CRUNCH_TEXTURE_COMPRESSION;UNITY_CAN_SHOW_SPLASH_SCREEN;UNITY_HAS_GOOGLEVR;UNITY_HAS_TANGO;ENABLE_SPATIALTRACKING;PLATFORM_EXTENDS_VULKAN_DEVICE;PLATFORM_HAS_MULTIPLE_SWAPCHAINS;UNITY_ANDROID_SUPPORTS_SHADOWFILES;ENABLE_UNITYADS_RUNTIME;UNITY_UNITYADS_API;ENABLE_MONO;NET_STANDARD_2_0;ENABLE_PROFILER;UNITY_ASSERTIONS;UNITY_EDITOR;UNITY_EDITOR_64;UNITY_EDITOR_OSX;ENABLE_UNITY_COLLECTIONS_CHECKS;ENABLE_BURST_AOT;UNITY_TEAM_LICENSE;ENABLE_CUSTOM_RENDER_TEXTURE;ENABLE_DIRECTOR;ENABLE_LOCALIZATION;ENABLE_SPRITES;ENABLE_TERRAIN;ENABLE_TILEMAP;ENABLE_TIMELINE;ENABLE_LEGACY_INPUT_MANAGER;CSHARP_7_OR_LATER;CSHARP_7_3_OR_NEWER</DefineConstants>
[C# Project]   028:     <ErrorReport>prompt</ErrorReport>
[C# Project]   029:     <WarningLevel>4</WarningLevel>
[C# Project]   030:     <NoWarn>0169</NoWarn>
[C# Project]   031:     <AllowUnsafeBlocks>False</AllowUnsafeBlocks>

[C# Project] New /Users/artemijgerzina/Documents/GitHub/Tutorioals/Hologram/Hologram/Assembly-CSharp.csproj:
[C# Project]   027:     <DefineConstants>DEBUG;TRACE;UNITY_2020_3_22;UNITY_2020_3;UNITY_2020;UNITY_5_3_OR_NEWER;UNITY_5_4_OR_NEWER;UNITY_5_5_OR_NEWER;UNITY_5_6_OR_NEWER;UNITY_2017_1_OR_NEWER;UNITY_2017_2_OR_NEWER;UNITY_2017_3_OR_NEWER;UNITY_2017_4_OR_NEWER;UNITY_2018_1_OR_NEWER;UNITY_2018_2_OR_NEWER;UNITY_2018_3_OR_NEWER;UNITY_2018_4_OR_NEWER;UNITY_2019_1_OR_NEWER;UNITY_2019_2_OR_NEWER;UNITY_2019_3_OR_NEWER;UNITY_2019_4_OR_NEWER;UNITY_2020_1_OR_NEWER;UNITY_2020_2_OR_NEWER;UNITY_2020_3_OR_NEWER;PLATFORM_ARCH_64;UNITY_64;UNITY_INCLUDE_TESTS;USE_SEARCH_ENGINE_API;SCENE_TEMPLATE_MODULE;ENABLE_AR;ENABLE_AUDIO;ENABLE_CACHING;ENABLE_CLOTH;ENABLE_MICROPHONE;ENABLE_MULTIPLE_DISPLAYS;ENABLE_PHYSICS;ENABLE_TEXTURE_STREAMING;ENABLE_VIRTUALTEXTURING;ENABLE_UNET;ENABLE_LZMA;ENABLE_UNITYEVENTS;ENABLE_VR;ENABLE_WEBCAM;ENABLE_UNITYWEBREQUEST;ENABLE_WWW;ENABLE_CLOUD_SERVICES;ENABLE_CLOUD_SERVICES_COLLAB;ENABLE_CLOUD_SERVICES_COLLAB_SOFTLOCKS;ENABLE_CLOUD_SERVICES_ADS;ENABLE_CLOUD_SERVICES_USE_WEBREQUEST;ENABLE_CLOUD_SERVICES_CRASH_REPORTING;ENABLE_CLOUD_SERVICES_NATIVE_CRASH_REPORTING;ENABLE_CLOUD_SERVICES_PURCHASING;ENABLE_CLOUD_SERVICES_ANALYTICS;ENABLE_CLOUD_SERVICES_UNET;ENABLE_CLOUD_SERVICES_BUILD;ENABLE_CLOUD_LICENSE;ENABLE_EDITOR_HUB_LICENSE;ENABLE_WEBSOCKET_CLIENT;ENABLE_DIRECTOR_AUDIO;ENABLE_DIRECTOR_TEXTURE;ENABLE_MANAGED_JOBS;ENABLE_MANAGED_TRANSFORM_JOBS;ENABLE_MANAGED_ANIMATION_JOBS;ENABLE_MANAGED_AUDIO_JOBS;INCLUDE_DYNAMIC_GI;ENABLE_MONO_BDWGC;ENABLE_SCRIPTING_GC_WBARRIERS;PLATFORM_SUPPORTS_MONO;RENDER_SOFTWARE_CURSOR;ENABLE_VIDEO;PLATFORM_STANDALONE;PLATFORM_STANDALONE_OSX;UNITY_STANDALONE_OSX;UNITY_STANDALONE;ENABLE_GAMECENTER;ENABLE_RUNTIME_GI;ENABLE_MOVIES;ENABLE_NETWORK;ENABLE_CRUNCH_TEXTURE_COMPRESSION;ENABLE_CLUSTER_SYNC;ENABLE_CLUSTERINPUT;ENABLE_SPATIALTRACKING;PLATFORM_UPDATES_TIME_OUTSIDE_OF_PLAYER_LOOP;ENABLE_WEBSOCKET_HOST;ENABLE_MONO;NET_4_6;ENABLE_PROFILER;UNITY_ASSERTIONS;UNITY_EDITOR;UNITY_EDITOR_64;UNITY_EDITOR_OSX;ENABLE_UNITY_COLLECTIONS_CHECKS;ENABLE_BURST_AOT;UNITY_TEAM_LICENSE;ENABLE_CUSTOM_RENDER_TEXTURE;ENABLE_DIRECTOR;ENABLE_LOCALIZATION;ENABLE_SPRITES;ENABLE_TERRAIN;ENABLE_TILEMAP;ENABLE_TIMELINE;ENABLE_LEGACY_INPUT_MANAGER;CSHARP_7_OR_LATER;CSHARP_7_3_OR_NEWER</DefineConstants>
[C# Project]   028:     <ErrorReport>prompt</ErrorReport>
[C# Project]   029:     <WarningLevel>4</WarningLevel>
[C# Project]   030:     <NoWarn>0169</NoWarn>
[C# Project]   031:     <AllowUnsafeBlocks>False</AllowUnsafeBlocks>
[C# Project] Writing /Users/artemijgerzina/Documents/GitHub/Tutorioals/Hologram/Hologram/UnityEngine.UI.Tests.csproj because it has changed
[C# Project] First difference on line 53

[C# Project] Current /Users/artemijgerzina/Documents/GitHub/Tutorioals/Hologram/Hologram/UnityEngine.UI.Tests.csproj:
[C# Project]   053:      <Compile Include="Packages\com.unity.ugui\Tests\Runtime\Util\UIBehaviourExtensions.cs" />
[C# Project]   054:      <Compile Include="Packages\com.unity.ugui\Tests\Runtime\EventSystem\SelectableTests.cs" />
[C# Project]   055:      <Compile Include="Packages\com.unity.ugui\Tests\Runtime\ScrollRect\ScrollRectTests.cs" />
[C# Project]   056:      <Compile Include="Packages\com.unity.ugui\Tests\Runtime\Util\ImageHook.cs" />
[C# Project]   057:      <Compile Include="Packages\com.unity.ugui\Tests\Runtime\EventSystem\InputModuleTests.cs" />

[C# Project] New /Users/artemijgerzina/Documents/GitHub/Tutorioals/Hologram/Hologram/UnityEngine.UI.Tests.csproj:
[C# Project]   053:      <Compile Include="Packages\com.unity.ugui\Tests\Runtime\ScrollRect\ScrollRectTests.cs" />
[C# Project]   054:      <Compile Include="Packages\com.unity.ugui\Tests\Runtime\Util\ImageHook.cs" />
[C# Project]   055:      <Compile Include="Packages\com.unity.ugui\Tests\Runtime\InputField\GenericInputFieldTests.cs" />
[C# Project]   056:      <Compile Include="Packages\com.unity.ugui\Tests\Runtime\TextEditor\TextEditorTests.cs" />
[C# Project]   057:      <Compile Include="Packages\com.unity.ugui\Tests\Runtime\Canvas\RectMask2DWithNestedCanvasCullsUsingCorrectCanvasRect.cs" />
[C# Project] Writing /Users/artemijgerzina/Documents/GitHub/Tutorioals/Hologram/Hologram/Unity.RenderPipelines.Universal.Runtime.csproj because it has changed
[C# Project] First difference on line 52

[C# Project] Current /Users/artemijgerzina/Documents/GitHub/Tutorioals/Hologram/Hologram/Unity.RenderPipelines.Universal.Runtime.csproj:
[C# Project]   052:      <Compile Include="Packages\com.unity.render-pipelines.universal\Runtime\ScriptableRenderer.cs" />
[C# Project]   053:      <Compile Include="Packages\com.unity.render-pipelines.universal\Runtime\Overrides\Tonemapping.cs" />
[C# Project]   054:      <Compile Include="Packages\com.unity.render-pipelines.universal\Runtime\2D\Passes\Utility\Light2DLookupTexture.cs" />
[C# Project]   055:      <Compile Include="Packages\com.unity.render-pipelines.universal\Runtime\2D\Light2D.cs" />
[C# Project]   056:      <Compile Include="Packages\com.unity.render-pipelines.universal\Runtime\RendererFeatures\ScreenSpaceAmbientOcclusion.cs" />

[C# Project] New /Users/artemijgerzina/Documents/GitHub/Tutorioals/Hologram/Hologram/Unity.RenderPipelines.Universal.Runtime.csproj:
[C# Project]   052:      <Compile Include="Packages\com.unity.render-pipelines.universal\Runtime\Passes\DeferredPass.cs" />
[C# Project]   053:      <Compile Include="Packages\com.unity.render-pipelines.universal\Runtime\RendererFeatures\ScreenSpaceAmbientOcclusion.cs" />
[C# Project]   054:      <Compile Include="Packages\com.unity.render-pipelines.universal\Runtime\Overrides\DepthOfField.cs" />
[C# Project]   055:      <Compile Include="Packages\com.unity.render-pipelines.universal\Runtime\AssemblyInfo.cs" />
[C# Project]   056:      <Compile Include="Packages\com.unity.render-pipelines.universal\Runtime\2D\Shadows\CompositeShadowCaster2D.cs" />
[C# Project] Writing /Users/artemijgerzina/Documents/GitHub/Tutorioals/Hologram/Hologram/Unity.TextMeshPro.csproj because it has changed
[C# Project] First difference on line 50

[C# Project] Current /Users/artemijgerzina/Documents/GitHub/Tutorioals/Hologram/Hologram/Unity.TextMeshPro.csproj:
[C# Project]   050:      <Compile Include="Packages\com.unity.textmeshpro\Scripts\Runtime\TMP_InputField.cs" />
[C# Project]   051:      <Compile Include="Packages\com.unity.textmeshpro\Scripts\Runtime\TMP_TextProcessingStack.cs" />
[C# Project]   052:      <Compile Include="Packages\com.unity.textmeshpro\Scripts\Runtime\TMP_TextUtilities.cs" />
[C# Project]   053:      <Compile Include="Packages\com.unity.textmeshpro\Scripts\Runtime\TMP_SpriteGlyph.cs" />
[C# Project]   054:      <Compile Include="Packages\com.unity.textmeshpro\Scripts\Runtime\TMP_FontAsset.cs" />

[C# Project] New /Users/artemijgerzina/Documents/GitHub/Tutorioals/Hologram/Hologram/Unity.TextMeshPro.csproj:
[C# Project]   050:      <Compile Include="Packages\com.unity.textmeshpro\Scripts\Runtime\TMP_TextProcessingStack.cs" />
[C# Project]   051:      <Compile Include="Packages\com.unity.textmeshpro\Scripts\Runtime\TMP_TextUtilities.cs" />
[C# Project]   052:      <Compile Include="Packages\com.unity.textmeshpro\Scripts\Runtime\TMP_SpriteGlyph.cs" />
[C# Project]   053:      <Compile Include="Packages\com.unity.textmeshpro\Scripts\Runtime\ITextPreProcessor.cs" />
[C# Project]   054:      <Compile Include="Packages\com.unity.textmeshpro\Scripts\Runtime\TMPro_MeshUtilities.cs" />
[C# Project] Writing /Users/artemijgerzina/Documents/GitHub/Tutorioals/Hologram/Hologram/Unity.Timeline.csproj because it has changed
[C# Project] First difference on line 50

[C# Project] Current /Users/artemijgerzina/Documents/GitHub/Tutorioals/Hologram/Hologram/Unity.Timeline.csproj:
[C# Project]   050:      <Compile Include="Packages\com.unity.timeline\Runtime\Animation\AnimationPlayableAsset.cs" />
[C# Project]   051:      <Compile Include="Packages\com.unity.timeline\Runtime\Events\Signals\SignalAsset.cs" />
[C# Project]   052:      <Compile Include="Packages\com.unity.timeline\Runtime\Events\Signals\CustomSignalEventDrawer.cs" />
[C# Project]   053:      <Compile Include="Packages\com.unity.timeline\Runtime\Evaluation\RuntimeElement.cs" />
[C# Project]   054:      <Compile Include="Packages\com.unity.timeline\Runtime\Animation\AnimationPreviewUpdateCallback.cs" />

[C# Project] New /Users/artemijgerzina/Documents/GitHub/Tutorioals/Hologram/Hologram/Unity.Timeline.csproj:
[C# Project]   050:      <Compile Include="Packages\com.unity.timeline\Runtime\Events\Signals\SignalAsset.cs" />
[C# Project]   051:      <Compile Include="Packages\com.unity.timeline\Runtime\Events\Signals\CustomSignalEventDrawer.cs" />
[C# Project]   052:      <Compile Include="Packages\com.unity.timeline\Runtime\Animation\AnimationPreviewUpdateCallback.cs" />
[C# Project]   053:      <Compile Include="Packages\com.unity.timeline\Runtime\TimelinePlayable.cs" />
[C# Project]   054:      <Compile Include="Packages\com.unity.timeline\Runtime\Utilities\IPropertyPreview.cs" />
[C# Project] Writing /Users/artemijgerzina/Documents/GitHub/Tutorioals/Hologram/Hologram/Unity.PlasticSCM.Editor.csproj because it has changed
[C# Project] First difference on line 51

[C# Project] Current /Users/artemijgerzina/Documents/GitHub/Tutorioals/Hologram/Hologram/Unity.PlasticSCM.Editor.csproj:
[C# Project]   051:      <Compile Include="Packages\com.unity.collab-proxy\Editor\PlasticSCM\Views\PendingChanges\Dialogs\EmptyCheckinMessageDialog.cs" />
[C# Project]   052:      <Compile Include="Packages\com.unity.collab-proxy\Editor\PlasticSCM\Configuration\CloudEdition\Welcome\AutoLogin.cs" />
[C# Project]   053:      <Compile Include="Packages\com.unity.collab-proxy\Editor\PlasticSCM\UI\Tree\TreeViewItemIds.cs" />
[C# Project]   054:      <Compile Include="Packages\com.unity.collab-proxy\Editor\PlasticSCM\Developer\UpdateReport\UpdateReportDialog.cs" />
[C# Project]   055:      <Compile Include="Packages\com.unity.collab-proxy\Editor\PlasticSCM\Views\IncomingChanges\Gluon\IncomingChangesTab.cs" />

[C# Project] New /Users/artemijgerzina/Documents/GitHub/Tutorioals/Hologram/Hologram/Unity.PlasticSCM.Editor.csproj:
[C# Project]   051:      <Compile Include="Packages\com.unity.collab-proxy\Editor\PlasticSCM\UI\Tree\TreeViewItemIds.cs" />
[C# Project]   052:      <Compile Include="Packages\com.unity.collab-proxy\Editor\PlasticSCM\Views\IncomingChanges\Gluon\IncomingChangesTab.cs" />
[C# Project]   053:      <Compile Include="Packages\com.unity.collab-proxy\Editor\PlasticSCM\Developer\UpdateReport\UpdateReportDialog.cs" />
[C# Project]   054:      <Compile Include="Packages\com.unity.collab-proxy\Editor\PlasticSCM\UI\Avatar\ApplyCircleMask.cs" />
[C# Project]   055:      <Compile Include="Packages\com.unity.collab-proxy\Editor\PlasticSCM\Developer\ProgressOperationHandler.cs" />
[C# Project] Writing /Users/artemijgerzina/Documents/GitHub/Tutorioals/Hologram/Hologram/Unity.ShaderGraph.Editor.csproj because it has changed
[C# Project] First difference on line 50

[C# Project] Current /Users/artemijgerzina/Documents/GitHub/Tutorioals/Hologram/Hologram/Unity.ShaderGraph.Editor.csproj:
[C# Project]   050:      <Compile Include="Packages\com.unity.shadergraph\Editor\Data\Nodes\Math\Vector\RejectionNode.cs" />
[C# Project]   051:      <Compile Include="Packages\com.unity.shadergraph\Editor\Data\Nodes\Math\Advanced\LengthNode.cs" />
[C# Project]   052:      <Compile Include="Packages\com.unity.shadergraph\Editor\Data\Interfaces\Graph\DrawState.cs" />
[C# Project]   053:      <Compile Include="Packages\com.unity.shadergraph\Editor\Data\Nodes\Input\Texture\SampleTexture2DNode.cs" />
[C# Project]   054:      <Compile Include="Packages\com.unity.shadergraph\Editor\Drawing\Controls\IdentifierControl.cs" />

[C# Project] New /Users/artemijgerzina/Documents/GitHub/Tutorioals/Hologram/Hologram/Unity.ShaderGraph.Editor.csproj:
[C# Project]   050:      <Compile Include="Packages\com.unity.shadergraph\Editor\Data\Nodes\Math\Advanced\LengthNode.cs" />
[C# Project]   051:      <Compile Include="Packages\com.unity.shadergraph\Editor\Data\Nodes\Input\Texture\SampleTexture2DNode.cs" />
[C# Project]   052:      <Compile Include="Packages\com.unity.shadergraph\Editor\Data\Graphs\Matrix2ShaderProperty.cs" />
[C# Project]   053:      <Compile Include="Packages\com.unity.shadergraph\Editor\Data\Graphs\Texture2DShaderProperty.cs" />
[C# Project]   054:      <Compile Include="Packages\com.unity.shadergraph\Editor\Drawing\Views\ShaderGroup.cs" />
[C# Project] Writing /Users/artemijgerzina/Documents/GitHub/Tutorioals/Hologram/Hologram/Unity.VisualStudio.Editor.csproj because it has changed
[C# Project] First difference on line 52

[C# Project] Current /Users/artemijgerzina/Documents/GitHub/Tutorioals/Hologram/Hologram/Unity.VisualStudio.Editor.csproj:
[C# Project]   052:      <Compile Include="Packages\com.unity.ide.visualstudio\Editor\UnityInstallation.cs" />
[C# Project]   053:      <Compile Include="Packages\com.unity.ide.visualstudio\Editor\KnownAssemblies.cs" />
[C# Project]   054:      <Compile Include="Packages\com.unity.ide.visualstudio\Editor\UsageUtility.cs" />
[C# Project]   055:      <Compile Include="Packages\com.unity.ide.visualstudio\Editor\Messaging\Deserializer.cs" />
[C# Project]   056:      <Compile Include="Packages\com.unity.ide.visualstudio\Editor\Testing\TestRunnerApiListener.cs" />

[C# Project] New /Users/artemijgerzina/Documents/GitHub/Tutorioals/Hologram/Hologram/Unity.VisualStudio.Editor.csproj:
[C# Project]   052:      <Compile Include="Packages\com.unity.ide.visualstudio\Editor\KnownAssemblies.cs" />
[C# Project]   053:      <Compile Include="Packages\com.unity.ide.visualstudio\Editor\UsageUtility.cs" />
[C# Project]   054:      <Compile Include="Packages\com.unity.ide.visualstudio\Editor\Testing\TestRunnerApiListener.cs" />
[C# Project]   055:      <Compile Include="Packages\com.unity.ide.visualstudio\Editor\Messaging\ExceptionEventArgs.cs" />
[C# Project]   056:      <Compile Include="Packages\com.unity.ide.visualstudio\Editor\Messaging\UdpSocket.cs" />
[C# Project] Writing /Users/artemijgerzina/Documents/GitHub/Tutorioals/Hologram/Hologram/Unity.Timeline.Editor.csproj because it has changed
[C# Project] First difference on line 51

[C# Project] Current /Users/artemijgerzina/Documents/GitHub/Tutorioals/Hologram/Hologram/Unity.Timeline.Editor.csproj:
[C# Project]   051:      <Compile Include="Packages\com.unity.timeline\Editor\inspectors\AnimationPlayableAssetInspector.cs" />
[C# Project]   052:      <Compile Include="Packages\com.unity.timeline\Editor\Actions\TrackAction.cs" />
[C# Project]   053:      <Compile Include="Packages\com.unity.timeline\Editor\Utilities\Range.cs" />
[C# Project]   054:      <Compile Include="Packages\com.unity.timeline\Editor\Window\ViewModel\ScriptableObjectViewPrefs.cs" />
[C# Project]   055:      <Compile Include="Packages\com.unity.timeline\Editor\Utilities\SequenceSelectorNameFormater.cs" />

[C# Project] New /Users/artemijgerzina/Documents/GitHub/Tutorioals/Hologram/Hologram/Unity.Timeline.Editor.csproj:
[C# Project]   051:      <Compile Include="Packages\com.unity.timeline\Editor\Utilities\Scopes\HorizontalScope.cs" />
[C# Project]   052:      <Compile Include="Packages\com.unity.timeline\Editor\Window\TimelineWindow_Breadcrumbs.cs" />
[C# Project]   053:      <Compile Include="Packages\com.unity.timeline\Editor\treeview\Control.cs" />
[C# Project]   054:      <Compile Include="Packages\com.unity.timeline\Editor\Undo\ApplyDefaultUndoAttribute.cs" />
[C# Project]   055:      <Compile Include="Packages\com.unity.timeline\Editor\Actions\Invoker.cs" />
[C# Project] Writing /Users/artemijgerzina/Documents/GitHub/Tutorioals/Hologram/Hologram/Unity.TextMeshPro.Editor.csproj because it has changed
[C# Project] First difference on line 53

[C# Project] Current /Users/artemijgerzina/Documents/GitHub/Tutorioals/Hologram/Hologram/Unity.TextMeshPro.Editor.csproj:
[C# Project]   053:      <Compile Include="Packages\com.unity.textmeshpro\Scripts\Editor\GlyphMetricsPropertyDrawer.cs" />
[C# Project]   054:      <Compile Include="Packages\com.unity.textmeshpro\Scripts\Editor\TMP_EditorPanelUI.cs" />
[C# Project]   055:      <Compile Include="Packages\com.unity.textmeshpro\Scripts\Editor\TMP_UIStyleManager.cs" />
[C# Project]   056:      <Compile Include="Packages\com.unity.textmeshpro\Scripts\Editor\TMP_BaseShaderGUI.cs" />
[C# Project]   057:      <Compile Include="Packages\com.unity.textmeshpro\Scripts\Editor\TMP_StyleAssetMenu.cs" />

[C# Project] New /Users/artemijgerzina/Documents/GitHub/Tutorioals/Hologram/Hologram/Unity.TextMeshPro.Editor.csproj:
[C# Project]   053:      <Compile Include="Packages\com.unity.textmeshpro\Scripts\Editor\TMP_UIStyleManager.cs" />
[C# Project]   054:      <Compile Include="Packages\com.unity.textmeshpro\Scripts\Editor\TMP_StyleAssetMenu.cs" />
[C# Project]   055:      <Compile Include="Packages\com.unity.textmeshpro\Scripts\Editor\TMP_ProjectTextSettings.cs" />
[C# Project]   056:      <Compile Include="Packages\com.unity.textmeshpro\Scripts\Editor\TMP_BitmapShaderGUI.cs" />
[C# Project]   057:      <Compile Include="Packages\com.unity.textmeshpro\Scripts\Editor\TMP_SubMeshUI_Editor.cs" />
[C# Project] Writing /Users/artemijgerzina/Documents/GitHub/Tutorioals/Hologram/Hologram/Unity.CollabProxy.Editor.csproj because it has changed
[C# Project] First difference on line 50

[C# Project] Current /Users/artemijgerzina/Documents/GitHub/Tutorioals/Hologram/Hologram/Unity.CollabProxy.Editor.csproj:
[C# Project]   050:      <Compile Include="Packages\com.unity.collab-proxy\Editor\Collaborate\Models\IModel.cs" />
[C# Project]   051:      <Compile Include="Packages\com.unity.collab-proxy\Editor\Collaborate\Views\IStartView.cs" />
[C# Project]   052:      <Compile Include="Packages\com.unity.collab-proxy\Editor\Collaborate\Utilities\MenuUtilities.cs" />
[C# Project]   053:      <Compile Include="Packages\com.unity.collab-proxy\Editor\Collaborate\Components\Menus\FloatingMenuItem.cs" />
[C# Project]   054:      <Compile Include="Packages\com.unity.collab-proxy\Editor\Collaborate\Views\Adapters\IAdapter.cs" />

[C# Project] New /Users/artemijgerzina/Documents/GitHub/Tutorioals/Hologram/Hologram/Unity.CollabProxy.Editor.csproj:
[C# Project]   050:      <Compile Include="Packages\com.unity.collab-proxy\Editor\Collaborate\Views\IStartView.cs" />
[C# Project]   051:      <Compile Include="Packages\com.unity.collab-proxy\Editor\Collaborate\Views\Adapters\IAdapter.cs" />
[C# Project]   052:      <Compile Include="Packages\com.unity.collab-proxy\Editor\Collaborate\Components\SearchBar.cs" />
[C# Project]   053:      <Compile Include="Packages\com.unity.collab-proxy\Editor\Collaborate\Utilities\Threading.cs" />
[C# Project]   054:      <Compile Include="Packages\com.unity.collab-proxy\Editor\Collaborate\EditorGameService\CloudCollabService.cs" />
[C# Project] Writing /Users/artemijgerzina/Documents/GitHub/Tutorioals/Hologram/Hologram/DocCodeExamples.csproj because it has changed
[C# Project] First difference on line 51

[C# Project] Current /Users/artemijgerzina/Documents/GitHub/Tutorioals/Hologram/Hologram/DocCodeExamples.csproj:
[C# Project]   051:      <Compile Include="Packages\com.unity.timeline\DocCodeExamples\TimelineAttributesExamples.cs" />
[C# Project]   052:      <Compile Include="Packages\com.unity.timeline\DocCodeExamples\TrackAssetExamples.cs" />
[C# Project]   053:      <Compile Include="Packages\com.unity.timeline\DocCodeExamples\ActionExamples.cs" />
[C# Project]   054:      <None Include="Packages\com.unity.timeline\DocCodeExamples\DocCodeExamples.asmdef" />
[C# Project]   055:  <Reference Include="UnityEngine">

[C# Project] New /Users/artemijgerzina/Documents/GitHub/Tutorioals/Hologram/Hologram/DocCodeExamples.csproj:
[C# Project]   051:      <Compile Include="Packages\com.unity.timeline\DocCodeExamples\TrackAssetExamples.cs" />
[C# Project]   052:      <Compile Include="Packages\com.unity.timeline\DocCodeExamples\ActionExamples.cs" />
[C# Project]   053:      <Compile Include="Packages\com.unity.timeline\DocCodeExamples\TimelineAttributesExamples.cs" />
[C# Project]   054:      <None Include="Packages\com.unity.timeline\DocCodeExamples\DocCodeExamples.asmdef" />
[C# Project]   055:  <Reference Include="UnityEngine">
[C# Project] Writing /Users/artemijgerzina/Documents/GitHub/Tutorioals/Hologram/Hologram/UnityEditor.TestRunner.csproj because it has changed
[C# Project] First difference on line 50

[C# Project] Current /Users/artemijgerzina/Documents/GitHub/Tutorioals/Hologram/Hologram/UnityEditor.TestRunner.csproj:
[C# Project]   050:      <Compile Include="Packages\com.unity.test-framework\UnityEditor.TestRunner\TestBuildAssemblyFilter.cs" />
[C# Project]   051:      <Compile Include="Packages\com.unity.test-framework\UnityEditor.TestRunner\Api\ITestAdaptorFactory.cs" />
[C# Project]   052:      <Compile Include="Packages\com.unity.test-framework\UnityEditor.TestRunner\TestRunner\Utils\IEditorLoadedTestAssemblyProvider.cs" />
[C# Project]   053:      <Compile Include="Packages\com.unity.test-framework\UnityEditor.TestRunner\GUI\TestListTreeView\TestTreeViewItem.cs" />
[C# Project]   054:      <Compile Include="Packages\com.unity.test-framework\UnityEditor.TestRunner\TestRun\Tasks\LegacyPlayModeRunTask.cs" />

[C# Project] New /Users/artemijgerzina/Documents/GitHub/Tutorioals/Hologram/Hologram/UnityEditor.TestRunner.csproj:
[C# Project]   050:      <Compile Include="Packages\com.unity.test-framework\UnityEditor.TestRunner\GUI\TestListTreeView\TestTreeViewItem.cs" />
[C# Project]   051:      <Compile Include="Packages\com.unity.test-framework\UnityEditor.TestRunner\TestRun\Tasks\LegacyPlayModeRunTask.cs" />
[C# Project]   052:      <Compile Include="Packages\com.unity.test-framework\UnityEditor.TestRunner\TestRunner\Callbacks\RerunCallback.cs" />
[C# Project]   053:      <Compile Include="Packages\com.unity.test-framework\UnityEditor.TestRunner\TestRunner\Messages\EnterPlayMode.cs" />
[C# Project]   054:      <Compile Include="Packages\com.unity.test-framework\UnityEditor.TestRunner\TestRun\Tasks\PrebuildSetupTask.cs" />
[C# Project] Writing /Users/artemijgerzina/Documents/GitHub/Tutorioals/Hologram/Hologram/Unity.Rider.Editor.csproj because it has changed
[C# Project] First difference on line 52

[C# Project] Current /Users/artemijgerzina/Documents/GitHub/Tutorioals/Hologram/Hologram/Unity.Rider.Editor.csproj:
[C# Project]   052:      <Compile Include="Packages\com.unity.ide.rider\Rider\Editor\Discovery.cs" />
[C# Project]   053:      <Compile Include="Packages\com.unity.ide.rider\Rider\Editor\UnitTesting\TestsCallback.cs" />
[C# Project]   054:      <Compile Include="Packages\com.unity.ide.rider\Rider\Editor\ProjectGeneration\GUIDProvider.cs" />
[C# Project]   055:      <Compile Include="Packages\com.unity.ide.rider\Rider\Editor\UnitTesting\CallbackInitializer.cs" />
[C# Project]   056:      <Compile Include="Packages\com.unity.ide.rider\Rider\Editor\Util\SerializableVersion.cs" />

[C# Project] New /Users/artemijgerzina/Documents/GitHub/Tutorioals/Hologram/Hologram/Unity.Rider.Editor.csproj:
[C# Project]   052:      <Compile Include="Packages\com.unity.ide.rider\Rider\Editor\UnitTesting\TestsCallback.cs" />
[C# Project]   053:      <Compile Include="Packages\com.unity.ide.rider\Rider\Editor\ProjectGeneration\GUIDProvider.cs" />
[C# Project]   054:      <Compile Include="Packages\com.unity.ide.rider\Rider\Editor\RiderFileSystemWatcher.cs" />
[C# Project]   055:      <Compile Include="Packages\com.unity.ide.rider\Rider\Editor\Util\LibcNativeInterop.cs" />
[C# Project]   056:      <Compile Include="Packages\com.unity.ide.rider\Rider\Editor\UnitTesting\SyncTestRunEventsHandler.cs" />
[C# Project] Writing /Users/artemijgerzina/Documents/GitHub/Tutorioals/Hologram/Hologram/Unity.RenderPipelines.Universal.Editor.csproj because it has changed
[C# Project] First difference on line 50

[C# Project] Current /Users/artemijgerzina/Documents/GitHub/Tutorioals/Hologram/Hologram/Unity.RenderPipelines.Universal.Editor.csproj:
[C# Project]   050:      <Compile Include="Packages\com.unity.render-pipelines.universal\Editor\2D\ShapeEditor\Shapes\Polygon.cs" />
[C# Project]   051:      <Compile Include="Packages\com.unity.render-pipelines.universal\Editor\RendererFeatures\ScreenSpaceAmbientOcclusionEditor.cs" />
[C# Project]   052:      <Compile Include="Packages\com.unity.render-pipelines.universal\Editor\2D\ShapeEditor\GUIFramework\Control.cs" />
[C# Project]   053:      <Compile Include="Packages\com.unity.render-pipelines.universal\Editor\ShaderGraph\Targets\UniversalUnlitSubTarget.cs" />
[C# Project]   054:      <Compile Include="Packages\com.unity.render-pipelines.universal\Editor\ShaderGUI\Shaders\UnlitShader.cs" />

[C# Project] New /Users/artemijgerzina/Documents/GitHub/Tutorioals/Hologram/Hologram/Unity.RenderPipelines.Universal.Editor.csproj:
[C# Project]   050:      <Compile Include="Packages\com.unity.render-pipelines.universal\Editor\ShaderGUI\Shaders\ParticlesSimpleLitShader.cs" />
[C# Project]   051:      <Compile Include="Packages\com.unity.render-pipelines.universal\Editor\2D\CompositeShadowCaster2DEditor.cs" />
[C# Project]   052:      <Compile Include="Packages\com.unity.render-pipelines.universal\Editor\UniversalRenderPipelineCameraEditor.cs" />
[C# Project]   053:      <Compile Include="Packages\com.unity.render-pipelines.universal\Editor\2D\ShapeEditor\EditorTool\PathEditorToolExtensions.cs" />
[C# Project]   054:      <Compile Include="Packages\com.unity.render-pipelines.universal\Editor\2D\ShapeEditor\View\Drawer.cs" />
[C# Project] Writing /Users/artemijgerzina/Documents/GitHub/Tutorioals/Hologram/Hologram/Unity.ShaderGraph.Editor.Tests.csproj because it has changed
[C# Project] First difference on line 50

[C# Project] Current /Users/artemijgerzina/Documents/GitHub/Tutorioals/Hologram/Hologram/Unity.ShaderGraph.Editor.Tests.csproj:
[C# Project]   050:      <Compile Include="Packages\com.unity.shadergraph\Tests\Editor\UnitTests\ShaderGeneratorTests.cs" />
[C# Project]   051:      <Compile Include="Packages\com.unity.shadergraph\Tests\Editor\UnitTests\SerializedGraphTests.cs" />
[C# Project]   052:      <Compile Include="Packages\com.unity.shadergraph\Tests\Editor\UnitTests\MaterialGraphTests.cs" />
[C# Project]   053:      <Compile Include="Packages\com.unity.shadergraph\Tests\Editor\UnitTests\PropertyChunkTests.cs" />
[C# Project]   054:      <Compile Include="Packages\com.unity.shadergraph\Tests\Editor\UnitTests\ListUtilityTests.cs" />

[C# Project] New /Users/artemijgerzina/Documents/GitHub/Tutorioals/Hologram/Hologram/Unity.ShaderGraph.Editor.Tests.csproj:
[C# Project]   050:      <Compile Include="Packages\com.unity.shadergraph\Tests\Editor\UnitTests\SerializedGraphTests.cs" />
[C# Project]   051:      <Compile Include="Packages\com.unity.shadergraph\Tests\Editor\UnitTests\ListUtilityTests.cs" />
[C# Project]   052:      <Compile Include="Packages\com.unity.shadergraph\Tests\Editor\IntegrationTests\SerializationTests.cs" />
[C# Project]   053:      <Compile Include="Packages\com.unity.shadergraph\Tests\Editor\UnitTests\BlockNodeTests.cs" />
[C# Project]   054:      <Compile Include="Packages\com.unity.shadergraph\Tests\Editor\UnitTests\MaterialSlotTests.cs" />
[C# Project] Writing /Users/artemijgerzina/Documents/GitHub/Tutorioals/Hologram/Hologram/Unity.Services.Core.Editor.csproj because it has changed
[C# Project] First difference on line 50

[C# Project] Current /Users/artemijgerzina/Documents/GitHub/Tutorioals/Hologram/Hologram/Unity.Services.Core.Editor.csproj:
[C# Project]   050:      <Compile Include="Packages\com.unity.services.core\Editor\Core\Networking\IHttpClient.cs" />
[C# Project]   051:      <Compile Include="Packages\com.unity.services.core\Editor\Core\ProjectStateManagement\IServiceFlagRequest.cs" />
[C# Project]   052:      <Compile Include="Packages\com.unity.services.core\Editor\Core\ServiceActivationPopup\Visuals\ExceptionVisual.cs" />
[C# Project]   053:      <Compile Include="Packages\com.unity.services.core\Editor\Core\ServiceActivationPopup\Visuals\ServiceActivationPopupVisual.cs" />
[C# Project]   054:      <Compile Include="Packages\com.unity.services.core\Editor\Core\ProjectStateManagement\ProjectStateRequest.cs" />

[C# Project] New /Users/artemijgerzina/Documents/GitHub/Tutorioals/Hologram/Hologram/Unity.Services.Core.Editor.csproj:
[C# Project]   050:      <Compile Include="Packages\com.unity.services.core\Editor\Core\ServiceActivationPopup\Visuals\ServiceActivationPopupVisual.cs" />
[C# Project]   051:      <Compile Include="Packages\com.unity.services.core\Editor\Core\ProjectStateManagement\ProjectStateRequest.cs" />
[C# Project]   052:      <Compile Include="Packages\com.unity.services.core\Editor\Core\ProjectStateManagement\ServiceFlagRequest.cs" />
[C# Project]   053:      <Compile Include="Packages\com.unity.services.core\Editor\Core\Networking\HttpRequestExtensions.cs" />
[C# Project]   054:      <Compile Include="Packages\com.unity.services.core\Editor\Core\Networking\HttpServiceConfig.cs" />
[C# Project] Writing /Users/artemijgerzina/Documents/GitHub/Tutorioals/Hologram/Hologram/Unity.PlasticSCM.EditorTests.csproj because it has changed
[C# Project] First difference on line 50

[C# Project] Current /Users/artemijgerzina/Documents/GitHub/Tutorioals/Hologram/Hologram/Unity.PlasticSCM.EditorTests.csproj:
[C# Project]   050:      <Compile Include="Packages\com.unity.collab-proxy\Tests\Editor\PlasticSCM\Mock\PlasticApiMock.cs" />
[C# Project]   051:      <Compile Include="Packages\com.unity.collab-proxy\Tests\Editor\PlasticSCM\AssetMenu\SelectedAssetGroupInfoTests.cs" />
[C# Project]   052:      <Compile Include="Packages\com.unity.collab-proxy\Tests\Editor\PlasticSCM\ProjectDownloader\ParseArgumentsTest.cs" />
[C# Project]   053:      <Compile Include="Packages\com.unity.collab-proxy\Tests\Editor\PlasticSCM\Views\IncomingChanges\Developer\IsCurrentTests.cs" />
[C# Project]   054:      <Compile Include="Packages\com.unity.collab-proxy\Tests\Editor\PlasticSCM\Views\IncomingChanges\Developer\UnityIncomingChangesTreeTests.cs" />

[C# Project] New /Users/artemijgerzina/Documents/GitHub/Tutorioals/Hologram/Hologram/Unity.PlasticSCM.EditorTests.csproj:
[C# Project]   050:      <Compile Include="Packages\com.unity.collab-proxy\Tests\Editor\PlasticSCM\AssetMenu\SelectedAssetGroupInfoTests.cs" />
[C# Project]   051:      <Compile Include="Packages\com.unity.collab-proxy\Tests\Editor\PlasticSCM\Views\IncomingChanges\Developer\IsCurrentTests.cs" />
[C# Project]   052:      <Compile Include="Packages\com.unity.collab-proxy\Tests\Editor\PlasticSCM\Mock\BuildWorkspaceTreeNode.cs" />
[C# Project]   053:      <Compile Include="Packages\com.unity.collab-proxy\Tests\Editor\PlasticSCM\UI\TextureLoadTests.cs" />
[C# Project]   054:      <Compile Include="Packages\com.unity.collab-proxy\Tests\Editor\PlasticSCM\Views\IncomingChanges\Developer\IsResolvedTests.cs" />
[C# Project] Writing /Users/artemijgerzina/Documents/GitHub/Tutorioals/Hologram/Hologram/Unity.RenderPipelines.Core.Editor.csproj because it has changed
[C# Project] First difference on line 50

[C# Project] Current /Users/artemijgerzina/Documents/GitHub/Tutorioals/Hologram/Hologram/Unity.RenderPipelines.Core.Editor.csproj:
[C# Project]   050:      <Compile Include="Packages\com.unity.render-pipelines.core\Editor\LookDev\Context.cs" />
[C# Project]   051:      <Compile Include="Packages\com.unity.render-pipelines.core\Editor\LookDev\CameraState.cs" />
[C# Project]   052:      <Compile Include="Packages\com.unity.render-pipelines.core\Editor\Utilities\EditorMaterialQuality.cs" />
[C# Project]   053:      <Compile Include="Packages\com.unity.render-pipelines.core\Editor\LookDev\DisplayWindow.EnvironmentLibrarySidePanel.cs" />
[C# Project]   054:      <Compile Include="Packages\com.unity.render-pipelines.core\Editor\ShaderGenerator\ShaderTypeGeneration.cs" />

[C# Project] New /Users/artemijgerzina/Documents/GitHub/Tutorioals/Hologram/Hologram/Unity.RenderPipelines.Core.Editor.csproj:
[C# Project]   050:      <Compile Include="Packages\com.unity.render-pipelines.core\Editor\Utilities\EditorMaterialQuality.cs" />
[C# Project]   051:      <Compile Include="Packages\com.unity.render-pipelines.core\Editor\LookDev\DisplayWindow.EnvironmentLibrarySidePanel.cs" />
[C# Project]   052:      <Compile Include="Packages\com.unity.render-pipelines.core\Editor\Debugging\DebugUIDrawer.Builtins.cs" />
[C# Project]   053:      <Compile Include="Packages\com.unity.render-pipelines.core\Editor\Volume\SerializedDataParameter.cs" />
[C# Project]   054:      <Compile Include="Packages\com.unity.render-pipelines.core\Editor\LookDev\LookDev.cs" />
[C# Project] Writing /Users/artemijgerzina/Documents/GitHub/Tutorioals/Hologram/Hologram/Unity.Mathematics.Tests.csproj because it has changed
[C# Project] First difference on line 50

[C# Project] Current /Users/artemijgerzina/Documents/GitHub/Tutorioals/Hologram/Hologram/Unity.Mathematics.Tests.csproj:
[C# Project]   050:      <Compile Include="Packages\com.unity.mathematics\Tests\Tests\Shared\TestBool4x3.gen.cs" />
[C# Project]   051:      <Compile Include="Packages\com.unity.mathematics\Tests\Tests\Shared\TestUint4x4.gen.cs" />
[C# Project]   052:      <Compile Include="Packages\com.unity.mathematics\Tests\Tests\Shared\TestUint3x4.gen.cs" />
[C# Project]   053:      <Compile Include="Packages\com.unity.mathematics\Tests\Tests\Shared\TestInt3x4.gen.cs" />
[C# Project]   054:      <Compile Include="Packages\com.unity.mathematics\Tests\Tests\Shared\TestDouble2x2.gen.cs" />

[C# Project] New /Users/artemijgerzina/Documents/GitHub/Tutorioals/Hologram/Hologram/Unity.Mathematics.Tests.csproj:
[C# Project]   050:      <Compile Include="Packages\com.unity.mathematics\Tests\Tests\Shared\TestFloat4x3.gen.cs" />
[C# Project]   051:      <Compile Include="Packages\com.unity.mathematics\Tests\Tests\Shared\TestFloat3x2.gen.cs" />
[C# Project]   052:      <Compile Include="Packages\com.unity.mathematics\Tests\Tests\Shared\TestUint3x3.gen.cs" />
[C# Project]   053:      <Compile Include="Packages\com.unity.mathematics\Tests\Tests\Shared\TestUint2x3.gen.cs" />
[C# Project]   054:      <Compile Include="Packages\com.unity.mathematics\Tests\Tests\Shared\TestInt3x3.gen.cs" />
[C# Project] Writing /Users/artemijgerzina/Documents/GitHub/Tutorioals/Hologram/Hologram/Unity.Searcher.Editor.csproj because it has changed
[C# Project] First difference on line 50

[C# Project] Current /Users/artemijgerzina/Documents/GitHub/Tutorioals/Hologram/Hologram/Unity.Searcher.Editor.csproj:
[C# Project]   050:      <Compile Include="Packages\com.unity.searcher\Editor\Searcher\SearcherItem.cs" />
[C# Project]   051:      <Compile Include="Packages\com.unity.searcher\Editor\Searcher\SearcherAdapter.cs" />
[C# Project]   052:      <Compile Include="Packages\com.unity.searcher\Editor\Searcher\Searcher.cs" />
[C# Project]   053:      <Compile Include="Packages\com.unity.searcher\Editor\Searcher\SearcherWindow.cs" />
[C# Project]   054:      <Compile Include="Packages\com.unity.searcher\Editor\Searcher\SearcherDatabaseBase.cs" />

[C# Project] New /Users/artemijgerzina/Documents/GitHub/Tutorioals/Hologram/Hologram/Unity.Searcher.Editor.csproj:
[C# Project]   050:      <Compile Include="Packages\com.unity.searcher\Editor\Searcher\Searcher.cs" />
[C# Project]   051:      <Compile Include="Packages\com.unity.searcher\Editor\Searcher\SearcherWindow.cs" />
[C# Project]   052:      <Compile Include="Packages\com.unity.searcher\Editor\Searcher\SearcherControl.cs" />
[C# Project]   053:      <Compile Include="Packages\com.unity.searcher\Editor\AssemblyInfo.cs" />
[C# Project]   054:      <Compile Include="Packages\com.unity.searcher\Editor\Searcher\SearcherHighlighter.cs" />
[C# Project] Writing /Users/artemijgerzina/Documents/GitHub/Tutorioals/Hologram/Hologram/Unity.CollabProxy.EditorTests.csproj because it has changed
[C# Project] First difference on line 50

[C# Project] Current /Users/artemijgerzina/Documents/GitHub/Tutorioals/Hologram/Hologram/Unity.CollabProxy.EditorTests.csproj:
[C# Project]   050:      <Compile Include="Packages\com.unity.collab-proxy\Tests\Editor\Collaborate\Presenters\StartPresenterTests.cs" />
[C# Project]   051:      <Compile Include="Packages\com.unity.collab-proxy\Tests\Editor\Collaborate\Models\TestStartModel.cs" />
[C# Project]   052:      <Compile Include="Packages\com.unity.collab-proxy\Tests\Editor\Collaborate\Models\ChangesModelTests.cs" />
[C# Project]   053:      <Compile Include="Packages\com.unity.collab-proxy\Tests\Editor\Collaborate\Presenters\TestChangesView.cs" />
[C# Project]   054:      <Compile Include="Packages\com.unity.collab-proxy\Tests\Editor\Collaborate\Models\TestHistoryModel.cs" />

[C# Project] New /Users/artemijgerzina/Documents/GitHub/Tutorioals/Hologram/Hologram/Unity.CollabProxy.EditorTests.csproj:
[C# Project]   050:      <Compile Include="Packages\com.unity.collab-proxy\Tests\Editor\Collaborate\Models\ChangesModelTests.cs" />
[C# Project]   051:      <Compile Include="Packages\com.unity.collab-proxy\Tests\Editor\Collaborate\Presenters\HistoryPresenterTests.cs" />
[C# Project]   052:      <Compile Include="Packages\com.unity.collab-proxy\Tests\Editor\Collaborate\Models\StartModelTests.cs" />
[C# Project]   053:      <Compile Include="Packages\com.unity.collab-proxy\Tests\Editor\Collaborate\Presenters\MainPresenterTests.cs" />
[C# Project]   054:      <Compile Include="Packages\com.unity.collab-proxy\Tests\Editor\Collaborate\Scenario\AsyncToCoroutine.cs" />
[C# Project] Writing /Users/artemijgerzina/Documents/GitHub/Tutorioals/Hologram/Hologram/Unity.VSCode.Editor.csproj because it has changed
[C# Project] First difference on line 53

[C# Project] Current /Users/artemijgerzina/Documents/GitHub/Tutorioals/Hologram/Hologram/Unity.VSCode.Editor.csproj:
[C# Project]   053:      <Compile Include="Packages\com.unity.ide.vscode\Editor\ProjectGeneration\AssemblyNameProvider.cs" />
[C# Project]   054:      <Compile Include="Packages\com.unity.ide.vscode\Editor\ProjectGeneration\ProjectGeneration.cs" />
[C# Project]   055:      <Compile Include="Packages\com.unity.ide.vscode\Editor\ProjectGeneration\FileIO.cs" />
[C# Project]   056:      <Compile Include="Packages\com.unity.ide.vscode\Editor\ProjectGeneration\ProjectGenerationFlag.cs" />
[C# Project]   057:      <Compile Include="Packages\com.unity.ide.vscode\Editor\VSCodeScriptEditor.cs" />

[C# Project] New /Users/artemijgerzina/Documents/GitHub/Tutorioals/Hologram/Hologram/Unity.VSCode.Editor.csproj:
[C# Project]   053:      <Compile Include="Packages\com.unity.ide.vscode\Editor\ProjectGeneration\ProjectGeneration.cs" />
[C# Project]   054:      <Compile Include="Packages\com.unity.ide.vscode\Editor\ProjectGeneration\AssemblyNameProvider.cs" />
[C# Project]   055:      <Compile Include="Packages\com.unity.ide.vscode\Editor\ProjectGeneration\FileIO.cs" />
[C# Project]   056:      <Compile Include="Packages\com.unity.ide.vscode\Editor\ProjectGeneration\ProjectGenerationFlag.cs" />
[C# Project]   057:      <Compile Include="Packages\com.unity.ide.vscode\Editor\VSCodeScriptEditor.cs" />
[C# Project] Writing /Users/artemijgerzina/Documents/GitHub/Tutorioals/Hologram/Hologram/UnityEditor.UI.EditorTests.csproj because it has changed
[C# Project] First difference on line 50

[C# Project] Current /Users/artemijgerzina/Documents/GitHub/Tutorioals/Hologram/Hologram/UnityEditor.UI.EditorTests.csproj:
[C# Project]   050:      <Compile Include="Packages\com.unity.ugui\Tests\Editor\Text\FontCreatedByScript.cs" />
[C# Project]   051:      <Compile Include="Packages\com.unity.ugui\Tests\Editor\EventSystem\InterceptedEventsPreviewTests.cs" />
[C# Project]   052:      <Compile Include="Packages\com.unity.ugui\Tests\Editor\UnityEvent\UnityEventInvoke.cs" />
[C# Project]   053:      <Compile Include="Packages\com.unity.ugui\Tests\Editor\CanvasRenderer\ParentCanvasIsSane.cs" />
[C# Project]   054:      <Compile Include="Packages\com.unity.ugui\Tests\Editor\Canvas\CanvasWidthAssertionErrorWithRectTransform.cs" />

[C# Project] New /Users/artemijgerzina/Documents/GitHub/Tutorioals/Hologram/Hologram/UnityEditor.UI.EditorTests.csproj:
[C# Project]   050:      <Compile Include="Packages\com.unity.ugui\Tests\Editor\EventSystem\InterceptedEventsPreviewTests.cs" />
[C# Project]   051:      <Compile Include="Packages\com.unity.ugui\Tests\Editor\Slider\SliderRectReferences.cs" />
[C# Project]   052:      <Compile Include="Packages\com.unity.ugui\Tests\Editor\Canvas\UISystemProfilerAddMarkerWithNullObjectDoesNotCrash.cs" />
[C# Project]   053:      <Compile Include="Packages\com.unity.ugui\Tests\Editor\Canvas\RootCanvasTests.cs" />
[C# Project]   054:      <Compile Include="Packages\com.unity.ugui\Tests\Editor\Canvas\CanvasElementsMaintainValidPositionsWhenCameraOrthoSizeIsZero.cs" />
[C# Project] Writing /Users/artemijgerzina/Documents/GitHub/Tutorioals/Hologram/Hologram/UnityEditor.UI.csproj because it has changed
[C# Project] First difference on line 50

[C# Project] Current /Users/artemijgerzina/Documents/GitHub/Tutorioals/Hologram/Hologram/UnityEditor.UI.csproj:
[C# Project]   050:      <Compile Include="Packages\com.unity.ugui\Editor\UI\RawImageEditor.cs" />
[C# Project]   051:      <Compile Include="Packages\com.unity.ugui\Editor\UI\RectMask2DEditor.cs" />
[C# Project]   052:      <Compile Include="Packages\com.unity.ugui\Editor\UI\PropertyDrawers\DropdownOptionListDrawer.cs" />
[C# Project]   053:      <Compile Include="Packages\com.unity.ugui\Editor\UI\ContentSizeFitterEditor.cs" />
[C# Project]   054:      <Compile Include="Packages\com.unity.ugui\Editor\UI\MenuOptions.cs" />

[C# Project] New /Users/artemijgerzina/Documents/GitHub/Tutorioals/Hologram/Hologram/UnityEditor.UI.csproj:
[C# Project]   050:      <Compile Include="Packages\com.unity.ugui\Editor\UI\PropertyDrawers\DropdownOptionListDrawer.cs" />
[C# Project]   051:      <Compile Include="Packages\com.unity.ugui\Editor\UI\MenuOptions.cs" />
[C# Project]   052:      <Compile Include="Packages\com.unity.ugui\Editor\UI\PropertyDrawers\FontDataDrawer.cs" />
[C# Project]   053:      <Compile Include="Packages\com.unity.ugui\Editor\EventSystem\Physics2DRaycasterEditor.cs" />
[C# Project]   054:      <Compile Include="Packages\com.unity.ugui\Editor\UI\InputFieldEditor.cs" />
[C# Project] Writing /Users/artemijgerzina/Documents/GitHub/Tutorioals/Hologram/Hologram/Unity.Mathematics.Editor.csproj because it has changed
[C# Project] First difference on line 50

[C# Project] Current /Users/artemijgerzina/Documents/GitHub/Tutorioals/Hologram/Hologram/Unity.Mathematics.Editor.csproj:
[C# Project]   050:      <Compile Include="Packages\com.unity.mathematics\Unity.Mathematics.Editor\PrimitiveVectorDrawer.cs" />
[C# Project]   051:      <Compile Include="Packages\com.unity.mathematics\Unity.Mathematics.Editor\MatrixDrawer.cs" />
[C# Project]   052:      <Compile Include="Packages\com.unity.mathematics\Unity.Mathematics.Editor\PostNormalizedVectorDrawer.cs" />
[C# Project]   053:      <Compile Include="Packages\com.unity.mathematics\Unity.Mathematics.Editor\QuaternionDrawer.cs" />
[C# Project]   054:      <None Include="Packages\com.unity.mathematics\Unity.Mathematics.Editor\Unity.Mathematics.Editor.asmdef" />

[C# Project] New /Users/artemijgerzina/Documents/GitHub/Tutorioals/Hologram/Hologram/Unity.Mathematics.Editor.csproj:
[C# Project]   050:      <Compile Include="Packages\com.unity.mathematics\Unity.Mathematics.Editor\MatrixDrawer.cs" />
[C# Project]   051:      <Compile Include="Packages\com.unity.mathematics\Unity.Mathematics.Editor\PostNormalizedVectorDrawer.cs" />
[C# Project]   052:      <Compile Include="Packages\com.unity.mathematics\Unity.Mathematics.Editor\QuaternionDrawer.cs" />
[C# Project]   053:      <Compile Include="Packages\com.unity.mathematics\Unity.Mathematics.Editor\PrimitiveVectorDrawer.cs" />
[C# Project]   054:      <None Include="Packages\com.unity.mathematics\Unity.Mathematics.Editor\Unity.Mathematics.Editor.asmdef" />
[C# Project] Writing /Users/artemijgerzina/Documents/GitHub/Tutorioals/Hologram/Hologram/Unity.RenderPipelines.Core.Editor.Tests.csproj because it has changed
[C# Project] First difference on line 50

[C# Project] Current /Users/artemijgerzina/Documents/GitHub/Tutorioals/Hologram/Hologram/Unity.RenderPipelines.Core.Editor.Tests.csproj:
[C# Project]   050:      <Compile Include="Packages\com.unity.render-pipelines.core\Tests\Editor\FixedBufferStringQueueTests.cs" />
[C# Project]   051:      <Compile Include="Packages\com.unity.render-pipelines.core\Tests\Editor\EditorExampleTest.cs" />
[C# Project]   052:      <Compile Include="Packages\com.unity.render-pipelines.core\Tests\Editor\BitArrayTests.cs" />
[C# Project]   053:      <Compile Include="Packages\com.unity.render-pipelines.core\Tests\Editor\CoreUnsafeUtilsTests.cs" />
[C# Project]   054:      <Compile Include="Packages\com.unity.render-pipelines.core\Tests\Editor\RenderGraphTests.cs" />

[C# Project] New /Users/artemijgerzina/Documents/GitHub/Tutorioals/Hologram/Hologram/Unity.RenderPipelines.Core.Editor.Tests.csproj:
[C# Project]   050:      <Compile Include="Packages\com.unity.render-pipelines.core\Tests\Editor\EditorExampleTest.cs" />
[C# Project]   051:      <Compile Include="Packages\com.unity.render-pipelines.core\Tests\Editor\RenderGraphTests.cs" />
[C# Project]   052:      <Compile Include="Packages\com.unity.render-pipelines.core\Tests\Editor\FixedBufferStringQueueTests.cs" />
[C# Project]   053:      <Compile Include="Packages\com.unity.render-pipelines.core\Tests\Editor\BitArrayTests.cs" />
[C# Project]   054:      <Compile Include="Packages\com.unity.render-pipelines.core\Tests\Editor\CoreUnsafeUtilsTests.cs" />
[C# Project] Writing /Users/artemijgerzina/Documents/GitHub/Tutorioals/Hologram/Hologram/Assembly-CSharp-Editor.csproj because it has changed
[C# Project] First difference on line 27

[C# Project] Current /Users/artemijgerzina/Documents/GitHub/Tutorioals/Hologram/Hologram/Assembly-CSharp-Editor.csproj:
[C# Project]   027:     <DefineConstants>DEBUG;TRACE;UNITY_2020_3_22;UNITY_2020_3;UNITY_2020;UNITY_5_3_OR_NEWER;UNITY_5_4_OR_NEWER;UNITY_5_5_OR_NEWER;UNITY_5_6_OR_NEWER;UNITY_2017_1_OR_NEWER;UNITY_2017_2_OR_NEWER;UNITY_2017_3_OR_NEWER;UNITY_2017_4_OR_NEWER;UNITY_2018_1_OR_NEWER;UNITY_2018_2_OR_NEWER;UNITY_2018_3_OR_NEWER;UNITY_2018_4_OR_NEWER;UNITY_2019_1_OR_NEWER;UNITY_2019_2_OR_NEWER;UNITY_2019_3_OR_NEWER;UNITY_2019_4_OR_NEWER;UNITY_2020_1_OR_NEWER;UNITY_2020_2_OR_NEWER;UNITY_2020_3_OR_NEWER;UNITY_INCLUDE_TESTS;USE_SEARCH_ENGINE_API;SCENE_TEMPLATE_MODULE;ENABLE_AR;ENABLE_AUDIO;ENABLE_CACHING;ENABLE_CLOTH;ENABLE_EVENT_QUEUE;ENABLE_MICROPHONE;ENABLE_MULTIPLE_DISPLAYS;ENABLE_PHYSICS;ENABLE_TEXTURE_STREAMING;ENABLE_UNET;ENABLE_LZMA;ENABLE_UNITYEVENTS;ENABLE_VR;ENABLE_WEBCAM;ENABLE_UNITYWEBREQUEST;ENABLE_WWW;ENABLE_CLOUD_SERVICES;ENABLE_CLOUD_SERVICES_COLLAB;ENABLE_CLOUD_SERVICES_COLLAB_SOFTLOCKS;ENABLE_CLOUD_SERVICES_ADS;ENABLE_CLOUD_SERVICES_USE_WEBREQUEST;ENABLE_CLOUD_SERVICES_CRASH_REPORTING;ENABLE_CLOUD_SERVICES_NATIVE_CRASH_REPORTING;ENABLE_CLOUD_SERVICES_PURCHASING;ENABLE_CLOUD_SERVICES_ANALYTICS;ENABLE_CLOUD_SERVICES_UNET;ENABLE_CLOUD_SERVICES_BUILD;ENABLE_CLOUD_LICENSE;ENABLE_EDITOR_HUB_LICENSE;ENABLE_WEBSOCKET_CLIENT;ENABLE_DIRECTOR_AUDIO;ENABLE_DIRECTOR_TEXTURE;ENABLE_MANAGED_JOBS;ENABLE_MANAGED_TRANSFORM_JOBS;ENABLE_MANAGED_ANIMATION_JOBS;ENABLE_MANAGED_AUDIO_JOBS;ENABLE_RUNTIME_PERMISSIONS;ENABLE_ENGINE_CODE_STRIPPING;ENABLE_ONSCREEN_KEYBOARD;INCLUDE_DYNAMIC_GI;ENABLE_MONO_BDWGC;ENABLE_SCRIPTING_GC_WBARRIERS;PLATFORM_SUPPORTS_MONO;ENABLE_VIDEO;PLATFORM_ANDROID;UNITY_ANDROID;UNITY_ANDROID_API;ENABLE_EGL;ENABLE_NETWORK;ENABLE_RUNTIME_GI;ENABLE_CRUNCH_TEXTURE_COMPRESSION;UNITY_CAN_SHOW_SPLASH_SCREEN;UNITY_HAS_GOOGLEVR;UNITY_HAS_TANGO;ENABLE_SPATIALTRACKING;PLATFORM_EXTENDS_VULKAN_DEVICE;PLATFORM_HAS_MULTIPLE_SWAPCHAINS;UNITY_ANDROID_SUPPORTS_SHADOWFILES;ENABLE_UNITYADS_RUNTIME;UNITY_UNITYADS_API;ENABLE_MONO;NET_4_6;ENABLE_PROFILER;UNITY_ASSERTIONS;UNITY_EDITOR;UNITY_EDITOR_64;UNITY_EDITOR_OSX;ENABLE_UNITY_COLLECTIONS_CHECKS;ENABLE_BURST_AOT;UNITY_TEAM_LICENSE;ENABLE_CUSTOM_RENDER_TEXTURE;ENABLE_DIRECTOR;ENABLE_LOCALIZATION;ENABLE_SPRITES;ENABLE_TERRAIN;ENABLE_TILEMAP;ENABLE_TIMELINE;ENABLE_LEGACY_INPUT_MANAGER;CSHARP_7_OR_LATER;CSHARP_7_3_OR_NEWER;NET_STANDARD_2_0</DefineConstants>
[C# Project]   028:     <ErrorReport>prompt</ErrorReport>
[C# Project]   029:     <WarningLevel>4</WarningLevel>
[C# Project]   030:     <NoWarn>0169</NoWarn>
[C# Project]   031:     <AllowUnsafeBlocks>False</AllowUnsafeBlocks>

[C# Project] New /Users/artemijgerzina/Documents/GitHub/Tutorioals/Hologram/Hologram/Assembly-CSharp-Editor.csproj:
[C# Project]   027:     <DefineConstants>DEBUG;TRACE;UNITY_2020_3_22;UNITY_2020_3;UNITY_2020;UNITY_5_3_OR_NEWER;UNITY_5_4_OR_NEWER;UNITY_5_5_OR_NEWER;UNITY_5_6_OR_NEWER;UNITY_2017_1_OR_NEWER;UNITY_2017_2_OR_NEWER;UNITY_2017_3_OR_NEWER;UNITY_2017_4_OR_NEWER;UNITY_2018_1_OR_NEWER;UNITY_2018_2_OR_NEWER;UNITY_2018_3_OR_NEWER;UNITY_2018_4_OR_NEWER;UNITY_2019_1_OR_NEWER;UNITY_2019_2_OR_NEWER;UNITY_2019_3_OR_NEWER;UNITY_2019_4_OR_NEWER;UNITY_2020_1_OR_NEWER;UNITY_2020_2_OR_NEWER;UNITY_2020_3_OR_NEWER;PLATFORM_ARCH_64;UNITY_64;UNITY_INCLUDE_TESTS;USE_SEARCH_ENGINE_API;SCENE_TEMPLATE_MODULE;ENABLE_AR;ENABLE_AUDIO;ENABLE_CACHING;ENABLE_CLOTH;ENABLE_MICROPHONE;ENABLE_MULTIPLE_DISPLAYS;ENABLE_PHYSICS;ENABLE_TEXTURE_STREAMING;ENABLE_VIRTUALTEXTURING;ENABLE_UNET;ENABLE_LZMA;ENABLE_UNITYEVENTS;ENABLE_VR;ENABLE_WEBCAM;ENABLE_UNITYWEBREQUEST;ENABLE_WWW;ENABLE_CLOUD_SERVICES;ENABLE_CLOUD_SERVICES_COLLAB;ENABLE_CLOUD_SERVICES_COLLAB_SOFTLOCKS;ENABLE_CLOUD_SERVICES_ADS;ENABLE_CLOUD_SERVICES_USE_WEBREQUEST;ENABLE_CLOUD_SERVICES_CRASH_REPORTING;ENABLE_CLOUD_SERVICES_NATIVE_CRASH_REPORTING;ENABLE_CLOUD_SERVICES_PURCHASING;ENABLE_CLOUD_SERVICES_ANALYTICS;ENABLE_CLOUD_SERVICES_UNET;ENABLE_CLOUD_SERVICES_BUILD;ENABLE_CLOUD_LICENSE;ENABLE_EDITOR_HUB_LICENSE;ENABLE_WEBSOCKET_CLIENT;ENABLE_DIRECTOR_AUDIO;ENABLE_DIRECTOR_TEXTURE;ENABLE_MANAGED_JOBS;ENABLE_MANAGED_TRANSFORM_JOBS;ENABLE_MANAGED_ANIMATION_JOBS;ENABLE_MANAGED_AUDIO_JOBS;INCLUDE_DYNAMIC_GI;ENABLE_MONO_BDWGC;ENABLE_SCRIPTING_GC_WBARRIERS;PLATFORM_SUPPORTS_MONO;RENDER_SOFTWARE_CURSOR;ENABLE_VIDEO;PLATFORM_STANDALONE;PLATFORM_STANDALONE_OSX;UNITY_STANDALONE_OSX;UNITY_STANDALONE;ENABLE_GAMECENTER;ENABLE_RUNTIME_GI;ENABLE_MOVIES;ENABLE_NETWORK;ENABLE_CRUNCH_TEXTURE_COMPRESSION;ENABLE_CLUSTER_SYNC;ENABLE_CLUSTERINPUT;ENABLE_SPATIALTRACKING;PLATFORM_UPDATES_TIME_OUTSIDE_OF_PLAYER_LOOP;ENABLE_WEBSOCKET_HOST;ENABLE_MONO;NET_4_6;ENABLE_PROFILER;UNITY_ASSERTIONS;UNITY_EDITOR;UNITY_EDITOR_64;UNITY_EDITOR_OSX;ENABLE_UNITY_COLLECTIONS_CHECKS;ENABLE_BURST_AOT;UNITY_TEAM_LICENSE;ENABLE_CUSTOM_RENDER_TEXTURE;ENABLE_DIRECTOR;ENABLE_LOCALIZATION;ENABLE_SPRITES;ENABLE_TERRAIN;ENABLE_TILEMAP;ENABLE_TIMELINE;ENABLE_LEGACY_INPUT_MANAGER;CSHARP_7_OR_LATER;CSHARP_7_3_OR_NEWER</DefineConstants>
[C# Project]   028:     <ErrorReport>prompt</ErrorReport>
[C# Project]   029:     <WarningLevel>4</WarningLevel>
[C# Project]   030:     <NoWarn>0169</NoWarn>
[C# Project]   031:     <AllowUnsafeBlocks>False</AllowUnsafeBlocks>
[C# Project] Writing /Users/artemijgerzina/Documents/GitHub/Tutorioals/Hologram/Hologram/Unity.ShaderGraph.Utilities.csproj because it has changed
[C# Project] First difference on line 50

[C# Project] Current /Users/artemijgerzina/Documents/GitHub/Tutorioals/Hologram/Hologram/Unity.ShaderGraph.Utilities.csproj:
[C# Project]   050:      <Compile Include="Packages\com.unity.shadergraph\Editor\Utilities\GenerationAPIAttribute.cs" />
[C# Project]   051:      <Compile Include="Packages\com.unity.shadergraph\Editor\Utilities\AssemblyInfo.cs" />
[C# Project]   052:      <Compile Include="Packages\com.unity.shadergraph\Editor\Utilities\StringBuilderExtensions.cs" />
[C# Project]   053:      <Compile Include="Packages\com.unity.shadergraph\Editor\Utilities\EnumInfo.cs" />
[C# Project]   054:      <None Include="Packages\com.unity.shadergraph\Editor\Utilities\Unity.ShaderGraph.Utilities.asmdef" />

[C# Project] New /Users/artemijgerzina/Documents/GitHub/Tutorioals/Hologram/Hologram/Unity.ShaderGraph.Utilities.csproj:
[C# Project]   050:      <Compile Include="Packages\com.unity.shadergraph\Editor\Utilities\EnumInfo.cs" />
[C# Project]   051:      <Compile Include="Packages\com.unity.shadergraph\Editor\Utilities\GenerationAPIAttribute.cs" />
[C# Project]   052:      <Compile Include="Packages\com.unity.shadergraph\Editor\Utilities\AssemblyInfo.cs" />
[C# Project]   053:      <Compile Include="Packages\com.unity.shadergraph\Editor\Utilities\StringBuilderExtensions.cs" />
[C# Project]   054:      <None Include="Packages\com.unity.shadergraph\Editor\Utilities\Unity.ShaderGraph.Utilities.asmdef" />
2022-08-18 20:41:13.029 Unity[21766:829560] NSEventModifierFlagFunction specified to -setKeyEquivalentModifierMask: for item <NSMenuItem: 0x6000020f39c0 Quick Recording, ke='Command-F10'>, but is only supported for system-provided menu items; will not be used
2022-08-18 20:41:13.031 Unity[21766:829560] NSEventModifierFlagFunction specified to -setKeyEquivalentModifierMask: for item <NSMenuItem: 0x6000020905b0 Font Asset, ke='Command-F12'>, but is only supported for system-provided menu items; will not be used
2022-08-18 20:41:13.032 Unity[21766:829560] NSEventModifierFlagFunction specified to -setKeyEquivalentModifierMask: for item <NSMenuItem: 0x6000020aef40 Quick Recording, ke='Command-F10'>, but is only supported for system-provided menu items; will not be used
2022-08-18 20:41:13.034 Unity[21766:829560] NSEventModifierFlagFunction specified to -setKeyEquivalentModifierMask: for item <NSMenuItem: 0x6000020a3b10 Font Asset, ke='Command-F12'>, but is only supported for system-provided menu items; will not be used
========================================================================
Worker process is ready to serve import requests
Refreshing native plugins compatible for Editor in 0.67 ms, found 4 plugins.
Preloading 0 native plugins for Editor in 0.00 ms.
Unloading 2961 Unused Serialized files (Serialized files now loaded: 0)
System memory in use before: 254.8 MB.
System memory in use after: 254.7 MB.

Unloading 141 unused Assets to reduce memory usage. Loaded Objects now: 3432.
Total: 3.132290 ms (FindLiveObjects: 0.281322 ms CreateObjectMapping: 0.114859 ms MarkObjects: 2.547665 ms  DeleteObjects: 0.187769 ms)

AssetImportParameters requested are different than current active one (requested -> active):
  custom:video-decoder-ogg-theora: a1e56fd34408186e4bbccfd4996cb3dc -> 
  custom:container-muxer-webm: aa71ff27fc2769a1b78a27578f13a17b -> 
  custom:container-demuxer-webm: 4f35f7cbe854078d1ac9338744f61a02 -> 
  custom:container-demuxer-ogg: 62fdf1f143b41e24485cea50d1cbac27 -> 
  custom:video-encoder-webm-vp8: eb34c28f22e8b96e1ab97ce403110664 -> 
  custom:framework-osx-AVFoundation: e770b220cccbd017edd2c1fefb359320 -> 
  custom:video-decoder-webm-vp8: 9c59270c3fd7afecdb556c50c9e8de78 -> 
  custom:audio-decoder-ogg-vorbis: bf7c407c2cedff20999df2af8eb42d56 -> 
  custom:audio-encoder-webm-vorbis: bf7c407c2cedff20999df2af8eb42d56 -> 
========================================================================
Received Import Request.
  path: Assets/Scenes/SampleScene.unity
  artifactKey: Guid(d1c3109bdb54ad54c8a2b2838528e640) Importer(815301076,1909f56bfc062723c751e8b465ee728b)
Start importing Assets/Scenes/SampleScene.unity using Guid(d1c3109bdb54ad54c8a2b2838528e640) Importer(815301076,1909f56bfc062723c751e8b465ee728b)  -> (artifact id: '321ac66660ac20554c250f74426d9949') in 0.018358 seconds 
  Import took 0.025948 seconds .

========================================================================
Received Prepare
Registering precompiled user dll's ...
Registered in 0.010011 seconds.
Begin MonoManager ReloadAssembly
Native extension for OSXStandalone target not found
Refreshing native plugins compatible for Editor in 0.72 ms, found 4 plugins.
Preloading 0 native plugins for Editor in 0.00 ms.
2022-08-18 20:44:23.625 Unity[21766:829560] NSEventModifierFlagFunction specified to -setKeyEquivalentModifierMask: for item <NSMenuItem: 0x6000020dab50 Quick Recording, ke='Command-F10'>, but is only supported for system-provided menu items; will not be used
2022-08-18 20:44:23.627 Unity[21766:829560] NSEventModifierFlagFunction specified to -setKeyEquivalentModifierMask: for item <NSMenuItem: 0x6000020f1960 Font Asset, ke='Command-F12'>, but is only supported for system-provided menu items; will not be used
Mono: successfully reloaded assembly
- Completed reload, in  1.169 seconds
Domain Reload Profiling:
	ReloadAssembly (1170ms)
		BeginReloadAssembly (170ms)
			ExecutionOrderSort (0ms)
			DisableScriptedObjects (11ms)
			BackupInstance (0ms)
			ReleaseScriptingObjects (0ms)
			CreateAndSetChildDomain (97ms)
		EndReloadAssembly (944ms)
			LoadAssemblies (103ms)
			RebuildTransferFunctionScriptingTraits (0ms)
			SetupTypeCache (327ms)
			ReleaseScriptCaches (1ms)
			RebuildScriptCaches (46ms)
			SetupLoadedEditorAssemblies (309ms)
				LogAssemblyErrors (0ms)
				InitializePlatformSupportModulesInManaged (4ms)
				SetLoadedEditorAssemblies (0ms)
				RefreshPlugins (1ms)
				BeforeProcessingInitializeOnLoad (119ms)
				ProcessInitializeOnLoadAttributes (175ms)
				ProcessInitializeOnLoadMethodAttributes (10ms)
				AfterProcessingInitializeOnLoad (1ms)
				EditorAssembliesLoaded (0ms)
			ExecutionOrderSort2 (0ms)
			AwakeInstancesAfterBackupRestoration (9ms)
Platform modules already initialized, skipping
Switching build target platform(2) subTarget(0) extendedPlatform(0) -> platform(13) subTarget(537395200) extendedPlatform(0)
Refreshing native plugins compatible for Editor in 1.09 ms, found 4 plugins.
Preloading 0 native plugins for Editor in 0.00 ms.
Unloading 2840 Unused Serialized files (Serialized files now loaded: 0)
System memory in use before: 239.4 MB.
System memory in use after: 239.7 MB.

Unloading 23 unused Assets to reduce memory usage. Loaded Objects now: 3435.
Total: 2.960816 ms (FindLiveObjects: 0.314921 ms CreateObjectMapping: 0.118019 ms MarkObjects: 2.507986 ms  DeleteObjects: 0.019274 ms)

AssetImportParameters requested are different than current active one (requested -> active):
  custom:video-decoder-ogg-theora: a1e56fd34408186e4bbccfd4996cb3dc -> 
  custom:container-muxer-webm: aa71ff27fc2769a1b78a27578f13a17b -> 
  custom:container-demuxer-webm: 4f35f7cbe854078d1ac9338744f61a02 -> 
  custom:container-demuxer-ogg: 62fdf1f143b41e24485cea50d1cbac27 -> 
  custom:video-encoder-webm-vp8: eb34c28f22e8b96e1ab97ce403110664 -> 
  custom:framework-osx-AVFoundation: e770b220cccbd017edd2c1fefb359320 -> 
  custom:video-decoder-webm-vp8: 9c59270c3fd7afecdb556c50c9e8de78 -> 
  custom:graphics/normal-map-encoding: 01000000000000000000000000000000 -> 02000000000000000000000000000000
  custom:audio-decoder-ogg-vorbis: bf7c407c2cedff20999df2af8eb42d56 -> 
  custom:audio-encoder-webm-vorbis: bf7c407c2cedff20999df2af8eb42d56 -> 
