Unity Editor version:    2020.3.22f1 (e1a7f79fd887)
Branch:                  2020.3/staging
Build type:              Release
Batch mode:              YES
macOS version:           Version 12.4 (Build 21F79)
Darwin version:          21.5.0
Architecture:            x86_64
Running under Rosetta:   NO
Available memory:        8192 MB
Using pre-set license
Pro License: NO

COMMAND LINE ARGUMENTS:
/Applications/Unity/Hub/Editor/2020.3.22f1/Unity.app/Contents/MacOS/Unity
-adb2
-batchMode
-noUpm
-name
AssetImportWorker0
-projectPath
/Users/artemijgerzina/Documents/GitHub/Tutorioals/Tutorials
-logFile
Logs/AssetImportWorker0.log
-srvPort
50724
Successfully changed project path to: /Users/artemijgerzina/Documents/GitHub/Tutorioals/Tutorials
/Users/artemijgerzina/Documents/GitHub/Tutorioals/Tutorials
Using Asset Import Pipeline V2.
Refreshing native plugins compatible for Editor in 85.74 ms, found 4 plugins.
Preloading 0 native plugins for Editor in 0.00 ms.
Initialize engine version: 2020.3.22f1 (e1a7f79fd887)
[Subsystems] Discovering subsystems at path /Applications/Unity/Hub/Editor/2020.3.22f1/Unity.app/Contents/Resources/UnitySubsystems
[Subsystems] Discovering subsystems at path /Users/artemijgerzina/Documents/GitHub/Tutorioals/Tutorials/Assets
GfxDevice: creating device client; threaded=0
2022-08-18 13:52:42.967 Unity[11846:479924] iMac preferred device: AMD Radeon Pro 5300 (high power)
2022-08-18 13:52:42.967 Unity[11846:479924] Metal devices available: 1
2022-08-18 13:52:42.967 Unity[11846:479924] 0: AMD Radeon Pro 5300 (high power)
2022-08-18 13:52:42.968 Unity[11846:479924] Using device AMD Radeon Pro 5300 (high power)
Initializing Metal device caps: AMD Radeon Pro 5300
Initialize mono
Mono path[0] = '/Applications/Unity/Hub/Editor/2020.3.22f1/Unity.app/Contents/Managed'
Mono path[1] = '/Applications/Unity/Hub/Editor/2020.3.22f1/Unity.app/Contents/MonoBleedingEdge/lib/mono/unityjit'
Mono config path = '/Applications/Unity/Hub/Editor/2020.3.22f1/Unity.app/Contents/MonoBleedingEdge/etc'
Using monoOptions --debugger-agent=transport=dt_socket,embedding=1,server=y,suspend=n,address=127.0.0.1:56846
Begin MonoManager ReloadAssembly
Registering precompiled unity dll's ...
Register platform support module: /Applications/Unity/Hub/Editor/2020.3.22f1/Unity.app/Contents/PlaybackEngines/MacStandaloneSupport/UnityEditor.OSXStandalone.Extensions.dll
Registered in 0.001447 seconds.
Native extension for OSXStandalone target not found
Refreshing native plugins compatible for Editor in 86.94 ms, found 4 plugins.
Preloading 0 native plugins for Editor in 0.00 ms.
Mono: successfully reloaded assembly
- Completed reload, in  3.956 seconds
Domain Reload Profiling:
	ReloadAssembly (3956ms)
		BeginReloadAssembly (36ms)
			ExecutionOrderSort (0ms)
			DisableScriptedObjects (0ms)
			BackupInstance (0ms)
			ReleaseScriptingObjects (0ms)
			CreateAndSetChildDomain (1ms)
		EndReloadAssembly (511ms)
			LoadAssemblies (37ms)
			RebuildTransferFunctionScriptingTraits (0ms)
			SetupTypeCache (170ms)
			ReleaseScriptCaches (0ms)
			RebuildScriptCaches (38ms)
			SetupLoadedEditorAssemblies (217ms)
				LogAssemblyErrors (0ms)
				InitializePlatformSupportModulesInManaged (4ms)
				SetLoadedEditorAssemblies (0ms)
				RefreshPlugins (87ms)
				BeforeProcessingInitializeOnLoad (17ms)
				ProcessInitializeOnLoadAttributes (81ms)
				ProcessInitializeOnLoadMethodAttributes (26ms)
				AfterProcessingInitializeOnLoad (0ms)
				EditorAssembliesLoaded (0ms)
			ExecutionOrderSort2 (0ms)
			AwakeInstancesAfterBackupRestoration (0ms)
Platform modules already initialized, skipping
Registering precompiled user dll's ...
Registered in 0.009723 seconds.
Begin MonoManager ReloadAssembly
Native extension for OSXStandalone target not found
Refreshing native plugins compatible for Editor in 79.33 ms, found 4 plugins.
Preloading 0 native plugins for Editor in 0.00 ms.
WARNING: RGBA Compressed ETC2 UNorm format is not supported, decompressing texture
Mono: successfully reloaded assembly
- Completed reload, in  1.221 seconds
Domain Reload Profiling:
	ReloadAssembly (1222ms)
		BeginReloadAssembly (126ms)
			ExecutionOrderSort (0ms)
			DisableScriptedObjects (4ms)
			BackupInstance (0ms)
			ReleaseScriptingObjects (0ms)
			CreateAndSetChildDomain (19ms)
		EndReloadAssembly (1044ms)
			LoadAssemblies (99ms)
			RebuildTransferFunctionScriptingTraits (0ms)
			SetupTypeCache (363ms)
			ReleaseScriptCaches (1ms)
			RebuildScriptCaches (86ms)
			SetupLoadedEditorAssemblies (379ms)
				LogAssemblyErrors (0ms)
				InitializePlatformSupportModulesInManaged (4ms)
				SetLoadedEditorAssemblies (0ms)
				RefreshPlugins (79ms)
				BeforeProcessingInitializeOnLoad (82ms)
				ProcessInitializeOnLoadAttributes (202ms)
				ProcessInitializeOnLoadMethodAttributes (11ms)
				AfterProcessingInitializeOnLoad (1ms)
				EditorAssembliesLoaded (0ms)
			ExecutionOrderSort2 (0ms)
			AwakeInstancesAfterBackupRestoration (6ms)
Platform modules already initialized, skipping
Validating Project structure ... 0.061780 seconds.
Shader import version has changed; will reimport all shaders...
Upgrading shader files ...0.082487 seconds.
Application.AssetDatabase Initial Script Refresh Start
RefreshInfo: InitialScriptRefreshV2(NoUpdateAssetOptions) scanfilter:  ... 1 filters
RefreshProfiler: Total: 0.000ms
Application.AssetDatabase Initial Script Refresh End
Application.AssetDatabase.Refresh Start
Application.AssetDatabase.Refresh End
RefreshInfo: StopAssetImportingV2(ForceSynchronousImport) scanfilter: 
RefreshProfiler: Total: 0.000ms
WARNING: RGBA Compressed ETC2 UNorm format is not supported, decompressing texture
Launching external process: /Applications/Unity/Hub/Editor/2020.3.22f1/Unity.app/Contents/Tools/UnityShaderCompiler
Launched and connected shader compiler UnityShaderCompiler after 0.02 seconds
Initializing Unity extensions:
[C# Project] Writing /Users/artemijgerzina/Documents/GitHub/Tutorioals/Tutorials/Tutorials.sln because it has changed
[C# Project] First difference on line 4

[C# Project] Current /Users/artemijgerzina/Documents/GitHub/Tutorioals/Tutorials/Tutorials.sln:
[C# Project]   004: Project("{FAE04EC0-301F-11D3-BF4B-00C04F79EFBC}") = "Assembly-CSharp", "Assembly-CSharp.csproj", "{27565DDE-1F5E-7054-8164-A21E05FA5274}"
[C# Project]   005: EndProject
[C# Project]   006: Project("{FAE04EC0-301F-11D3-BF4B-00C04F79EFBC}") = "Assembly-CSharp-Editor", "Assembly-CSharp-Editor.csproj", "{0D85BA71-E218-65DA-2E70-0B7B822AA730}"
[C# Project]   007: EndProject
[C# Project]   008: Global

[C# Project] New /Users/artemijgerzina/Documents/GitHub/Tutorioals/Tutorials/Tutorials.sln:
[C# Project]   004: Project("{FAE04EC0-301F-11D3-BF4B-00C04F79EFBC}") = "UnityEngine.UI", "UnityEngine.UI.csproj", "{AC0349EB-2DF7-E22E-B57F-28A79690ECC7}"
[C# Project]   005: EndProject
[C# Project]   006: Project("{FAE04EC0-301F-11D3-BF4B-00C04F79EFBC}") = "Unity.RenderPipelines.Core.Runtime", "Unity.RenderPipelines.Core.Runtime.csproj", "{DA27060A-8E74-26AD-F4AF-738886A25B77}"
[C# Project]   007: EndProject
[C# Project]   008: Project("{FAE04EC0-301F-11D3-BF4B-00C04F79EFBC}") = "UnityEngine.TestRunner", "UnityEngine.TestRunner.csproj", "{3B361139-FDB8-94F7-4AA7-E16195F7EB9A}"
[C# Project] Writing /Users/artemijgerzina/Documents/GitHub/Tutorioals/Tutorials/UnityEngine.UI.csproj because it has changed
[C# Project] First difference on line 50

[C# Project] Current /Users/artemijgerzina/Documents/GitHub/Tutorioals/Tutorials/UnityEngine.UI.csproj:
[C# Project]   050:      <Compile Include="Packages\com.unity.ugui\Runtime\UI\Core\Image.cs" />
[C# Project]   051:      <Compile Include="Packages\com.unity.ugui\Runtime\UI\Core\Mask.cs" />
[C# Project]   052:      <Compile Include="Packages\com.unity.ugui\Runtime\UI\Core\Toggle.cs" />
[C# Project]   053:      <Compile Include="Packages\com.unity.ugui\Runtime\UI\Core\Button.cs" />
[C# Project]   054:      <Compile Include="Packages\com.unity.ugui\Runtime\EventSystem\InputModules\StandaloneInputModule.cs" />

[C# Project] New /Users/artemijgerzina/Documents/GitHub/Tutorioals/Tutorials/UnityEngine.UI.csproj:
[C# Project]   050:      <Compile Include="Packages\com.unity.ugui\Runtime\UI\Core\Toggle.cs" />
[C# Project]   051:      <Compile Include="Packages\com.unity.ugui\Runtime\UI\Core\Image.cs" />
[C# Project]   052:      <Compile Include="Packages\com.unity.ugui\Runtime\UI\Core\Text.cs" />
[C# Project]   053:      <Compile Include="Packages\com.unity.ugui\Runtime\UI\Core\Mask.cs" />
[C# Project]   054:      <Compile Include="Packages\com.unity.ugui\Runtime\UI\Core\GraphicRaycaster.cs" />
[C# Project] Writing /Users/artemijgerzina/Documents/GitHub/Tutorioals/Tutorials/UnityEngine.TestRunner.csproj because it has changed
[C# Project] First difference on line 52

[C# Project] Current /Users/artemijgerzina/Documents/GitHub/Tutorioals/Tutorials/UnityEngine.TestRunner.csproj:
[C# Project]   052:      <Compile Include="Packages\com.unity.test-framework\UnityEngine.TestRunner\Utils\QuaternionEqualityComparer.cs" />
[C# Project]   053:      <Compile Include="Packages\com.unity.test-framework\UnityEngine.TestRunner\Utils\AssemblyProvider\IScriptingRuntimeProxy.cs" />
[C# Project]   054:      <Compile Include="Packages\com.unity.test-framework\UnityEngine.TestRunner\NUnitExtensions\Runner\UnityTestAssemblyRunner.cs" />
[C# Project]   055:      <Compile Include="Packages\com.unity.test-framework\UnityEngine.TestRunner\NUnitExtensions\Runner\UnityTestExecutionContext.cs" />
[C# Project]   056:      <Compile Include="Packages\com.unity.test-framework\UnityEngine.TestRunner\NUnitExtensions\Runner\FailCommand.cs" />

[C# Project] New /Users/artemijgerzina/Documents/GitHub/Tutorioals/Tutorials/UnityEngine.TestRunner.csproj:
[C# Project]   052:      <Compile Include="Packages\com.unity.test-framework\UnityEngine.TestRunner\Utils\AssemblyProvider\IScriptingRuntimeProxy.cs" />
[C# Project]   053:      <Compile Include="Packages\com.unity.test-framework\UnityEngine.TestRunner\NUnitExtensions\Runner\UnityTestExecutionContext.cs" />
[C# Project]   054:      <Compile Include="Packages\com.unity.test-framework\UnityEngine.TestRunner\TestRunner\RemoteHelpers\RemoteTestResultData.cs" />
[C# Project]   055:      <Compile Include="Packages\com.unity.test-framework\UnityEngine.TestRunner\Utils\Vector4ComparerWithEqualsOperator.cs" />
[C# Project]   056:      <Compile Include="Packages\com.unity.test-framework\UnityEngine.TestRunner\TestRunner\PlaymodeTestsControllerSettings.cs" />
[C# Project] Writing /Users/artemijgerzina/Documents/GitHub/Tutorioals/Tutorials/Assembly-CSharp.csproj because it has changed
[C# Project] First difference on line 27

[C# Project] Current /Users/artemijgerzina/Documents/GitHub/Tutorioals/Tutorials/Assembly-CSharp.csproj:
[C# Project]   027:     <DefineConstants>DEBUG;TRACE;UNITY_2020_3_22;UNITY_2020_3;UNITY_2020;UNITY_5_3_OR_NEWER;UNITY_5_4_OR_NEWER;UNITY_5_5_OR_NEWER;UNITY_5_6_OR_NEWER;UNITY_2017_1_OR_NEWER;UNITY_2017_2_OR_NEWER;UNITY_2017_3_OR_NEWER;UNITY_2017_4_OR_NEWER;UNITY_2018_1_OR_NEWER;UNITY_2018_2_OR_NEWER;UNITY_2018_3_OR_NEWER;UNITY_2018_4_OR_NEWER;UNITY_2019_1_OR_NEWER;UNITY_2019_2_OR_NEWER;UNITY_2019_3_OR_NEWER;UNITY_2019_4_OR_NEWER;UNITY_2020_1_OR_NEWER;UNITY_2020_2_OR_NEWER;UNITY_2020_3_OR_NEWER;UNITY_INCLUDE_TESTS;USE_SEARCH_ENGINE_API;SCENE_TEMPLATE_MODULE;ENABLE_AR;ENABLE_AUDIO;ENABLE_CACHING;ENABLE_CLOTH;ENABLE_EVENT_QUEUE;ENABLE_MICROPHONE;ENABLE_MULTIPLE_DISPLAYS;ENABLE_PHYSICS;ENABLE_TEXTURE_STREAMING;ENABLE_UNET;ENABLE_LZMA;ENABLE_UNITYEVENTS;ENABLE_VR;ENABLE_WEBCAM;ENABLE_UNITYWEBREQUEST;ENABLE_WWW;ENABLE_CLOUD_SERVICES;ENABLE_CLOUD_SERVICES_COLLAB;ENABLE_CLOUD_SERVICES_COLLAB_SOFTLOCKS;ENABLE_CLOUD_SERVICES_ADS;ENABLE_CLOUD_SERVICES_USE_WEBREQUEST;ENABLE_CLOUD_SERVICES_CRASH_REPORTING;ENABLE_CLOUD_SERVICES_NATIVE_CRASH_REPORTING;ENABLE_CLOUD_SERVICES_PURCHASING;ENABLE_CLOUD_SERVICES_ANALYTICS;ENABLE_CLOUD_SERVICES_UNET;ENABLE_CLOUD_SERVICES_BUILD;ENABLE_CLOUD_LICENSE;ENABLE_EDITOR_HUB_LICENSE;ENABLE_WEBSOCKET_CLIENT;ENABLE_DIRECTOR_AUDIO;ENABLE_DIRECTOR_TEXTURE;ENABLE_MANAGED_JOBS;ENABLE_MANAGED_TRANSFORM_JOBS;ENABLE_MANAGED_ANIMATION_JOBS;ENABLE_MANAGED_AUDIO_JOBS;ENABLE_RUNTIME_PERMISSIONS;ENABLE_ENGINE_CODE_STRIPPING;ENABLE_ONSCREEN_KEYBOARD;INCLUDE_DYNAMIC_GI;ENABLE_MONO_BDWGC;ENABLE_SCRIPTING_GC_WBARRIERS;PLATFORM_SUPPORTS_MONO;ENABLE_VIDEO;PLATFORM_ANDROID;UNITY_ANDROID;UNITY_ANDROID_API;ENABLE_EGL;ENABLE_NETWORK;ENABLE_RUNTIME_GI;ENABLE_CRUNCH_TEXTURE_COMPRESSION;UNITY_CAN_SHOW_SPLASH_SCREEN;UNITY_HAS_GOOGLEVR;UNITY_HAS_TANGO;ENABLE_SPATIALTRACKING;PLATFORM_EXTENDS_VULKAN_DEVICE;PLATFORM_HAS_MULTIPLE_SWAPCHAINS;UNITY_ANDROID_SUPPORTS_SHADOWFILES;ENABLE_UNITYADS_RUNTIME;UNITY_UNITYADS_API;ENABLE_MONO;NET_STANDARD_2_0;ENABLE_PROFILER;UNITY_ASSERTIONS;UNITY_EDITOR;UNITY_EDITOR_64;UNITY_EDITOR_OSX;ENABLE_UNITY_COLLECTIONS_CHECKS;ENABLE_BURST_AOT;UNITY_TEAM_LICENSE;ENABLE_CUSTOM_RENDER_TEXTURE;ENABLE_DIRECTOR;ENABLE_LOCALIZATION;ENABLE_SPRITES;ENABLE_TERRAIN;ENABLE_TILEMAP;ENABLE_TIMELINE;ENABLE_LEGACY_INPUT_MANAGER;CSHARP_7_OR_LATER;CSHARP_7_3_OR_NEWER</DefineConstants>
[C# Project]   028:     <ErrorReport>prompt</ErrorReport>
[C# Project]   029:     <WarningLevel>4</WarningLevel>
[C# Project]   030:     <NoWarn>0169</NoWarn>
[C# Project]   031:     <AllowUnsafeBlocks>False</AllowUnsafeBlocks>

[C# Project] New /Users/artemijgerzina/Documents/GitHub/Tutorioals/Tutorials/Assembly-CSharp.csproj:
[C# Project]   027:     <DefineConstants>DEBUG;TRACE;UNITY_2020_3_22;UNITY_2020_3;UNITY_2020;UNITY_5_3_OR_NEWER;UNITY_5_4_OR_NEWER;UNITY_5_5_OR_NEWER;UNITY_5_6_OR_NEWER;UNITY_2017_1_OR_NEWER;UNITY_2017_2_OR_NEWER;UNITY_2017_3_OR_NEWER;UNITY_2017_4_OR_NEWER;UNITY_2018_1_OR_NEWER;UNITY_2018_2_OR_NEWER;UNITY_2018_3_OR_NEWER;UNITY_2018_4_OR_NEWER;UNITY_2019_1_OR_NEWER;UNITY_2019_2_OR_NEWER;UNITY_2019_3_OR_NEWER;UNITY_2019_4_OR_NEWER;UNITY_2020_1_OR_NEWER;UNITY_2020_2_OR_NEWER;UNITY_2020_3_OR_NEWER;PLATFORM_ARCH_64;UNITY_64;UNITY_INCLUDE_TESTS;USE_SEARCH_ENGINE_API;SCENE_TEMPLATE_MODULE;ENABLE_AR;ENABLE_AUDIO;ENABLE_CACHING;ENABLE_CLOTH;ENABLE_MICROPHONE;ENABLE_MULTIPLE_DISPLAYS;ENABLE_PHYSICS;ENABLE_TEXTURE_STREAMING;ENABLE_VIRTUALTEXTURING;ENABLE_UNET;ENABLE_LZMA;ENABLE_UNITYEVENTS;ENABLE_VR;ENABLE_WEBCAM;ENABLE_UNITYWEBREQUEST;ENABLE_WWW;ENABLE_CLOUD_SERVICES;ENABLE_CLOUD_SERVICES_COLLAB;ENABLE_CLOUD_SERVICES_COLLAB_SOFTLOCKS;ENABLE_CLOUD_SERVICES_ADS;ENABLE_CLOUD_SERVICES_USE_WEBREQUEST;ENABLE_CLOUD_SERVICES_CRASH_REPORTING;ENABLE_CLOUD_SERVICES_NATIVE_CRASH_REPORTING;ENABLE_CLOUD_SERVICES_PURCHASING;ENABLE_CLOUD_SERVICES_ANALYTICS;ENABLE_CLOUD_SERVICES_UNET;ENABLE_CLOUD_SERVICES_BUILD;ENABLE_CLOUD_LICENSE;ENABLE_EDITOR_HUB_LICENSE;ENABLE_WEBSOCKET_CLIENT;ENABLE_DIRECTOR_AUDIO;ENABLE_DIRECTOR_TEXTURE;ENABLE_MANAGED_JOBS;ENABLE_MANAGED_TRANSFORM_JOBS;ENABLE_MANAGED_ANIMATION_JOBS;ENABLE_MANAGED_AUDIO_JOBS;INCLUDE_DYNAMIC_GI;ENABLE_MONO_BDWGC;ENABLE_SCRIPTING_GC_WBARRIERS;PLATFORM_SUPPORTS_MONO;RENDER_SOFTWARE_CURSOR;ENABLE_VIDEO;PLATFORM_STANDALONE;PLATFORM_STANDALONE_OSX;UNITY_STANDALONE_OSX;UNITY_STANDALONE;ENABLE_GAMECENTER;ENABLE_RUNTIME_GI;ENABLE_MOVIES;ENABLE_NETWORK;ENABLE_CRUNCH_TEXTURE_COMPRESSION;ENABLE_CLUSTER_SYNC;ENABLE_CLUSTERINPUT;ENABLE_SPATIALTRACKING;PLATFORM_UPDATES_TIME_OUTSIDE_OF_PLAYER_LOOP;ENABLE_WEBSOCKET_HOST;ENABLE_MONO;NET_STANDARD_2_0;ENABLE_PROFILER;UNITY_ASSERTIONS;UNITY_EDITOR;UNITY_EDITOR_64;UNITY_EDITOR_OSX;ENABLE_UNITY_COLLECTIONS_CHECKS;ENABLE_BURST_AOT;UNITY_TEAM_LICENSE;ENABLE_CUSTOM_RENDER_TEXTURE;ENABLE_DIRECTOR;ENABLE_LOCALIZATION;ENABLE_SPRITES;ENABLE_TERRAIN;ENABLE_TILEMAP;ENABLE_TIMELINE;ENABLE_LEGACY_INPUT_MANAGER;CSHARP_7_OR_LATER;CSHARP_7_3_OR_NEWER</DefineConstants>
[C# Project]   028:     <ErrorReport>prompt</ErrorReport>
[C# Project]   029:     <WarningLevel>4</WarningLevel>
[C# Project]   030:     <NoWarn>0169</NoWarn>
[C# Project]   031:     <AllowUnsafeBlocks>False</AllowUnsafeBlocks>
[C# Project] Writing /Users/artemijgerzina/Documents/GitHub/Tutorioals/Tutorials/UnityEngine.UI.Tests.csproj because it has changed
[C# Project] First difference on line 53

[C# Project] Current /Users/artemijgerzina/Documents/GitHub/Tutorioals/Tutorials/UnityEngine.UI.Tests.csproj:
[C# Project]   053:      <Compile Include="Packages\com.unity.ugui\Tests\Runtime\Util\UIBehaviourExtensions.cs" />
[C# Project]   054:      <Compile Include="Packages\com.unity.ugui\Tests\Runtime\EventSystem\SelectableTests.cs" />
[C# Project]   055:      <Compile Include="Packages\com.unity.ugui\Tests\Runtime\ScrollRect\ScrollRectTests.cs" />
[C# Project]   056:      <Compile Include="Packages\com.unity.ugui\Tests\Runtime\Util\ImageHook.cs" />
[C# Project]   057:      <Compile Include="Packages\com.unity.ugui\Tests\Runtime\EventSystem\InputModuleTests.cs" />

[C# Project] New /Users/artemijgerzina/Documents/GitHub/Tutorioals/Tutorials/UnityEngine.UI.Tests.csproj:
[C# Project]   053:      <Compile Include="Packages\com.unity.ugui\Tests\Runtime\ScrollRect\ScrollRectTests.cs" />
[C# Project]   054:      <Compile Include="Packages\com.unity.ugui\Tests\Runtime\Util\ImageHook.cs" />
[C# Project]   055:      <Compile Include="Packages\com.unity.ugui\Tests\Runtime\InputField\GenericInputFieldTests.cs" />
[C# Project]   056:      <Compile Include="Packages\com.unity.ugui\Tests\Runtime\TextEditor\TextEditorTests.cs" />
[C# Project]   057:      <Compile Include="Packages\com.unity.ugui\Tests\Runtime\Canvas\RectMask2DWithNestedCanvasCullsUsingCorrectCanvasRect.cs" />
[C# Project] Writing /Users/artemijgerzina/Documents/GitHub/Tutorioals/Tutorials/Unity.TextMeshPro.csproj because it has changed
[C# Project] First difference on line 50

[C# Project] Current /Users/artemijgerzina/Documents/GitHub/Tutorioals/Tutorials/Unity.TextMeshPro.csproj:
[C# Project]   050:      <Compile Include="Packages\com.unity.textmeshpro\Scripts\Runtime\TMP_InputField.cs" />
[C# Project]   051:      <Compile Include="Packages\com.unity.textmeshpro\Scripts\Runtime\TMP_TextProcessingStack.cs" />
[C# Project]   052:      <Compile Include="Packages\com.unity.textmeshpro\Scripts\Runtime\TMP_TextUtilities.cs" />
[C# Project]   053:      <Compile Include="Packages\com.unity.textmeshpro\Scripts\Runtime\TMP_SpriteGlyph.cs" />
[C# Project]   054:      <Compile Include="Packages\com.unity.textmeshpro\Scripts\Runtime\TMP_FontAsset.cs" />

[C# Project] New /Users/artemijgerzina/Documents/GitHub/Tutorioals/Tutorials/Unity.TextMeshPro.csproj:
[C# Project]   050:      <Compile Include="Packages\com.unity.textmeshpro\Scripts\Runtime\TMP_TextProcessingStack.cs" />
[C# Project]   051:      <Compile Include="Packages\com.unity.textmeshpro\Scripts\Runtime\TMP_TextUtilities.cs" />
[C# Project]   052:      <Compile Include="Packages\com.unity.textmeshpro\Scripts\Runtime\TMP_SpriteGlyph.cs" />
[C# Project]   053:      <Compile Include="Packages\com.unity.textmeshpro\Scripts\Runtime\ITextPreProcessor.cs" />
[C# Project]   054:      <Compile Include="Packages\com.unity.textmeshpro\Scripts\Runtime\TMPro_MeshUtilities.cs" />
[C# Project] Writing /Users/artemijgerzina/Documents/GitHub/Tutorioals/Tutorials/Cinemachine.csproj because it has changed
[C# Project] First difference on line 50

[C# Project] Current /Users/artemijgerzina/Documents/GitHub/Tutorioals/Tutorials/Cinemachine.csproj:
[C# Project]   050:      <Compile Include="Packages\com.unity.cinemachine\Runtime\Behaviours\CinemachinePath.cs" />
[C# Project]   051:      <Compile Include="Packages\com.unity.cinemachine\Runtime\PostProcessing\CinemachineVolumeSettings.cs" />
[C# Project]   052:      <Compile Include="Packages\com.unity.cinemachine\Runtime\Core\ICinemachineCamera.cs" />
[C# Project]   053:      <Compile Include="Packages\com.unity.cinemachine\Runtime\Core\CinemachineDebug.cs" />
[C# Project]   054:      <Compile Include="Packages\com.unity.cinemachine\Runtime\Core\UnityVectorExtensions.cs" />

[C# Project] New /Users/artemijgerzina/Documents/GitHub/Tutorioals/Tutorials/Cinemachine.csproj:
[C# Project]   050:      <Compile Include="Packages\com.unity.cinemachine\Runtime\Core\CinemachineDebug.cs" />
[C# Project]   051:      <Compile Include="Packages\com.unity.cinemachine\Runtime\Core\UnityVectorExtensions.cs" />
[C# Project]   052:      <Compile Include="Packages\com.unity.cinemachine\Runtime\Behaviours\CinemachineExternalCamera.cs" />
[C# Project]   053:      <Compile Include="Packages\com.unity.cinemachine\Runtime\Behaviours\CinemachineFreeLook.cs" />
[C# Project]   054:      <Compile Include="Packages\com.unity.cinemachine\Runtime\Helpers\CinemachineTriggerAction.cs" />
[C# Project] Writing /Users/artemijgerzina/Documents/GitHub/Tutorioals/Tutorials/Unity.Timeline.csproj because it has changed
[C# Project] First difference on line 50

[C# Project] Current /Users/artemijgerzina/Documents/GitHub/Tutorioals/Tutorials/Unity.Timeline.csproj:
[C# Project]   050:      <Compile Include="Packages\com.unity.timeline\Runtime\Animation\AnimationPlayableAsset.cs" />
[C# Project]   051:      <Compile Include="Packages\com.unity.timeline\Runtime\Events\Signals\SignalAsset.cs" />
[C# Project]   052:      <Compile Include="Packages\com.unity.timeline\Runtime\Events\Signals\CustomSignalEventDrawer.cs" />
[C# Project]   053:      <Compile Include="Packages\com.unity.timeline\Runtime\Evaluation\RuntimeElement.cs" />
[C# Project]   054:      <Compile Include="Packages\com.unity.timeline\Runtime\Animation\AnimationPreviewUpdateCallback.cs" />

[C# Project] New /Users/artemijgerzina/Documents/GitHub/Tutorioals/Tutorials/Unity.Timeline.csproj:
[C# Project]   050:      <Compile Include="Packages\com.unity.timeline\Runtime\Events\Signals\SignalAsset.cs" />
[C# Project]   051:      <Compile Include="Packages\com.unity.timeline\Runtime\Events\Signals\CustomSignalEventDrawer.cs" />
[C# Project]   052:      <Compile Include="Packages\com.unity.timeline\Runtime\Animation\AnimationPreviewUpdateCallback.cs" />
[C# Project]   053:      <Compile Include="Packages\com.unity.timeline\Runtime\TimelinePlayable.cs" />
[C# Project]   054:      <Compile Include="Packages\com.unity.timeline\Runtime\Utilities\IPropertyPreview.cs" />
[C# Project] Writing /Users/artemijgerzina/Documents/GitHub/Tutorioals/Tutorials/Unity.Recorder.csproj because it has changed
[C# Project] First difference on line 293

[C# Project] Current /Users/artemijgerzina/Documents/GitHub/Tutorioals/Tutorials/Unity.Recorder.csproj:
[C# Project]   293:  <Reference Include="Newtonsoft.Json">
[C# Project]   294:  <HintPath>/Users/artemijgerzina/Documents/GitHub/Tutorioals/Tutorials/Library/PackageCache/com.unity.nuget.newtonsoft-json@2.0.0/Runtime/Newtonsoft.Json.dll</HintPath>
[C# Project]   295:  </Reference>
[C# Project]   296:  <Reference Include="netstandard">
[C# Project]   297:  <HintPath>/Applications/Unity/Hub/Editor/2020.3.22f1/Unity.app/Contents/NetStandard/ref/2.0.0/netstandard.dll</HintPath>

[C# Project] New /Users/artemijgerzina/Documents/GitHub/Tutorioals/Tutorials/Unity.Recorder.csproj:
[C# Project]   293:  <Reference Include="ICSharpCode.NRefactory">
[C# Project]   294:  <HintPath>/Users/artemijgerzina/Documents/GitHub/Tutorioals/Tutorials/Library/PackageCache/com.unity.render-pipelines.core@10.7.0/Editor/ShaderGenerator/ICSharpCode.NRefactory.dll</HintPath>
[C# Project]   295:  </Reference>
[C# Project]   296:  <Reference Include="Newtonsoft.Json">
[C# Project]   297:  <HintPath>/Users/artemijgerzina/Documents/GitHub/Tutorioals/Tutorials/Library/PackageCache/com.unity.nuget.newtonsoft-json@2.0.0/Runtime/Newtonsoft.Json.dll</HintPath>
[C# Project] Writing /Users/artemijgerzina/Documents/GitHub/Tutorioals/Tutorials/Unity.Recorder.Base.csproj because it has changed
[C# Project] First difference on line 292

[C# Project] Current /Users/artemijgerzina/Documents/GitHub/Tutorioals/Tutorials/Unity.Recorder.Base.csproj:
[C# Project]   292:  <Reference Include="Newtonsoft.Json">
[C# Project]   293:  <HintPath>/Users/artemijgerzina/Documents/GitHub/Tutorioals/Tutorials/Library/PackageCache/com.unity.nuget.newtonsoft-json@2.0.0/Runtime/Newtonsoft.Json.dll</HintPath>
[C# Project]   294:  </Reference>
[C# Project]   295:  <Reference Include="netstandard">
[C# Project]   296:  <HintPath>/Applications/Unity/Hub/Editor/2020.3.22f1/Unity.app/Contents/NetStandard/ref/2.0.0/netstandard.dll</HintPath>

[C# Project] New /Users/artemijgerzina/Documents/GitHub/Tutorioals/Tutorials/Unity.Recorder.Base.csproj:
[C# Project]   292:  <Reference Include="ICSharpCode.NRefactory">
[C# Project]   293:  <HintPath>/Users/artemijgerzina/Documents/GitHub/Tutorioals/Tutorials/Library/PackageCache/com.unity.render-pipelines.core@10.7.0/Editor/ShaderGenerator/ICSharpCode.NRefactory.dll</HintPath>
[C# Project]   294:  </Reference>
[C# Project]   295:  <Reference Include="Newtonsoft.Json">
[C# Project]   296:  <HintPath>/Users/artemijgerzina/Documents/GitHub/Tutorioals/Tutorials/Library/PackageCache/com.unity.nuget.newtonsoft-json@2.0.0/Runtime/Newtonsoft.Json.dll</HintPath>
[C# Project] Writing /Users/artemijgerzina/Documents/GitHub/Tutorioals/Tutorials/Unity.PlasticSCM.Editor.csproj because it has changed
[C# Project] First difference on line 51

[C# Project] Current /Users/artemijgerzina/Documents/GitHub/Tutorioals/Tutorials/Unity.PlasticSCM.Editor.csproj:
[C# Project]   051:      <Compile Include="Packages\com.unity.collab-proxy\Editor\PlasticSCM\Views\PendingChanges\Dialogs\EmptyCheckinMessageDialog.cs" />
[C# Project]   052:      <Compile Include="Packages\com.unity.collab-proxy\Editor\PlasticSCM\Configuration\CloudEdition\Welcome\AutoLogin.cs" />
[C# Project]   053:      <Compile Include="Packages\com.unity.collab-proxy\Editor\PlasticSCM\UI\Tree\TreeViewItemIds.cs" />
[C# Project]   054:      <Compile Include="Packages\com.unity.collab-proxy\Editor\PlasticSCM\Views\IncomingChanges\Gluon\IncomingChangesTab.cs" />
[C# Project]   055:      <Compile Include="Packages\com.unity.collab-proxy\Editor\PlasticSCM\Developer\UpdateReport\UpdateReportDialog.cs" />

[C# Project] New /Users/artemijgerzina/Documents/GitHub/Tutorioals/Tutorials/Unity.PlasticSCM.Editor.csproj:
[C# Project]   051:      <Compile Include="Packages\com.unity.collab-proxy\Editor\PlasticSCM\UI\Tree\TreeViewItemIds.cs" />
[C# Project]   052:      <Compile Include="Packages\com.unity.collab-proxy\Editor\PlasticSCM\Views\IncomingChanges\Gluon\IncomingChangesTab.cs" />
[C# Project]   053:      <Compile Include="Packages\com.unity.collab-proxy\Editor\PlasticSCM\Developer\UpdateReport\UpdateReportDialog.cs" />
[C# Project]   054:      <Compile Include="Packages\com.unity.collab-proxy\Editor\PlasticSCM\UI\Avatar\ApplyCircleMask.cs" />
[C# Project]   055:      <Compile Include="Packages\com.unity.collab-proxy\Editor\PlasticSCM\Developer\ProgressOperationHandler.cs" />
[C# Project] Writing /Users/artemijgerzina/Documents/GitHub/Tutorioals/Tutorials/Unity.VisualStudio.Editor.csproj because it has changed
[C# Project] First difference on line 52

[C# Project] Current /Users/artemijgerzina/Documents/GitHub/Tutorioals/Tutorials/Unity.VisualStudio.Editor.csproj:
[C# Project]   052:      <Compile Include="Packages\com.unity.ide.visualstudio\Editor\UnityInstallation.cs" />
[C# Project]   053:      <Compile Include="Packages\com.unity.ide.visualstudio\Editor\KnownAssemblies.cs" />
[C# Project]   054:      <Compile Include="Packages\com.unity.ide.visualstudio\Editor\UsageUtility.cs" />
[C# Project]   055:      <Compile Include="Packages\com.unity.ide.visualstudio\Editor\Messaging\Deserializer.cs" />
[C# Project]   056:      <Compile Include="Packages\com.unity.ide.visualstudio\Editor\Testing\TestRunnerApiListener.cs" />

[C# Project] New /Users/artemijgerzina/Documents/GitHub/Tutorioals/Tutorials/Unity.VisualStudio.Editor.csproj:
[C# Project]   052:      <Compile Include="Packages\com.unity.ide.visualstudio\Editor\KnownAssemblies.cs" />
[C# Project]   053:      <Compile Include="Packages\com.unity.ide.visualstudio\Editor\UsageUtility.cs" />
[C# Project]   054:      <Compile Include="Packages\com.unity.ide.visualstudio\Editor\Testing\TestRunnerApiListener.cs" />
[C# Project]   055:      <Compile Include="Packages\com.unity.ide.visualstudio\Editor\Messaging\ExceptionEventArgs.cs" />
[C# Project]   056:      <Compile Include="Packages\com.unity.ide.visualstudio\Editor\Messaging\UdpSocket.cs" />
[C# Project] Writing /Users/artemijgerzina/Documents/GitHub/Tutorioals/Tutorials/Unity.Timeline.Editor.csproj because it has changed
[C# Project] First difference on line 51

[C# Project] Current /Users/artemijgerzina/Documents/GitHub/Tutorioals/Tutorials/Unity.Timeline.Editor.csproj:
[C# Project]   051:      <Compile Include="Packages\com.unity.timeline\Editor\inspectors\AnimationPlayableAssetInspector.cs" />
[C# Project]   052:      <Compile Include="Packages\com.unity.timeline\Editor\Actions\TrackAction.cs" />
[C# Project]   053:      <Compile Include="Packages\com.unity.timeline\Editor\Utilities\Range.cs" />
[C# Project]   054:      <Compile Include="Packages\com.unity.timeline\Editor\Window\ViewModel\ScriptableObjectViewPrefs.cs" />
[C# Project]   055:      <Compile Include="Packages\com.unity.timeline\Editor\Utilities\SequenceSelectorNameFormater.cs" />

[C# Project] New /Users/artemijgerzina/Documents/GitHub/Tutorioals/Tutorials/Unity.Timeline.Editor.csproj:
[C# Project]   051:      <Compile Include="Packages\com.unity.timeline\Editor\Utilities\Scopes\HorizontalScope.cs" />
[C# Project]   052:      <Compile Include="Packages\com.unity.timeline\Editor\Window\TimelineWindow_Breadcrumbs.cs" />
[C# Project]   053:      <Compile Include="Packages\com.unity.timeline\Editor\treeview\Control.cs" />
[C# Project]   054:      <Compile Include="Packages\com.unity.timeline\Editor\Undo\ApplyDefaultUndoAttribute.cs" />
[C# Project]   055:      <Compile Include="Packages\com.unity.timeline\Editor\Actions\Invoker.cs" />
[C# Project] Writing /Users/artemijgerzina/Documents/GitHub/Tutorioals/Tutorials/Unity.Recorder.Editor.csproj because it has changed
[C# Project] First difference on line 55

[C# Project] Current /Users/artemijgerzina/Documents/GitHub/Tutorioals/Tutorials/Unity.Recorder.Editor.csproj:
[C# Project]   055:      <Compile Include="Packages\com.unity.recorder\Editor\ProRes\ProResWrapper.cs" />
[C# Project]   056:      <Compile Include="Packages\com.unity.recorder\Editor\Sources\Recorders\MovieRecorder\MovieRecorderEditor.cs" />
[C# Project]   057:      <Compile Include="Packages\com.unity.recorder\Editor\Sources\Recorders\_Legacy\FrameCapturer\Scripts\Misc\BoolDrawer.cs" />
[C# Project]   058:      <Compile Include="Packages\com.unity.recorder\Editor\Sources\Recorders\_Inputs\GameView\GameViewInput.cs" />
[C# Project]   059:      <Compile Include="Packages\com.unity.recorder\Editor\Sources\CameraCapture.cs" />

[C# Project] New /Users/artemijgerzina/Documents/GitHub/Tutorioals/Tutorials/Unity.Recorder.Editor.csproj:
[C# Project]   055:      <Compile Include="Packages\com.unity.recorder\Editor\Sources\Recorders\_Legacy\FrameCapturer\Scripts\Misc\BoolDrawer.cs" />
[C# Project]   056:      <Compile Include="Packages\com.unity.recorder\Editor\Sources\Recorders\_Inputs\GameView\GameViewInput.cs" />
[C# Project]   057:      <Compile Include="Packages\com.unity.recorder\Editor\Sources\InputSettingsSelectorDrawer.cs" />
[C# Project]   058:      <Compile Include="Packages\com.unity.recorder\Editor\Sources\Recorders\_Legacy\PNG\PNGRecorderSettingsEditor.cs" />
[C# Project]   059:      <Compile Include="Packages\com.unity.recorder\Editor\Sources\Recorders\_Legacy\MP4\MP4RecorderSettings.cs" />
[C# Project] Writing /Users/artemijgerzina/Documents/GitHub/Tutorioals/Tutorials/com.unity.cinemachine.editor.csproj because it has changed
[C# Project] First difference on line 51

[C# Project] Current /Users/artemijgerzina/Documents/GitHub/Tutorioals/Tutorials/com.unity.cinemachine.editor.csproj:
[C# Project]   051:      <Compile Include="Packages\com.unity.cinemachine\Editor\Impulse\CinemachineImpulseSourceEditor.cs" />
[C# Project]   052:      <Compile Include="Packages\com.unity.cinemachine\Editor\Helpers\CinemachineTriggerActionEditor.cs" />
[C# Project]   053:      <Compile Include="Packages\com.unity.cinemachine\Editor\Impulse\CinemachineImpulseDefinitionPropertyDrawer.cs" />
[C# Project]   054:      <Compile Include="Packages\com.unity.cinemachine\Editor\PropertyDrawers\NoiseSettingsPropertyDrawer.cs" />
[C# Project]   055:      <Compile Include="Packages\com.unity.cinemachine\Editor\Editors\CinemachineGroupComposerEditor.cs" />

[C# Project] New /Users/artemijgerzina/Documents/GitHub/Tutorioals/Tutorials/com.unity.cinemachine.editor.csproj:
[C# Project]   051:      <Compile Include="Packages\com.unity.cinemachine\Editor\Helpers\CinemachineTriggerActionEditor.cs" />
[C# Project]   052:      <Compile Include="Packages\com.unity.cinemachine\Editor\Impulse\CinemachineImpulseDefinitionPropertyDrawer.cs" />
[C# Project]   053:      <Compile Include="Packages\com.unity.cinemachine\Editor\PropertyDrawers\NoiseSettingsPropertyDrawer.cs" />
[C# Project]   054:      <Compile Include="Packages\com.unity.cinemachine\Editor\Impulse\CinemachineCollisionImpulseSourceEditor.cs" />
[C# Project]   055:      <Compile Include="Packages\com.unity.cinemachine\Editor\Impulse\CinemachineImpulseListenerEditor.cs" />
[C# Project] Writing /Users/artemijgerzina/Documents/GitHub/Tutorioals/Tutorials/Unity.TextMeshPro.Editor.csproj because it has changed
[C# Project] First difference on line 53

[C# Project] Current /Users/artemijgerzina/Documents/GitHub/Tutorioals/Tutorials/Unity.TextMeshPro.Editor.csproj:
[C# Project]   053:      <Compile Include="Packages\com.unity.textmeshpro\Scripts\Editor\GlyphMetricsPropertyDrawer.cs" />
[C# Project]   054:      <Compile Include="Packages\com.unity.textmeshpro\Scripts\Editor\TMP_EditorPanelUI.cs" />
[C# Project]   055:      <Compile Include="Packages\com.unity.textmeshpro\Scripts\Editor\TMP_UIStyleManager.cs" />
[C# Project]   056:      <Compile Include="Packages\com.unity.textmeshpro\Scripts\Editor\TMP_BaseShaderGUI.cs" />
[C# Project]   057:      <Compile Include="Packages\com.unity.textmeshpro\Scripts\Editor\TMP_StyleAssetMenu.cs" />

[C# Project] New /Users/artemijgerzina/Documents/GitHub/Tutorioals/Tutorials/Unity.TextMeshPro.Editor.csproj:
[C# Project]   053:      <Compile Include="Packages\com.unity.textmeshpro\Scripts\Editor\TMP_UIStyleManager.cs" />
[C# Project]   054:      <Compile Include="Packages\com.unity.textmeshpro\Scripts\Editor\TMP_StyleAssetMenu.cs" />
[C# Project]   055:      <Compile Include="Packages\com.unity.textmeshpro\Scripts\Editor\TMP_ProjectTextSettings.cs" />
[C# Project]   056:      <Compile Include="Packages\com.unity.textmeshpro\Scripts\Editor\TMP_BitmapShaderGUI.cs" />
[C# Project]   057:      <Compile Include="Packages\com.unity.textmeshpro\Scripts\Editor\TMP_SubMeshUI_Editor.cs" />
[C# Project] Writing /Users/artemijgerzina/Documents/GitHub/Tutorioals/Tutorials/Unity.CollabProxy.Editor.csproj because it has changed
[C# Project] First difference on line 50

[C# Project] Current /Users/artemijgerzina/Documents/GitHub/Tutorioals/Tutorials/Unity.CollabProxy.Editor.csproj:
[C# Project]   050:      <Compile Include="Packages\com.unity.collab-proxy\Editor\Collaborate\Models\IModel.cs" />
[C# Project]   051:      <Compile Include="Packages\com.unity.collab-proxy\Editor\Collaborate\Views\IStartView.cs" />
[C# Project]   052:      <Compile Include="Packages\com.unity.collab-proxy\Editor\Collaborate\Utilities\MenuUtilities.cs" />
[C# Project]   053:      <Compile Include="Packages\com.unity.collab-proxy\Editor\Collaborate\Components\Menus\FloatingMenuItem.cs" />
[C# Project]   054:      <Compile Include="Packages\com.unity.collab-proxy\Editor\Collaborate\Views\Adapters\IAdapter.cs" />

[C# Project] New /Users/artemijgerzina/Documents/GitHub/Tutorioals/Tutorials/Unity.CollabProxy.Editor.csproj:
[C# Project]   050:      <Compile Include="Packages\com.unity.collab-proxy\Editor\Collaborate\Views\IStartView.cs" />
[C# Project]   051:      <Compile Include="Packages\com.unity.collab-proxy\Editor\Collaborate\Views\Adapters\IAdapter.cs" />
[C# Project]   052:      <Compile Include="Packages\com.unity.collab-proxy\Editor\Collaborate\Components\SearchBar.cs" />
[C# Project]   053:      <Compile Include="Packages\com.unity.collab-proxy\Editor\Collaborate\Utilities\Threading.cs" />
[C# Project]   054:      <Compile Include="Packages\com.unity.collab-proxy\Editor\Collaborate\EditorGameService\CloudCollabService.cs" />
[C# Project] Writing /Users/artemijgerzina/Documents/GitHub/Tutorioals/Tutorials/DocCodeExamples.csproj because it has changed
[C# Project] First difference on line 51

[C# Project] Current /Users/artemijgerzina/Documents/GitHub/Tutorioals/Tutorials/DocCodeExamples.csproj:
[C# Project]   051:      <Compile Include="Packages\com.unity.timeline\DocCodeExamples\TimelineAttributesExamples.cs" />
[C# Project]   052:      <Compile Include="Packages\com.unity.timeline\DocCodeExamples\TrackAssetExamples.cs" />
[C# Project]   053:      <Compile Include="Packages\com.unity.timeline\DocCodeExamples\ActionExamples.cs" />
[C# Project]   054:      <None Include="Packages\com.unity.timeline\DocCodeExamples\DocCodeExamples.asmdef" />
[C# Project]   055:  <Reference Include="UnityEngine">

[C# Project] New /Users/artemijgerzina/Documents/GitHub/Tutorioals/Tutorials/DocCodeExamples.csproj:
[C# Project]   051:      <Compile Include="Packages\com.unity.timeline\DocCodeExamples\TrackAssetExamples.cs" />
[C# Project]   052:      <Compile Include="Packages\com.unity.timeline\DocCodeExamples\ActionExamples.cs" />
[C# Project]   053:      <Compile Include="Packages\com.unity.timeline\DocCodeExamples\TimelineAttributesExamples.cs" />
[C# Project]   054:      <None Include="Packages\com.unity.timeline\DocCodeExamples\DocCodeExamples.asmdef" />
[C# Project]   055:  <Reference Include="UnityEngine">
[C# Project] Writing /Users/artemijgerzina/Documents/GitHub/Tutorioals/Tutorials/UnityEditor.TestRunner.csproj because it has changed
[C# Project] First difference on line 50

[C# Project] Current /Users/artemijgerzina/Documents/GitHub/Tutorioals/Tutorials/UnityEditor.TestRunner.csproj:
[C# Project]   050:      <Compile Include="Packages\com.unity.test-framework\UnityEditor.TestRunner\TestBuildAssemblyFilter.cs" />
[C# Project]   051:      <Compile Include="Packages\com.unity.test-framework\UnityEditor.TestRunner\Api\ITestAdaptorFactory.cs" />
[C# Project]   052:      <Compile Include="Packages\com.unity.test-framework\UnityEditor.TestRunner\TestRunner\Utils\IEditorLoadedTestAssemblyProvider.cs" />
[C# Project]   053:      <Compile Include="Packages\com.unity.test-framework\UnityEditor.TestRunner\GUI\TestListTreeView\TestTreeViewItem.cs" />
[C# Project]   054:      <Compile Include="Packages\com.unity.test-framework\UnityEditor.TestRunner\TestRun\Tasks\LegacyPlayModeRunTask.cs" />

[C# Project] New /Users/artemijgerzina/Documents/GitHub/Tutorioals/Tutorials/UnityEditor.TestRunner.csproj:
[C# Project]   050:      <Compile Include="Packages\com.unity.test-framework\UnityEditor.TestRunner\GUI\TestListTreeView\TestTreeViewItem.cs" />
[C# Project]   051:      <Compile Include="Packages\com.unity.test-framework\UnityEditor.TestRunner\TestRun\Tasks\LegacyPlayModeRunTask.cs" />
[C# Project]   052:      <Compile Include="Packages\com.unity.test-framework\UnityEditor.TestRunner\TestRunner\Callbacks\RerunCallback.cs" />
[C# Project]   053:      <Compile Include="Packages\com.unity.test-framework\UnityEditor.TestRunner\TestRunner\Messages\EnterPlayMode.cs" />
[C# Project]   054:      <Compile Include="Packages\com.unity.test-framework\UnityEditor.TestRunner\TestRun\Tasks\PrebuildSetupTask.cs" />
[C# Project] Writing /Users/artemijgerzina/Documents/GitHub/Tutorioals/Tutorials/Unity.Rider.Editor.csproj because it has changed
[C# Project] First difference on line 52

[C# Project] Current /Users/artemijgerzina/Documents/GitHub/Tutorioals/Tutorials/Unity.Rider.Editor.csproj:
[C# Project]   052:      <Compile Include="Packages\com.unity.ide.rider\Rider\Editor\Discovery.cs" />
[C# Project]   053:      <Compile Include="Packages\com.unity.ide.rider\Rider\Editor\UnitTesting\TestsCallback.cs" />
[C# Project]   054:      <Compile Include="Packages\com.unity.ide.rider\Rider\Editor\ProjectGeneration\GUIDProvider.cs" />
[C# Project]   055:      <Compile Include="Packages\com.unity.ide.rider\Rider\Editor\UnitTesting\CallbackInitializer.cs" />
[C# Project]   056:      <Compile Include="Packages\com.unity.ide.rider\Rider\Editor\Util\SerializableVersion.cs" />

[C# Project] New /Users/artemijgerzina/Documents/GitHub/Tutorioals/Tutorials/Unity.Rider.Editor.csproj:
[C# Project]   052:      <Compile Include="Packages\com.unity.ide.rider\Rider\Editor\UnitTesting\TestsCallback.cs" />
[C# Project]   053:      <Compile Include="Packages\com.unity.ide.rider\Rider\Editor\ProjectGeneration\GUIDProvider.cs" />
[C# Project]   054:      <Compile Include="Packages\com.unity.ide.rider\Rider\Editor\RiderFileSystemWatcher.cs" />
[C# Project]   055:      <Compile Include="Packages\com.unity.ide.rider\Rider\Editor\Util\LibcNativeInterop.cs" />
[C# Project]   056:      <Compile Include="Packages\com.unity.ide.rider\Rider\Editor\UnitTesting\SyncTestRunEventsHandler.cs" />
[C# Project] Writing /Users/artemijgerzina/Documents/GitHub/Tutorioals/Tutorials/Unity.Services.Core.Editor.csproj because it has changed
[C# Project] First difference on line 50

[C# Project] Current /Users/artemijgerzina/Documents/GitHub/Tutorioals/Tutorials/Unity.Services.Core.Editor.csproj:
[C# Project]   050:      <Compile Include="Packages\com.unity.services.core\Editor\Core\Networking\IHttpClient.cs" />
[C# Project]   051:      <Compile Include="Packages\com.unity.services.core\Editor\Core\ProjectStateManagement\IServiceFlagRequest.cs" />
[C# Project]   052:      <Compile Include="Packages\com.unity.services.core\Editor\Core\ServiceActivationPopup\Visuals\ExceptionVisual.cs" />
[C# Project]   053:      <Compile Include="Packages\com.unity.services.core\Editor\Core\ServiceActivationPopup\Visuals\ServiceActivationPopupVisual.cs" />
[C# Project]   054:      <Compile Include="Packages\com.unity.services.core\Editor\Core\ProjectStateManagement\ProjectStateRequest.cs" />

[C# Project] New /Users/artemijgerzina/Documents/GitHub/Tutorioals/Tutorials/Unity.Services.Core.Editor.csproj:
[C# Project]   050:      <Compile Include="Packages\com.unity.services.core\Editor\Core\ServiceActivationPopup\Visuals\ServiceActivationPopupVisual.cs" />
[C# Project]   051:      <Compile Include="Packages\com.unity.services.core\Editor\Core\ProjectStateManagement\ProjectStateRequest.cs" />
[C# Project]   052:      <Compile Include="Packages\com.unity.services.core\Editor\Core\ProjectStateManagement\ServiceFlagRequest.cs" />
[C# Project]   053:      <Compile Include="Packages\com.unity.services.core\Editor\Core\Networking\HttpRequestExtensions.cs" />
[C# Project]   054:      <Compile Include="Packages\com.unity.services.core\Editor\Core\Networking\HttpServiceConfig.cs" />
[C# Project] Writing /Users/artemijgerzina/Documents/GitHub/Tutorioals/Tutorials/Unity.PlasticSCM.EditorTests.csproj because it has changed
[C# Project] First difference on line 50

[C# Project] Current /Users/artemijgerzina/Documents/GitHub/Tutorioals/Tutorials/Unity.PlasticSCM.EditorTests.csproj:
[C# Project]   050:      <Compile Include="Packages\com.unity.collab-proxy\Tests\Editor\PlasticSCM\Mock\PlasticApiMock.cs" />
[C# Project]   051:      <Compile Include="Packages\com.unity.collab-proxy\Tests\Editor\PlasticSCM\AssetMenu\SelectedAssetGroupInfoTests.cs" />
[C# Project]   052:      <Compile Include="Packages\com.unity.collab-proxy\Tests\Editor\PlasticSCM\ProjectDownloader\ParseArgumentsTest.cs" />
[C# Project]   053:      <Compile Include="Packages\com.unity.collab-proxy\Tests\Editor\PlasticSCM\Views\IncomingChanges\Developer\IsCurrentTests.cs" />
[C# Project]   054:      <Compile Include="Packages\com.unity.collab-proxy\Tests\Editor\PlasticSCM\Views\IncomingChanges\Developer\UnityIncomingChangesTreeTests.cs" />

[C# Project] New /Users/artemijgerzina/Documents/GitHub/Tutorioals/Tutorials/Unity.PlasticSCM.EditorTests.csproj:
[C# Project]   050:      <Compile Include="Packages\com.unity.collab-proxy\Tests\Editor\PlasticSCM\AssetMenu\SelectedAssetGroupInfoTests.cs" />
[C# Project]   051:      <Compile Include="Packages\com.unity.collab-proxy\Tests\Editor\PlasticSCM\Views\IncomingChanges\Developer\IsCurrentTests.cs" />
[C# Project]   052:      <Compile Include="Packages\com.unity.collab-proxy\Tests\Editor\PlasticSCM\Mock\BuildWorkspaceTreeNode.cs" />
[C# Project]   053:      <Compile Include="Packages\com.unity.collab-proxy\Tests\Editor\PlasticSCM\UI\TextureLoadTests.cs" />
[C# Project]   054:      <Compile Include="Packages\com.unity.collab-proxy\Tests\Editor\PlasticSCM\Views\IncomingChanges\Developer\IsResolvedTests.cs" />
[C# Project] Writing /Users/artemijgerzina/Documents/GitHub/Tutorioals/Tutorials/Assembly-CSharp-Editor.csproj because it has changed
[C# Project] First difference on line 27

[C# Project] Current /Users/artemijgerzina/Documents/GitHub/Tutorioals/Tutorials/Assembly-CSharp-Editor.csproj:
[C# Project]   027:     <DefineConstants>DEBUG;TRACE;UNITY_2020_3_22;UNITY_2020_3;UNITY_2020;UNITY_5_3_OR_NEWER;UNITY_5_4_OR_NEWER;UNITY_5_5_OR_NEWER;UNITY_5_6_OR_NEWER;UNITY_2017_1_OR_NEWER;UNITY_2017_2_OR_NEWER;UNITY_2017_3_OR_NEWER;UNITY_2017_4_OR_NEWER;UNITY_2018_1_OR_NEWER;UNITY_2018_2_OR_NEWER;UNITY_2018_3_OR_NEWER;UNITY_2018_4_OR_NEWER;UNITY_2019_1_OR_NEWER;UNITY_2019_2_OR_NEWER;UNITY_2019_3_OR_NEWER;UNITY_2019_4_OR_NEWER;UNITY_2020_1_OR_NEWER;UNITY_2020_2_OR_NEWER;UNITY_2020_3_OR_NEWER;UNITY_INCLUDE_TESTS;USE_SEARCH_ENGINE_API;SCENE_TEMPLATE_MODULE;ENABLE_AR;ENABLE_AUDIO;ENABLE_CACHING;ENABLE_CLOTH;ENABLE_EVENT_QUEUE;ENABLE_MICROPHONE;ENABLE_MULTIPLE_DISPLAYS;ENABLE_PHYSICS;ENABLE_TEXTURE_STREAMING;ENABLE_UNET;ENABLE_LZMA;ENABLE_UNITYEVENTS;ENABLE_VR;ENABLE_WEBCAM;ENABLE_UNITYWEBREQUEST;ENABLE_WWW;ENABLE_CLOUD_SERVICES;ENABLE_CLOUD_SERVICES_COLLAB;ENABLE_CLOUD_SERVICES_COLLAB_SOFTLOCKS;ENABLE_CLOUD_SERVICES_ADS;ENABLE_CLOUD_SERVICES_USE_WEBREQUEST;ENABLE_CLOUD_SERVICES_CRASH_REPORTING;ENABLE_CLOUD_SERVICES_NATIVE_CRASH_REPORTING;ENABLE_CLOUD_SERVICES_PURCHASING;ENABLE_CLOUD_SERVICES_ANALYTICS;ENABLE_CLOUD_SERVICES_UNET;ENABLE_CLOUD_SERVICES_BUILD;ENABLE_CLOUD_LICENSE;ENABLE_EDITOR_HUB_LICENSE;ENABLE_WEBSOCKET_CLIENT;ENABLE_DIRECTOR_AUDIO;ENABLE_DIRECTOR_TEXTURE;ENABLE_MANAGED_JOBS;ENABLE_MANAGED_TRANSFORM_JOBS;ENABLE_MANAGED_ANIMATION_JOBS;ENABLE_MANAGED_AUDIO_JOBS;ENABLE_RUNTIME_PERMISSIONS;ENABLE_ENGINE_CODE_STRIPPING;ENABLE_ONSCREEN_KEYBOARD;INCLUDE_DYNAMIC_GI;ENABLE_MONO_BDWGC;ENABLE_SCRIPTING_GC_WBARRIERS;PLATFORM_SUPPORTS_MONO;ENABLE_VIDEO;PLATFORM_ANDROID;UNITY_ANDROID;UNITY_ANDROID_API;ENABLE_EGL;ENABLE_NETWORK;ENABLE_RUNTIME_GI;ENABLE_CRUNCH_TEXTURE_COMPRESSION;UNITY_CAN_SHOW_SPLASH_SCREEN;UNITY_HAS_GOOGLEVR;UNITY_HAS_TANGO;ENABLE_SPATIALTRACKING;PLATFORM_EXTENDS_VULKAN_DEVICE;PLATFORM_HAS_MULTIPLE_SWAPCHAINS;UNITY_ANDROID_SUPPORTS_SHADOWFILES;ENABLE_UNITYADS_RUNTIME;UNITY_UNITYADS_API;ENABLE_MONO;NET_4_6;ENABLE_PROFILER;UNITY_ASSERTIONS;UNITY_EDITOR;UNITY_EDITOR_64;UNITY_EDITOR_OSX;ENABLE_UNITY_COLLECTIONS_CHECKS;ENABLE_BURST_AOT;UNITY_TEAM_LICENSE;ENABLE_CUSTOM_RENDER_TEXTURE;ENABLE_DIRECTOR;ENABLE_LOCALIZATION;ENABLE_SPRITES;ENABLE_TERRAIN;ENABLE_TILEMAP;ENABLE_TIMELINE;ENABLE_LEGACY_INPUT_MANAGER;CSHARP_7_OR_LATER;CSHARP_7_3_OR_NEWER;NET_STANDARD_2_0</DefineConstants>
[C# Project]   028:     <ErrorReport>prompt</ErrorReport>
[C# Project]   029:     <WarningLevel>4</WarningLevel>
[C# Project]   030:     <NoWarn>0169</NoWarn>
[C# Project]   031:     <AllowUnsafeBlocks>False</AllowUnsafeBlocks>

[C# Project] New /Users/artemijgerzina/Documents/GitHub/Tutorioals/Tutorials/Assembly-CSharp-Editor.csproj:
[C# Project]   027:     <DefineConstants>DEBUG;TRACE;UNITY_2020_3_22;UNITY_2020_3;UNITY_2020;UNITY_5_3_OR_NEWER;UNITY_5_4_OR_NEWER;UNITY_5_5_OR_NEWER;UNITY_5_6_OR_NEWER;UNITY_2017_1_OR_NEWER;UNITY_2017_2_OR_NEWER;UNITY_2017_3_OR_NEWER;UNITY_2017_4_OR_NEWER;UNITY_2018_1_OR_NEWER;UNITY_2018_2_OR_NEWER;UNITY_2018_3_OR_NEWER;UNITY_2018_4_OR_NEWER;UNITY_2019_1_OR_NEWER;UNITY_2019_2_OR_NEWER;UNITY_2019_3_OR_NEWER;UNITY_2019_4_OR_NEWER;UNITY_2020_1_OR_NEWER;UNITY_2020_2_OR_NEWER;UNITY_2020_3_OR_NEWER;PLATFORM_ARCH_64;UNITY_64;UNITY_INCLUDE_TESTS;USE_SEARCH_ENGINE_API;SCENE_TEMPLATE_MODULE;ENABLE_AR;ENABLE_AUDIO;ENABLE_CACHING;ENABLE_CLOTH;ENABLE_MICROPHONE;ENABLE_MULTIPLE_DISPLAYS;ENABLE_PHYSICS;ENABLE_TEXTURE_STREAMING;ENABLE_VIRTUALTEXTURING;ENABLE_UNET;ENABLE_LZMA;ENABLE_UNITYEVENTS;ENABLE_VR;ENABLE_WEBCAM;ENABLE_UNITYWEBREQUEST;ENABLE_WWW;ENABLE_CLOUD_SERVICES;ENABLE_CLOUD_SERVICES_COLLAB;ENABLE_CLOUD_SERVICES_COLLAB_SOFTLOCKS;ENABLE_CLOUD_SERVICES_ADS;ENABLE_CLOUD_SERVICES_USE_WEBREQUEST;ENABLE_CLOUD_SERVICES_CRASH_REPORTING;ENABLE_CLOUD_SERVICES_NATIVE_CRASH_REPORTING;ENABLE_CLOUD_SERVICES_PURCHASING;ENABLE_CLOUD_SERVICES_ANALYTICS;ENABLE_CLOUD_SERVICES_UNET;ENABLE_CLOUD_SERVICES_BUILD;ENABLE_CLOUD_LICENSE;ENABLE_EDITOR_HUB_LICENSE;ENABLE_WEBSOCKET_CLIENT;ENABLE_DIRECTOR_AUDIO;ENABLE_DIRECTOR_TEXTURE;ENABLE_MANAGED_JOBS;ENABLE_MANAGED_TRANSFORM_JOBS;ENABLE_MANAGED_ANIMATION_JOBS;ENABLE_MANAGED_AUDIO_JOBS;INCLUDE_DYNAMIC_GI;ENABLE_MONO_BDWGC;ENABLE_SCRIPTING_GC_WBARRIERS;PLATFORM_SUPPORTS_MONO;RENDER_SOFTWARE_CURSOR;ENABLE_VIDEO;PLATFORM_STANDALONE;PLATFORM_STANDALONE_OSX;UNITY_STANDALONE_OSX;UNITY_STANDALONE;ENABLE_GAMECENTER;ENABLE_RUNTIME_GI;ENABLE_MOVIES;ENABLE_NETWORK;ENABLE_CRUNCH_TEXTURE_COMPRESSION;ENABLE_CLUSTER_SYNC;ENABLE_CLUSTERINPUT;ENABLE_SPATIALTRACKING;PLATFORM_UPDATES_TIME_OUTSIDE_OF_PLAYER_LOOP;ENABLE_WEBSOCKET_HOST;ENABLE_MONO;NET_4_6;ENABLE_PROFILER;UNITY_ASSERTIONS;UNITY_EDITOR;UNITY_EDITOR_64;UNITY_EDITOR_OSX;ENABLE_UNITY_COLLECTIONS_CHECKS;ENABLE_BURST_AOT;UNITY_TEAM_LICENSE;ENABLE_CUSTOM_RENDER_TEXTURE;ENABLE_DIRECTOR;ENABLE_LOCALIZATION;ENABLE_SPRITES;ENABLE_TERRAIN;ENABLE_TILEMAP;ENABLE_TIMELINE;ENABLE_LEGACY_INPUT_MANAGER;CSHARP_7_OR_LATER;CSHARP_7_3_OR_NEWER;NET_STANDARD_2_0</DefineConstants>
[C# Project]   028:     <ErrorReport>prompt</ErrorReport>
[C# Project]   029:     <WarningLevel>4</WarningLevel>
[C# Project]   030:     <NoWarn>0169</NoWarn>
[C# Project]   031:     <AllowUnsafeBlocks>False</AllowUnsafeBlocks>
[C# Project] Writing /Users/artemijgerzina/Documents/GitHub/Tutorioals/Tutorials/Unity.CollabProxy.EditorTests.csproj because it has changed
[C# Project] First difference on line 50

[C# Project] Current /Users/artemijgerzina/Documents/GitHub/Tutorioals/Tutorials/Unity.CollabProxy.EditorTests.csproj:
[C# Project]   050:      <Compile Include="Packages\com.unity.collab-proxy\Tests\Editor\Collaborate\Presenters\StartPresenterTests.cs" />
[C# Project]   051:      <Compile Include="Packages\com.unity.collab-proxy\Tests\Editor\Collaborate\Models\TestStartModel.cs" />
[C# Project]   052:      <Compile Include="Packages\com.unity.collab-proxy\Tests\Editor\Collaborate\Models\ChangesModelTests.cs" />
[C# Project]   053:      <Compile Include="Packages\com.unity.collab-proxy\Tests\Editor\Collaborate\Presenters\TestChangesView.cs" />
[C# Project]   054:      <Compile Include="Packages\com.unity.collab-proxy\Tests\Editor\Collaborate\Models\TestHistoryModel.cs" />

[C# Project] New /Users/artemijgerzina/Documents/GitHub/Tutorioals/Tutorials/Unity.CollabProxy.EditorTests.csproj:
[C# Project]   050:      <Compile Include="Packages\com.unity.collab-proxy\Tests\Editor\Collaborate\Models\ChangesModelTests.cs" />
[C# Project]   051:      <Compile Include="Packages\com.unity.collab-proxy\Tests\Editor\Collaborate\Presenters\HistoryPresenterTests.cs" />
[C# Project]   052:      <Compile Include="Packages\com.unity.collab-proxy\Tests\Editor\Collaborate\Models\StartModelTests.cs" />
[C# Project]   053:      <Compile Include="Packages\com.unity.collab-proxy\Tests\Editor\Collaborate\Presenters\MainPresenterTests.cs" />
[C# Project]   054:      <Compile Include="Packages\com.unity.collab-proxy\Tests\Editor\Collaborate\Scenario\AsyncToCoroutine.cs" />
[C# Project] Writing /Users/artemijgerzina/Documents/GitHub/Tutorioals/Tutorials/Unity.VSCode.Editor.csproj because it has changed
[C# Project] First difference on line 53

[C# Project] Current /Users/artemijgerzina/Documents/GitHub/Tutorioals/Tutorials/Unity.VSCode.Editor.csproj:
[C# Project]   053:      <Compile Include="Packages\com.unity.ide.vscode\Editor\ProjectGeneration\AssemblyNameProvider.cs" />
[C# Project]   054:      <Compile Include="Packages\com.unity.ide.vscode\Editor\ProjectGeneration\ProjectGeneration.cs" />
[C# Project]   055:      <Compile Include="Packages\com.unity.ide.vscode\Editor\ProjectGeneration\FileIO.cs" />
[C# Project]   056:      <Compile Include="Packages\com.unity.ide.vscode\Editor\ProjectGeneration\ProjectGenerationFlag.cs" />
[C# Project]   057:      <Compile Include="Packages\com.unity.ide.vscode\Editor\VSCodeScriptEditor.cs" />

[C# Project] New /Users/artemijgerzina/Documents/GitHub/Tutorioals/Tutorials/Unity.VSCode.Editor.csproj:
[C# Project]   053:      <Compile Include="Packages\com.unity.ide.vscode\Editor\ProjectGeneration\ProjectGeneration.cs" />
[C# Project]   054:      <Compile Include="Packages\com.unity.ide.vscode\Editor\ProjectGeneration\AssemblyNameProvider.cs" />
[C# Project]   055:      <Compile Include="Packages\com.unity.ide.vscode\Editor\ProjectGeneration\FileIO.cs" />
[C# Project]   056:      <Compile Include="Packages\com.unity.ide.vscode\Editor\ProjectGeneration\ProjectGenerationFlag.cs" />
[C# Project]   057:      <Compile Include="Packages\com.unity.ide.vscode\Editor\VSCodeScriptEditor.cs" />
[C# Project] Writing /Users/artemijgerzina/Documents/GitHub/Tutorioals/Tutorials/UnityEditor.UI.EditorTests.csproj because it has changed
[C# Project] First difference on line 50

[C# Project] Current /Users/artemijgerzina/Documents/GitHub/Tutorioals/Tutorials/UnityEditor.UI.EditorTests.csproj:
[C# Project]   050:      <Compile Include="Packages\com.unity.ugui\Tests\Editor\Text\FontCreatedByScript.cs" />
[C# Project]   051:      <Compile Include="Packages\com.unity.ugui\Tests\Editor\EventSystem\InterceptedEventsPreviewTests.cs" />
[C# Project]   052:      <Compile Include="Packages\com.unity.ugui\Tests\Editor\UnityEvent\UnityEventInvoke.cs" />
[C# Project]   053:      <Compile Include="Packages\com.unity.ugui\Tests\Editor\CanvasRenderer\ParentCanvasIsSane.cs" />
[C# Project]   054:      <Compile Include="Packages\com.unity.ugui\Tests\Editor\Canvas\CanvasWidthAssertionErrorWithRectTransform.cs" />

[C# Project] New /Users/artemijgerzina/Documents/GitHub/Tutorioals/Tutorials/UnityEditor.UI.EditorTests.csproj:
[C# Project]   050:      <Compile Include="Packages\com.unity.ugui\Tests\Editor\EventSystem\InterceptedEventsPreviewTests.cs" />
[C# Project]   051:      <Compile Include="Packages\com.unity.ugui\Tests\Editor\Slider\SliderRectReferences.cs" />
[C# Project]   052:      <Compile Include="Packages\com.unity.ugui\Tests\Editor\Canvas\UISystemProfilerAddMarkerWithNullObjectDoesNotCrash.cs" />
[C# Project]   053:      <Compile Include="Packages\com.unity.ugui\Tests\Editor\Canvas\RootCanvasTests.cs" />
[C# Project]   054:      <Compile Include="Packages\com.unity.ugui\Tests\Editor\Canvas\CanvasElementsMaintainValidPositionsWhenCameraOrthoSizeIsZero.cs" />
[C# Project] Writing /Users/artemijgerzina/Documents/GitHub/Tutorioals/Tutorials/UnityEditor.UI.csproj because it has changed
[C# Project] First difference on line 50

[C# Project] Current /Users/artemijgerzina/Documents/GitHub/Tutorioals/Tutorials/UnityEditor.UI.csproj:
[C# Project]   050:      <Compile Include="Packages\com.unity.ugui\Editor\UI\RawImageEditor.cs" />
[C# Project]   051:      <Compile Include="Packages\com.unity.ugui\Editor\UI\RectMask2DEditor.cs" />
[C# Project]   052:      <Compile Include="Packages\com.unity.ugui\Editor\UI\PropertyDrawers\DropdownOptionListDrawer.cs" />
[C# Project]   053:      <Compile Include="Packages\com.unity.ugui\Editor\UI\ContentSizeFitterEditor.cs" />
[C# Project]   054:      <Compile Include="Packages\com.unity.ugui\Editor\UI\MenuOptions.cs" />

[C# Project] New /Users/artemijgerzina/Documents/GitHub/Tutorioals/Tutorials/UnityEditor.UI.csproj:
[C# Project]   050:      <Compile Include="Packages\com.unity.ugui\Editor\UI\PropertyDrawers\DropdownOptionListDrawer.cs" />
[C# Project]   051:      <Compile Include="Packages\com.unity.ugui\Editor\UI\MenuOptions.cs" />
[C# Project]   052:      <Compile Include="Packages\com.unity.ugui\Editor\UI\PropertyDrawers\FontDataDrawer.cs" />
[C# Project]   053:      <Compile Include="Packages\com.unity.ugui\Editor\EventSystem\Physics2DRaycasterEditor.cs" />
[C# Project]   054:      <Compile Include="Packages\com.unity.ugui\Editor\UI\InputFieldEditor.cs" />
2022-08-18 13:52:52.191 Unity[11846:479924] NSEventModifierFlagFunction specified to -setKeyEquivalentModifierMask: for item <NSMenuItem: 0x6000038c3170 Quick Recording, ke='Command-F10'>, but is only supported for system-provided menu items; will not be used
2022-08-18 13:52:52.194 Unity[11846:479924] NSEventModifierFlagFunction specified to -setKeyEquivalentModifierMask: for item <NSMenuItem: 0x600003bec460 Font Asset, ke='Command-F12'>, but is only supported for system-provided menu items; will not be used
2022-08-18 13:52:52.195 Unity[11846:479924] NSEventModifierFlagFunction specified to -setKeyEquivalentModifierMask: for item <NSMenuItem: 0x600003be39c0 Quick Recording, ke='Command-F10'>, but is only supported for system-provided menu items; will not be used
2022-08-18 13:52:52.197 Unity[11846:479924] NSEventModifierFlagFunction specified to -setKeyEquivalentModifierMask: for item <NSMenuItem: 0x600003bf2920 Font Asset, ke='Command-F12'>, but is only supported for system-provided menu items; will not be used
========================================================================
Worker process is ready to serve import requests
Refreshing native plugins compatible for Editor in 1.06 ms, found 4 plugins.
Preloading 0 native plugins for Editor in 0.00 ms.
Unloading 3621 Unused Serialized files (Serialized files now loaded: 0)
System memory in use before: 494.1 MB.
System memory in use after: 493.9 MB.

Unloading 222 unused Assets to reduce memory usage. Loaded Objects now: 4099.
Total: 4.024233 ms (FindLiveObjects: 0.404400 ms CreateObjectMapping: 0.145474 ms MarkObjects: 3.153660 ms  DeleteObjects: 0.319533 ms)

AssetImportParameters requested are different than current active one (requested -> active):
  custom:video-decoder-ogg-theora: a1e56fd34408186e4bbccfd4996cb3dc -> 
  custom:container-muxer-webm: aa71ff27fc2769a1b78a27578f13a17b -> 
  custom:container-demuxer-webm: 4f35f7cbe854078d1ac9338744f61a02 -> 
  custom:container-demuxer-ogg: 62fdf1f143b41e24485cea50d1cbac27 -> 
  custom:video-encoder-webm-vp8: eb34c28f22e8b96e1ab97ce403110664 -> 
  custom:framework-osx-AVFoundation: e770b220cccbd017edd2c1fefb359320 -> 
  custom:video-decoder-webm-vp8: 9c59270c3fd7afecdb556c50c9e8de78 -> 
  custom:audio-decoder-ogg-vorbis: bf7c407c2cedff20999df2af8eb42d56 -> 
  custom:audio-encoder-webm-vorbis: bf7c407c2cedff20999df2af8eb42d56 -> 
========================================================================
Received Import Request.
  path: Assets/TimeMachine/Scripts/ExplosionZone.cs
  artifactKey: Guid(c72665945af4c454d863b1d3f13aece9) Importer(815301076,1909f56bfc062723c751e8b465ee728b)
Start importing Assets/TimeMachine/Scripts/ExplosionZone.cs using Guid(c72665945af4c454d863b1d3f13aece9) Importer(815301076,1909f56bfc062723c751e8b465ee728b)  -> (artifact id: '5c215c9d681c82706d7ac36f6b6fa14e') in 0.134183 seconds 
  Import took 0.140240 seconds .

========================================================================
Received Prepare
Registering precompiled user dll's ...
Registered in 0.009799 seconds.
Begin MonoManager ReloadAssembly
Native extension for OSXStandalone target not found
Refreshing native plugins compatible for Editor in 0.89 ms, found 4 plugins.
Preloading 0 native plugins for Editor in 0.00 ms.
2022-08-18 13:55:20.162 Unity[11846:479924] NSEventModifierFlagFunction specified to -setKeyEquivalentModifierMask: for item <NSMenuItem: 0x6000038089a0 Quick Recording, ke='Command-F10'>, but is only supported for system-provided menu items; will not be used
2022-08-18 13:55:20.165 Unity[11846:479924] NSEventModifierFlagFunction specified to -setKeyEquivalentModifierMask: for item <NSMenuItem: 0x600003bf2f40 Font Asset, ke='Command-F12'>, but is only supported for system-provided menu items; will not be used
Mono: successfully reloaded assembly
- Completed reload, in  1.127 seconds
Domain Reload Profiling:
	ReloadAssembly (1127ms)
		BeginReloadAssembly (106ms)
			ExecutionOrderSort (0ms)
			DisableScriptedObjects (4ms)
			BackupInstance (0ms)
			ReleaseScriptingObjects (0ms)
			CreateAndSetChildDomain (54ms)
		EndReloadAssembly (968ms)
			LoadAssemblies (66ms)
			RebuildTransferFunctionScriptingTraits (1ms)
			SetupTypeCache (342ms)
			ReleaseScriptCaches (1ms)
			RebuildScriptCaches (72ms)
			SetupLoadedEditorAssemblies (342ms)
				LogAssemblyErrors (0ms)
				InitializePlatformSupportModulesInManaged (4ms)
				SetLoadedEditorAssemblies (0ms)
				RefreshPlugins (1ms)
				BeforeProcessingInitializeOnLoad (135ms)
				ProcessInitializeOnLoadAttributes (190ms)
				ProcessInitializeOnLoadMethodAttributes (11ms)
				AfterProcessingInitializeOnLoad (1ms)
				EditorAssembliesLoaded (0ms)
			ExecutionOrderSort2 (0ms)
			AwakeInstancesAfterBackupRestoration (6ms)
Platform modules already initialized, skipping
Switching build target platform(2) subTarget(0) extendedPlatform(0) -> platform(13) subTarget(537395200) extendedPlatform(0)
Refreshing native plugins compatible for Editor in 0.89 ms, found 4 plugins.
Preloading 0 native plugins for Editor in 0.00 ms.
Unloading 3521 Unused Serialized files (Serialized files now loaded: 0)
System memory in use before: 479.9 MB.
System memory in use after: 480.1 MB.

Unloading 24 unused Assets to reduce memory usage. Loaded Objects now: 4102.
Total: 3.231870 ms (FindLiveObjects: 0.347198 ms CreateObjectMapping: 0.134889 ms MarkObjects: 2.726943 ms  DeleteObjects: 0.022094 ms)

AssetImportParameters requested are different than current active one (requested -> active):
  custom:video-decoder-ogg-theora: a1e56fd34408186e4bbccfd4996cb3dc -> 
  custom:container-muxer-webm: aa71ff27fc2769a1b78a27578f13a17b -> 
  custom:container-demuxer-webm: 4f35f7cbe854078d1ac9338744f61a02 -> 
  custom:container-demuxer-ogg: 62fdf1f143b41e24485cea50d1cbac27 -> 
  custom:video-encoder-webm-vp8: eb34c28f22e8b96e1ab97ce403110664 -> 
  custom:framework-osx-AVFoundation: e770b220cccbd017edd2c1fefb359320 -> 
  custom:video-decoder-webm-vp8: 9c59270c3fd7afecdb556c50c9e8de78 -> 
  custom:graphics/normal-map-encoding: 01000000000000000000000000000000 -> 02000000000000000000000000000000
  custom:audio-decoder-ogg-vorbis: bf7c407c2cedff20999df2af8eb42d56 -> 
  custom:audio-encoder-webm-vorbis: bf7c407c2cedff20999df2af8eb42d56 -> 
========================================================================
Received Prepare
Registering precompiled user dll's ...
Registered in 0.004026 seconds.
Begin MonoManager ReloadAssembly
Native extension for OSXStandalone target not found
Refreshing native plugins compatible for Editor in 0.89 ms, found 4 plugins.
Preloading 0 native plugins for Editor in 0.00 ms.
2022-08-18 13:56:01.443 Unity[11846:479924] NSEventModifierFlagFunction specified to -setKeyEquivalentModifierMask: for item <NSMenuItem: 0x600003809730 Quick Recording, ke='Command-F10'>, but is only supported for system-provided menu items; will not be used
2022-08-18 13:56:01.445 Unity[11846:479924] NSEventModifierFlagFunction specified to -setKeyEquivalentModifierMask: for item <NSMenuItem: 0x600003bdcc40 Font Asset, ke='Command-F12'>, but is only supported for system-provided menu items; will not be used
Mono: successfully reloaded assembly
- Completed reload, in  1.120 seconds
Domain Reload Profiling:
	ReloadAssembly (1120ms)
		BeginReloadAssembly (96ms)
			ExecutionOrderSort (0ms)
			DisableScriptedObjects (4ms)
			BackupInstance (0ms)
			ReleaseScriptingObjects (0ms)
			CreateAndSetChildDomain (46ms)
		EndReloadAssembly (969ms)
			LoadAssemblies (67ms)
			RebuildTransferFunctionScriptingTraits (0ms)
			SetupTypeCache (345ms)
			ReleaseScriptCaches (1ms)
			RebuildScriptCaches (75ms)
			SetupLoadedEditorAssemblies (338ms)
				LogAssemblyErrors (0ms)
				InitializePlatformSupportModulesInManaged (4ms)
				SetLoadedEditorAssemblies (1ms)
				RefreshPlugins (1ms)
				BeforeProcessingInitializeOnLoad (133ms)
				ProcessInitializeOnLoadAttributes (189ms)
				ProcessInitializeOnLoadMethodAttributes (9ms)
				AfterProcessingInitializeOnLoad (1ms)
				EditorAssembliesLoaded (0ms)
			ExecutionOrderSort2 (0ms)
			AwakeInstancesAfterBackupRestoration (6ms)
Platform modules already initialized, skipping
Switching build target platform(2) subTarget(0) extendedPlatform(0) -> platform(13) subTarget(537395200) extendedPlatform(0)
Refreshing native plugins compatible for Editor in 0.87 ms, found 4 plugins.
Preloading 0 native plugins for Editor in 0.00 ms.
Unloading 3521 Unused Serialized files (Serialized files now loaded: 0)
System memory in use before: 480.1 MB.
System memory in use after: 480.4 MB.

Unloading 23 unused Assets to reduce memory usage. Loaded Objects now: 4104.
Total: 3.128713 ms (FindLiveObjects: 0.324209 ms CreateObjectMapping: 0.118478 ms MarkObjects: 2.670477 ms  DeleteObjects: 0.014819 ms)

AssetImportParameters requested are different than current active one (requested -> active):
  custom:video-decoder-ogg-theora: a1e56fd34408186e4bbccfd4996cb3dc -> 
  custom:container-muxer-webm: aa71ff27fc2769a1b78a27578f13a17b -> 
  custom:container-demuxer-webm: 4f35f7cbe854078d1ac9338744f61a02 -> 
  custom:container-demuxer-ogg: 62fdf1f143b41e24485cea50d1cbac27 -> 
  custom:video-encoder-webm-vp8: eb34c28f22e8b96e1ab97ce403110664 -> 
  custom:framework-osx-AVFoundation: e770b220cccbd017edd2c1fefb359320 -> 
  custom:video-decoder-webm-vp8: 9c59270c3fd7afecdb556c50c9e8de78 -> 
  custom:graphics/normal-map-encoding: 01000000000000000000000000000000 -> 02000000000000000000000000000000
  custom:audio-decoder-ogg-vorbis: bf7c407c2cedff20999df2af8eb42d56 -> 
  custom:audio-encoder-webm-vorbis: bf7c407c2cedff20999df2af8eb42d56 -> 
========================================================================
Received Prepare
Registering precompiled user dll's ...
Registered in 0.009367 seconds.
Begin MonoManager ReloadAssembly
Native extension for OSXStandalone target not found
Refreshing native plugins compatible for Editor in 0.88 ms, found 4 plugins.
Preloading 0 native plugins for Editor in 0.00 ms.
2022-08-18 13:57:17.664 Unity[11846:479924] NSEventModifierFlagFunction specified to -setKeyEquivalentModifierMask: for item <NSMenuItem: 0x600003bf65a0 Quick Recording, ke='Command-F10'>, but is only supported for system-provided menu items; will not be used
2022-08-18 13:57:17.667 Unity[11846:479924] NSEventModifierFlagFunction specified to -setKeyEquivalentModifierMask: for item <NSMenuItem: 0x600003824460 Font Asset, ke='Command-F12'>, but is only supported for system-provided menu items; will not be used
Mono: successfully reloaded assembly
- Completed reload, in  1.186 seconds
Domain Reload Profiling:
	ReloadAssembly (1187ms)
		BeginReloadAssembly (99ms)
			ExecutionOrderSort (0ms)
			DisableScriptedObjects (5ms)
			BackupInstance (0ms)
			ReleaseScriptingObjects (0ms)
			CreateAndSetChildDomain (44ms)
		EndReloadAssembly (1035ms)
			LoadAssemblies (96ms)
			RebuildTransferFunctionScriptingTraits (0ms)
			SetupTypeCache (344ms)
			ReleaseScriptCaches (2ms)
			RebuildScriptCaches (80ms)
			SetupLoadedEditorAssemblies (359ms)
				LogAssemblyErrors (0ms)
				InitializePlatformSupportModulesInManaged (4ms)
				SetLoadedEditorAssemblies (0ms)
				RefreshPlugins (1ms)
				BeforeProcessingInitializeOnLoad (140ms)
				ProcessInitializeOnLoadAttributes (201ms)
				ProcessInitializeOnLoadMethodAttributes (11ms)
				AfterProcessingInitializeOnLoad (1ms)
				EditorAssembliesLoaded (0ms)
			ExecutionOrderSort2 (0ms)
			AwakeInstancesAfterBackupRestoration (7ms)
Platform modules already initialized, skipping
Switching build target platform(2) subTarget(0) extendedPlatform(0) -> platform(13) subTarget(537395200) extendedPlatform(0)
Refreshing native plugins compatible for Editor in 1.06 ms, found 4 plugins.
Preloading 0 native plugins for Editor in 0.00 ms.
Unloading 3521 Unused Serialized files (Serialized files now loaded: 0)
System memory in use before: 480.4 MB.
System memory in use after: 480.6 MB.

Unloading 23 unused Assets to reduce memory usage. Loaded Objects now: 4106.
Total: 3.164844 ms (FindLiveObjects: 0.332072 ms CreateObjectMapping: 0.118743 ms MarkObjects: 2.697276 ms  DeleteObjects: 0.015966 ms)

AssetImportParameters requested are different than current active one (requested -> active):
  custom:video-decoder-ogg-theora: a1e56fd34408186e4bbccfd4996cb3dc -> 
  custom:container-muxer-webm: aa71ff27fc2769a1b78a27578f13a17b -> 
  custom:container-demuxer-webm: 4f35f7cbe854078d1ac9338744f61a02 -> 
  custom:container-demuxer-ogg: 62fdf1f143b41e24485cea50d1cbac27 -> 
  custom:video-encoder-webm-vp8: eb34c28f22e8b96e1ab97ce403110664 -> 
  custom:framework-osx-AVFoundation: e770b220cccbd017edd2c1fefb359320 -> 
  custom:video-decoder-webm-vp8: 9c59270c3fd7afecdb556c50c9e8de78 -> 
  custom:graphics/normal-map-encoding: 01000000000000000000000000000000 -> 02000000000000000000000000000000
  custom:audio-decoder-ogg-vorbis: bf7c407c2cedff20999df2af8eb42d56 -> 
  custom:audio-encoder-webm-vorbis: bf7c407c2cedff20999df2af8eb42d56 -> 
========================================================================
Received Prepare
Registering precompiled user dll's ...
Registered in 0.005807 seconds.
Begin MonoManager ReloadAssembly
Native extension for OSXStandalone target not found
Refreshing native plugins compatible for Editor in 0.88 ms, found 4 plugins.
Preloading 0 native plugins for Editor in 0.00 ms.
2022-08-18 13:58:16.536 Unity[11846:479924] NSEventModifierFlagFunction specified to -setKeyEquivalentModifierMask: for item <NSMenuItem: 0x600003bc6c30 Quick Recording, ke='Command-F10'>, but is only supported for system-provided menu items; will not be used
2022-08-18 13:58:16.539 Unity[11846:479924] NSEventModifierFlagFunction specified to -setKeyEquivalentModifierMask: for item <NSMenuItem: 0x600003824000 Font Asset, ke='Command-F12'>, but is only supported for system-provided menu items; will not be used
Mono: successfully reloaded assembly
- Completed reload, in  1.162 seconds
Domain Reload Profiling:
	ReloadAssembly (1163ms)
		BeginReloadAssembly (98ms)
			ExecutionOrderSort (0ms)
			DisableScriptedObjects (4ms)
			BackupInstance (0ms)
			ReleaseScriptingObjects (0ms)
			CreateAndSetChildDomain (46ms)
		EndReloadAssembly (1010ms)
			LoadAssemblies (94ms)
			RebuildTransferFunctionScriptingTraits (0ms)
			SetupTypeCache (348ms)
			ReleaseScriptCaches (2ms)
			RebuildScriptCaches (77ms)
			SetupLoadedEditorAssemblies (345ms)
				LogAssemblyErrors (0ms)
				InitializePlatformSupportModulesInManaged (4ms)
				SetLoadedEditorAssemblies (0ms)
				RefreshPlugins (1ms)
				BeforeProcessingInitializeOnLoad (135ms)
				ProcessInitializeOnLoadAttributes (193ms)
				ProcessInitializeOnLoadMethodAttributes (11ms)
				AfterProcessingInitializeOnLoad (1ms)
				EditorAssembliesLoaded (0ms)
			ExecutionOrderSort2 (0ms)
			AwakeInstancesAfterBackupRestoration (6ms)
Platform modules already initialized, skipping
Switching build target platform(2) subTarget(0) extendedPlatform(0) -> platform(13) subTarget(537395200) extendedPlatform(0)
Refreshing native plugins compatible for Editor in 1.02 ms, found 4 plugins.
Preloading 0 native plugins for Editor in 0.00 ms.
Unloading 3521 Unused Serialized files (Serialized files now loaded: 0)
System memory in use before: 480.6 MB.
System memory in use after: 480.8 MB.

Unloading 23 unused Assets to reduce memory usage. Loaded Objects now: 4108.
Total: 4.378524 ms (FindLiveObjects: 0.351687 ms CreateObjectMapping: 0.133699 ms MarkObjects: 3.862770 ms  DeleteObjects: 0.028735 ms)

AssetImportParameters requested are different than current active one (requested -> active):
  custom:video-decoder-ogg-theora: a1e56fd34408186e4bbccfd4996cb3dc -> 
  custom:container-muxer-webm: aa71ff27fc2769a1b78a27578f13a17b -> 
  custom:container-demuxer-webm: 4f35f7cbe854078d1ac9338744f61a02 -> 
  custom:container-demuxer-ogg: 62fdf1f143b41e24485cea50d1cbac27 -> 
  custom:video-encoder-webm-vp8: eb34c28f22e8b96e1ab97ce403110664 -> 
  custom:framework-osx-AVFoundation: e770b220cccbd017edd2c1fefb359320 -> 
  custom:video-decoder-webm-vp8: 9c59270c3fd7afecdb556c50c9e8de78 -> 
  custom:graphics/normal-map-encoding: 01000000000000000000000000000000 -> 02000000000000000000000000000000
  custom:audio-decoder-ogg-vorbis: bf7c407c2cedff20999df2af8eb42d56 -> 
  custom:audio-encoder-webm-vorbis: bf7c407c2cedff20999df2af8eb42d56 -> 
========================================================================
Received Prepare
Registering precompiled user dll's ...
Registered in 0.009371 seconds.
Begin MonoManager ReloadAssembly
Native extension for OSXStandalone target not found
Refreshing native plugins compatible for Editor in 0.92 ms, found 4 plugins.
Preloading 0 native plugins for Editor in 0.00 ms.
2022-08-18 14:51:18.814 Unity[11846:479924] NSEventModifierFlagFunction specified to -setKeyEquivalentModifierMask: for item <NSMenuItem: 0x600003bde920 Quick Recording, ke='Command-F10'>, but is only supported for system-provided menu items; will not be used
2022-08-18 14:51:18.817 Unity[11846:479924] NSEventModifierFlagFunction specified to -setKeyEquivalentModifierMask: for item <NSMenuItem: 0x600003bd1810 Font Asset, ke='Command-F12'>, but is only supported for system-provided menu items; will not be used
Mono: successfully reloaded assembly
- Completed reload, in  1.291 seconds
Domain Reload Profiling:
	ReloadAssembly (1297ms)
		BeginReloadAssembly (189ms)
			ExecutionOrderSort (0ms)
			DisableScriptedObjects (11ms)
			BackupInstance (0ms)
			ReleaseScriptingObjects (1ms)
			CreateAndSetChildDomain (114ms)
		EndReloadAssembly (1046ms)
			LoadAssemblies (108ms)
			RebuildTransferFunctionScriptingTraits (0ms)
			SetupTypeCache (369ms)
			ReleaseScriptCaches (2ms)
			RebuildScriptCaches (73ms)
			SetupLoadedEditorAssemblies (346ms)
				LogAssemblyErrors (0ms)
				InitializePlatformSupportModulesInManaged (4ms)
				SetLoadedEditorAssemblies (0ms)
				RefreshPlugins (1ms)
				BeforeProcessingInitializeOnLoad (136ms)
				ProcessInitializeOnLoadAttributes (192ms)
				ProcessInitializeOnLoadMethodAttributes (11ms)
				AfterProcessingInitializeOnLoad (1ms)
				EditorAssembliesLoaded (0ms)
			ExecutionOrderSort2 (0ms)
			AwakeInstancesAfterBackupRestoration (6ms)
Platform modules already initialized, skipping
Switching build target platform(2) subTarget(0) extendedPlatform(0) -> platform(13) subTarget(537395200) extendedPlatform(0)
Refreshing native plugins compatible for Editor in 0.88 ms, found 4 plugins.
Preloading 0 native plugins for Editor in 0.00 ms.
Unloading 3521 Unused Serialized files (Serialized files now loaded: 0)
System memory in use before: 481.2 MB.
System memory in use after: 481.5 MB.

Unloading 23 unused Assets to reduce memory usage. Loaded Objects now: 4110.
Total: 3.114616 ms (FindLiveObjects: 0.366028 ms CreateObjectMapping: 0.118864 ms MarkObjects: 2.612496 ms  DeleteObjects: 0.016468 ms)

AssetImportParameters requested are different than current active one (requested -> active):
  custom:video-decoder-ogg-theora: a1e56fd34408186e4bbccfd4996cb3dc -> 
  custom:container-muxer-webm: aa71ff27fc2769a1b78a27578f13a17b -> 
  custom:container-demuxer-webm: 4f35f7cbe854078d1ac9338744f61a02 -> 
  custom:container-demuxer-ogg: 62fdf1f143b41e24485cea50d1cbac27 -> 
  custom:video-encoder-webm-vp8: eb34c28f22e8b96e1ab97ce403110664 -> 
  custom:framework-osx-AVFoundation: e770b220cccbd017edd2c1fefb359320 -> 
  custom:video-decoder-webm-vp8: 9c59270c3fd7afecdb556c50c9e8de78 -> 
  custom:graphics/normal-map-encoding: 01000000000000000000000000000000 -> 02000000000000000000000000000000
  custom:audio-decoder-ogg-vorbis: bf7c407c2cedff20999df2af8eb42d56 -> 
  custom:audio-encoder-webm-vorbis: bf7c407c2cedff20999df2af8eb42d56 -> 
========================================================================
Received Prepare
Registering precompiled user dll's ...
Registered in 0.009438 seconds.
Begin MonoManager ReloadAssembly
Native extension for OSXStandalone target not found
Refreshing native plugins compatible for Editor in 1.02 ms, found 4 plugins.
Preloading 0 native plugins for Editor in 0.00 ms.
2022-08-18 14:55:43.391 Unity[11846:479924] NSEventModifierFlagFunction specified to -setKeyEquivalentModifierMask: for item <NSMenuItem: 0x600003bc0850 Quick Recording, ke='Command-F10'>, but is only supported for system-provided menu items; will not be used
2022-08-18 14:55:43.394 Unity[11846:479924] NSEventModifierFlagFunction specified to -setKeyEquivalentModifierMask: for item <NSMenuItem: 0x600003bdd7a0 Font Asset, ke='Command-F12'>, but is only supported for system-provided menu items; will not be used
Mono: successfully reloaded assembly
- Completed reload, in  1.210 seconds
Domain Reload Profiling:
	ReloadAssembly (1212ms)
		BeginReloadAssembly (107ms)
			ExecutionOrderSort (0ms)
			DisableScriptedObjects (5ms)
			BackupInstance (0ms)
			ReleaseScriptingObjects (0ms)
			CreateAndSetChildDomain (51ms)
		EndReloadAssembly (1046ms)
			LoadAssemblies (103ms)
			RebuildTransferFunctionScriptingTraits (0ms)
			SetupTypeCache (363ms)
			ReleaseScriptCaches (1ms)
			RebuildScriptCaches (76ms)
			SetupLoadedEditorAssemblies (354ms)
				LogAssemblyErrors (0ms)
				InitializePlatformSupportModulesInManaged (4ms)
				SetLoadedEditorAssemblies (0ms)
				RefreshPlugins (1ms)
				BeforeProcessingInitializeOnLoad (138ms)
				ProcessInitializeOnLoadAttributes (198ms)
				ProcessInitializeOnLoadMethodAttributes (11ms)
				AfterProcessingInitializeOnLoad (1ms)
				EditorAssembliesLoaded (0ms)
			ExecutionOrderSort2 (0ms)
			AwakeInstancesAfterBackupRestoration (6ms)
Platform modules already initialized, skipping
Switching build target platform(2) subTarget(0) extendedPlatform(0) -> platform(13) subTarget(537395200) extendedPlatform(0)
Refreshing native plugins compatible for Editor in 0.95 ms, found 4 plugins.
Preloading 0 native plugins for Editor in 0.00 ms.
Unloading 3521 Unused Serialized files (Serialized files now loaded: 0)
System memory in use before: 481.5 MB.
System memory in use after: 481.7 MB.

Unloading 23 unused Assets to reduce memory usage. Loaded Objects now: 4112.
Total: 3.834060 ms (FindLiveObjects: 0.380369 ms CreateObjectMapping: 0.131226 ms MarkObjects: 3.298382 ms  DeleteObjects: 0.023341 ms)

AssetImportParameters requested are different than current active one (requested -> active):
  custom:video-decoder-ogg-theora: a1e56fd34408186e4bbccfd4996cb3dc -> 
  custom:container-muxer-webm: aa71ff27fc2769a1b78a27578f13a17b -> 
  custom:container-demuxer-webm: 4f35f7cbe854078d1ac9338744f61a02 -> 
  custom:container-demuxer-ogg: 62fdf1f143b41e24485cea50d1cbac27 -> 
  custom:video-encoder-webm-vp8: eb34c28f22e8b96e1ab97ce403110664 -> 
  custom:framework-osx-AVFoundation: e770b220cccbd017edd2c1fefb359320 -> 
  custom:video-decoder-webm-vp8: 9c59270c3fd7afecdb556c50c9e8de78 -> 
  custom:graphics/normal-map-encoding: 01000000000000000000000000000000 -> 02000000000000000000000000000000
  custom:audio-decoder-ogg-vorbis: bf7c407c2cedff20999df2af8eb42d56 -> 
  custom:audio-encoder-webm-vorbis: bf7c407c2cedff20999df2af8eb42d56 -> 
========================================================================
Received Prepare
Registering precompiled user dll's ...
Registered in 0.005192 seconds.
Begin MonoManager ReloadAssembly
Native extension for OSXStandalone target not found
Refreshing native plugins compatible for Editor in 0.88 ms, found 4 plugins.
Preloading 0 native plugins for Editor in 0.00 ms.
2022-08-18 14:58:49.934 Unity[11846:479924] NSEventModifierFlagFunction specified to -setKeyEquivalentModifierMask: for item <NSMenuItem: 0x600003bc0d90 Quick Recording, ke='Command-F10'>, but is only supported for system-provided menu items; will not be used
2022-08-18 14:58:49.937 Unity[11846:479924] NSEventModifierFlagFunction specified to -setKeyEquivalentModifierMask: for item <NSMenuItem: 0x600003814380 Font Asset, ke='Command-F12'>, but is only supported for system-provided menu items; will not be used
Mono: successfully reloaded assembly
- Completed reload, in  1.202 seconds
Domain Reload Profiling:
	ReloadAssembly (1203ms)
		BeginReloadAssembly (147ms)
			ExecutionOrderSort (0ms)
			DisableScriptedObjects (7ms)
			BackupInstance (0ms)
			ReleaseScriptingObjects (0ms)
			CreateAndSetChildDomain (82ms)
		EndReloadAssembly (1000ms)
			LoadAssemblies (74ms)
			RebuildTransferFunctionScriptingTraits (0ms)
			SetupTypeCache (364ms)
			ReleaseScriptCaches (2ms)
			RebuildScriptCaches (71ms)
			SetupLoadedEditorAssemblies (341ms)
				LogAssemblyErrors (0ms)
				InitializePlatformSupportModulesInManaged (4ms)
				SetLoadedEditorAssemblies (0ms)
				RefreshPlugins (1ms)
				BeforeProcessingInitializeOnLoad (131ms)
				ProcessInitializeOnLoadAttributes (195ms)
				ProcessInitializeOnLoadMethodAttributes (9ms)
				AfterProcessingInitializeOnLoad (1ms)
				EditorAssembliesLoaded (0ms)
			ExecutionOrderSort2 (0ms)
			AwakeInstancesAfterBackupRestoration (6ms)
Platform modules already initialized, skipping
Switching build target platform(2) subTarget(0) extendedPlatform(0) -> platform(13) subTarget(537395200) extendedPlatform(0)
Refreshing native plugins compatible for Editor in 0.88 ms, found 4 plugins.
Preloading 0 native plugins for Editor in 0.00 ms.
Unloading 3521 Unused Serialized files (Serialized files now loaded: 0)
System memory in use before: 481.7 MB.
System memory in use after: 481.9 MB.

Unloading 23 unused Assets to reduce memory usage. Loaded Objects now: 4114.
Total: 3.071367 ms (FindLiveObjects: 0.343754 ms CreateObjectMapping: 0.106416 ms MarkObjects: 2.605971 ms  DeleteObjects: 0.014625 ms)

AssetImportParameters requested are different than current active one (requested -> active):
  custom:video-decoder-ogg-theora: a1e56fd34408186e4bbccfd4996cb3dc -> 
  custom:container-muxer-webm: aa71ff27fc2769a1b78a27578f13a17b -> 
  custom:container-demuxer-webm: 4f35f7cbe854078d1ac9338744f61a02 -> 
  custom:container-demuxer-ogg: 62fdf1f143b41e24485cea50d1cbac27 -> 
  custom:video-encoder-webm-vp8: eb34c28f22e8b96e1ab97ce403110664 -> 
  custom:framework-osx-AVFoundation: e770b220cccbd017edd2c1fefb359320 -> 
  custom:video-decoder-webm-vp8: 9c59270c3fd7afecdb556c50c9e8de78 -> 
  custom:graphics/normal-map-encoding: 01000000000000000000000000000000 -> 02000000000000000000000000000000
  custom:audio-decoder-ogg-vorbis: bf7c407c2cedff20999df2af8eb42d56 -> 
  custom:audio-encoder-webm-vorbis: bf7c407c2cedff20999df2af8eb42d56 -> 
========================================================================
Received Prepare
Registering precompiled user dll's ...
Registered in 0.011047 seconds.
Begin MonoManager ReloadAssembly
Native extension for OSXStandalone target not found
Refreshing native plugins compatible for Editor in 0.88 ms, found 4 plugins.
Preloading 0 native plugins for Editor in 0.00 ms.
2022-08-18 14:59:17.529 Unity[11846:479924] NSEventModifierFlagFunction specified to -setKeyEquivalentModifierMask: for item <NSMenuItem: 0x600003bdd3b0 Quick Recording, ke='Command-F10'>, but is only supported for system-provided menu items; will not be used
2022-08-18 14:59:17.531 Unity[11846:479924] NSEventModifierFlagFunction specified to -setKeyEquivalentModifierMask: for item <NSMenuItem: 0x600003bd90a0 Font Asset, ke='Command-F12'>, but is only supported for system-provided menu items; will not be used
Mono: successfully reloaded assembly
- Completed reload, in  1.151 seconds
Domain Reload Profiling:
	ReloadAssembly (1151ms)
		BeginReloadAssembly (100ms)
			ExecutionOrderSort (0ms)
			DisableScriptedObjects (4ms)
			BackupInstance (0ms)
			ReleaseScriptingObjects (0ms)
			CreateAndSetChildDomain (48ms)
		EndReloadAssembly (998ms)
			LoadAssemblies (105ms)
			RebuildTransferFunctionScriptingTraits (0ms)
			SetupTypeCache (343ms)
			ReleaseScriptCaches (1ms)
			RebuildScriptCaches (71ms)
			SetupLoadedEditorAssemblies (335ms)
				LogAssemblyErrors (0ms)
				InitializePlatformSupportModulesInManaged (4ms)
				SetLoadedEditorAssemblies (0ms)
				RefreshPlugins (1ms)
				BeforeProcessingInitializeOnLoad (131ms)
				ProcessInitializeOnLoadAttributes (188ms)
				ProcessInitializeOnLoadMethodAttributes (10ms)
				AfterProcessingInitializeOnLoad (1ms)
				EditorAssembliesLoaded (0ms)
			ExecutionOrderSort2 (0ms)
			AwakeInstancesAfterBackupRestoration (6ms)
Platform modules already initialized, skipping
Switching build target platform(2) subTarget(0) extendedPlatform(0) -> platform(13) subTarget(537395200) extendedPlatform(0)
Refreshing native plugins compatible for Editor in 0.90 ms, found 4 plugins.
Preloading 0 native plugins for Editor in 0.00 ms.
Unloading 3521 Unused Serialized files (Serialized files now loaded: 0)
System memory in use before: 481.9 MB.
System memory in use after: 482.2 MB.

Unloading 23 unused Assets to reduce memory usage. Loaded Objects now: 4116.
Total: 3.480940 ms (FindLiveObjects: 0.387211 ms CreateObjectMapping: 0.115695 ms MarkObjects: 2.947025 ms  DeleteObjects: 0.030248 ms)

AssetImportParameters requested are different than current active one (requested -> active):
  custom:video-decoder-ogg-theora: a1e56fd34408186e4bbccfd4996cb3dc -> 
  custom:container-muxer-webm: aa71ff27fc2769a1b78a27578f13a17b -> 
  custom:container-demuxer-webm: 4f35f7cbe854078d1ac9338744f61a02 -> 
  custom:container-demuxer-ogg: 62fdf1f143b41e24485cea50d1cbac27 -> 
  custom:video-encoder-webm-vp8: eb34c28f22e8b96e1ab97ce403110664 -> 
  custom:framework-osx-AVFoundation: e770b220cccbd017edd2c1fefb359320 -> 
  custom:video-decoder-webm-vp8: 9c59270c3fd7afecdb556c50c9e8de78 -> 
  custom:graphics/normal-map-encoding: 01000000000000000000000000000000 -> 02000000000000000000000000000000
  custom:audio-decoder-ogg-vorbis: bf7c407c2cedff20999df2af8eb42d56 -> 
  custom:audio-encoder-webm-vorbis: bf7c407c2cedff20999df2af8eb42d56 -> 
========================================================================
Received Prepare
Registering precompiled user dll's ...
Registered in 0.007327 seconds.
Begin MonoManager ReloadAssembly
Native extension for OSXStandalone target not found
Refreshing native plugins compatible for Editor in 1.12 ms, found 4 plugins.
Preloading 0 native plugins for Editor in 0.00 ms.
2022-08-18 15:00:46.594 Unity[11846:479924] NSEventModifierFlagFunction specified to -setKeyEquivalentModifierMask: for item <NSMenuItem: 0x600003bc7f00 Quick Recording, ke='Command-F10'>, but is only supported for system-provided menu items; will not be used
2022-08-18 15:00:46.596 Unity[11846:479924] NSEventModifierFlagFunction specified to -setKeyEquivalentModifierMask: for item <NSMenuItem: 0x6000038d2fb0 Font Asset, ke='Command-F12'>, but is only supported for system-provided menu items; will not be used
Mono: successfully reloaded assembly
- Completed reload, in  1.151 seconds
Domain Reload Profiling:
	ReloadAssembly (1151ms)
		BeginReloadAssembly (97ms)
			ExecutionOrderSort (0ms)
			DisableScriptedObjects (4ms)
			BackupInstance (0ms)
			ReleaseScriptingObjects (0ms)
			CreateAndSetChildDomain (46ms)
		EndReloadAssembly (1000ms)
			LoadAssemblies (97ms)
			RebuildTransferFunctionScriptingTraits (0ms)
			SetupTypeCache (346ms)
			ReleaseScriptCaches (1ms)
			RebuildScriptCaches (73ms)
			SetupLoadedEditorAssemblies (340ms)
				LogAssemblyErrors (0ms)
				InitializePlatformSupportModulesInManaged (4ms)
				SetLoadedEditorAssemblies (0ms)
				RefreshPlugins (1ms)
				BeforeProcessingInitializeOnLoad (133ms)
				ProcessInitializeOnLoadAttributes (190ms)
				ProcessInitializeOnLoadMethodAttributes (11ms)
				AfterProcessingInitializeOnLoad (1ms)
				EditorAssembliesLoaded (0ms)
			ExecutionOrderSort2 (0ms)
			AwakeInstancesAfterBackupRestoration (6ms)
Platform modules already initialized, skipping
Switching build target platform(2) subTarget(0) extendedPlatform(0) -> platform(13) subTarget(537395200) extendedPlatform(0)
Refreshing native plugins compatible for Editor in 0.87 ms, found 4 plugins.
Preloading 0 native plugins for Editor in 0.00 ms.
Unloading 3521 Unused Serialized files (Serialized files now loaded: 0)
System memory in use before: 482.1 MB.
System memory in use after: 482.4 MB.

Unloading 23 unused Assets to reduce memory usage. Loaded Objects now: 4118.
Total: 3.071129 ms (FindLiveObjects: 0.314686 ms CreateObjectMapping: 0.119749 ms MarkObjects: 2.620366 ms  DeleteObjects: 0.015373 ms)

AssetImportParameters requested are different than current active one (requested -> active):
  custom:video-decoder-ogg-theora: a1e56fd34408186e4bbccfd4996cb3dc -> 
  custom:container-muxer-webm: aa71ff27fc2769a1b78a27578f13a17b -> 
  custom:container-demuxer-webm: 4f35f7cbe854078d1ac9338744f61a02 -> 
  custom:container-demuxer-ogg: 62fdf1f143b41e24485cea50d1cbac27 -> 
  custom:video-encoder-webm-vp8: eb34c28f22e8b96e1ab97ce403110664 -> 
  custom:framework-osx-AVFoundation: e770b220cccbd017edd2c1fefb359320 -> 
  custom:video-decoder-webm-vp8: 9c59270c3fd7afecdb556c50c9e8de78 -> 
  custom:graphics/normal-map-encoding: 01000000000000000000000000000000 -> 02000000000000000000000000000000
  custom:audio-decoder-ogg-vorbis: bf7c407c2cedff20999df2af8eb42d56 -> 
  custom:audio-encoder-webm-vorbis: bf7c407c2cedff20999df2af8eb42d56 -> 
========================================================================
Received Prepare
Registering precompiled user dll's ...
Registered in 0.009624 seconds.
Begin MonoManager ReloadAssembly
Native extension for OSXStandalone target not found
Refreshing native plugins compatible for Editor in 1.19 ms, found 4 plugins.
Preloading 0 native plugins for Editor in 0.00 ms.
2022-08-18 15:05:33.596 Unity[11846:479924] NSEventModifierFlagFunction specified to -setKeyEquivalentModifierMask: for item <NSMenuItem: 0x600003bdb4f0 Quick Recording, ke='Command-F10'>, but is only supported for system-provided menu items; will not be used
2022-08-18 15:05:33.599 Unity[11846:479924] NSEventModifierFlagFunction specified to -setKeyEquivalentModifierMask: for item <NSMenuItem: 0x600003bc1180 Font Asset, ke='Command-F12'>, but is only supported for system-provided menu items; will not be used
Mono: successfully reloaded assembly
- Completed reload, in  1.395 seconds
Domain Reload Profiling:
	ReloadAssembly (1395ms)
		BeginReloadAssembly (151ms)
			ExecutionOrderSort (0ms)
			DisableScriptedObjects (8ms)
			BackupInstance (0ms)
			ReleaseScriptingObjects (3ms)
			CreateAndSetChildDomain (80ms)
		EndReloadAssembly (1189ms)
			LoadAssemblies (121ms)
			RebuildTransferFunctionScriptingTraits (0ms)
			SetupTypeCache (443ms)
			ReleaseScriptCaches (2ms)
			RebuildScriptCaches (77ms)
			SetupLoadedEditorAssemblies (376ms)
				LogAssemblyErrors (0ms)
				InitializePlatformSupportModulesInManaged (4ms)
				SetLoadedEditorAssemblies (1ms)
				RefreshPlugins (1ms)
				BeforeProcessingInitializeOnLoad (141ms)
				ProcessInitializeOnLoadAttributes (208ms)
				ProcessInitializeOnLoadMethodAttributes (18ms)
				AfterProcessingInitializeOnLoad (2ms)
				EditorAssembliesLoaded (0ms)
			ExecutionOrderSort2 (0ms)
			AwakeInstancesAfterBackupRestoration (6ms)
Platform modules already initialized, skipping
Switching build target platform(2) subTarget(0) extendedPlatform(0) -> platform(13) subTarget(537395200) extendedPlatform(0)
Refreshing native plugins compatible for Editor in 0.94 ms, found 4 plugins.
Preloading 0 native plugins for Editor in 0.00 ms.
Unloading 3521 Unused Serialized files (Serialized files now loaded: 0)
System memory in use before: 482.4 MB.
System memory in use after: 482.6 MB.

Unloading 23 unused Assets to reduce memory usage. Loaded Objects now: 4120.
Total: 3.818203 ms (FindLiveObjects: 0.376401 ms CreateObjectMapping: 0.127677 ms MarkObjects: 3.290636 ms  DeleteObjects: 0.022705 ms)

AssetImportParameters requested are different than current active one (requested -> active):
  custom:video-decoder-ogg-theora: a1e56fd34408186e4bbccfd4996cb3dc -> 
  custom:container-muxer-webm: aa71ff27fc2769a1b78a27578f13a17b -> 
  custom:container-demuxer-webm: 4f35f7cbe854078d1ac9338744f61a02 -> 
  custom:container-demuxer-ogg: 62fdf1f143b41e24485cea50d1cbac27 -> 
  custom:video-encoder-webm-vp8: eb34c28f22e8b96e1ab97ce403110664 -> 
  custom:framework-osx-AVFoundation: e770b220cccbd017edd2c1fefb359320 -> 
  custom:video-decoder-webm-vp8: 9c59270c3fd7afecdb556c50c9e8de78 -> 
  custom:graphics/normal-map-encoding: 01000000000000000000000000000000 -> 02000000000000000000000000000000
  custom:audio-decoder-ogg-vorbis: bf7c407c2cedff20999df2af8eb42d56 -> 
  custom:audio-encoder-webm-vorbis: bf7c407c2cedff20999df2af8eb42d56 -> 
========================================================================
Received Import Request.
  Time since last request: 4906.592279 seconds.
  path: Assets/TimeMachine/Graphics/Models/oil-barrel
  artifactKey: Guid(bf1259e486fb24734bf28cd039dc21cf) Importer(815301076,1909f56bfc062723c751e8b465ee728b)
Start importing Assets/TimeMachine/Graphics/Models/oil-barrel using Guid(bf1259e486fb24734bf28cd039dc21cf) Importer(815301076,1909f56bfc062723c751e8b465ee728b)  -> (artifact id: 'f9d31ac2e0b81f2a30fb041ee966b1e2') in 0.065598 seconds 
  Import took 0.100272 seconds .

========================================================================
Received Import Request.
  Time since last request: 1.040019 seconds.
  path: Assets/TimeMachine/Graphics/Models/oil-barrel/source
  artifactKey: Guid(110588041fd5e41d7bce13434952f9e2) Importer(815301076,1909f56bfc062723c751e8b465ee728b)
Start importing Assets/TimeMachine/Graphics/Models/oil-barrel/source using Guid(110588041fd5e41d7bce13434952f9e2) Importer(815301076,1909f56bfc062723c751e8b465ee728b)  -> (artifact id: '786ffd92029d722432113bcbf76f4086') in 0.001403 seconds 
  Import took 0.006673 seconds .

========================================================================
Received Import Request.
  Time since last request: 25.517006 seconds.
  path: Assets/TimeMachine/Graphics/Models/oil barrel
  artifactKey: Guid(eb620dc3196a142199f2ed4239d71b83) Importer(815301076,1909f56bfc062723c751e8b465ee728b)
Start importing Assets/TimeMachine/Graphics/Models/oil barrel using Guid(eb620dc3196a142199f2ed4239d71b83) Importer(815301076,1909f56bfc062723c751e8b465ee728b)  -> (artifact id: '5972beeb413488a166270f871037e8c3') in 0.006383 seconds 
  Import took 0.011796 seconds .

========================================================================
Received Import Request.
  Time since last request: 76.972731 seconds.
  path: Assets/TimeMachine/Graphics/Models/oil barrel/Textures
  artifactKey: Guid(040484ca40ea040159cbf903ab30a3ca) Importer(815301076,1909f56bfc062723c751e8b465ee728b)
Start importing Assets/TimeMachine/Graphics/Models/oil barrel/Textures using Guid(040484ca40ea040159cbf903ab30a3ca) Importer(815301076,1909f56bfc062723c751e8b465ee728b)  -> (artifact id: '6a2b768c933de62717cbd7d9ba40fc38') in 0.001678 seconds 
  Import took 0.006800 seconds .

AssetImportWorkerClient::OnTransportError - code=2 error=End of file
